**************************************
  Name: EverydayWorkService
  Created at: 07/12/2022 16:38:43
**************************************

07/12/2022 20:43:00 | Init() - service has started..
07/12/2022 20:43:00 | run() / Client[62f78f2127cd91b2f3f8067b] - ❌ - write exception: write errors: [E11000 duplicate key error collection: bizhubdb.everyday_work index: employee_id_1_date_1 dup key: { employee_id: ObjectId('634953687b6c880894a95917'), date: new Date(1670371200000) }]
07/12/2022 20:43:00 | run() / Client[62f78f2127cd91b2f3f8067b] - ❌ - write exception: write errors: [E11000 duplicate key error collection: bizhubdb.everyday_work index: employee_id_1_date_1 dup key: { employee_id: ObjectId('62f8fe54dcb5dbfcfd9fe9d9'), date: new Date(1670371200000) }]
07/12/2022 20:43:00 | run() / Client[62f78f2127cd91b2f3f8067b] - ❌ - write exception: write errors: [E11000 duplicate key error collection: bizhubdb.everyday_work index: employee_id_1_date_1 dup key: { employee_id: ObjectId('62f90631dcb5dbfcfd9fe9fa'), date: new Date(1670371200000) }]
07/12/2022 20:43:00 | run() / Client[62f78f2127cd91b2f3f8067b] - ❌ - write exception: write errors: [E11000 duplicate key error collection: bizhubdb.everyday_work index: employee_id_1_date_1 dup key: { employee_id: ObjectId('62f78f2127cd91b2f3f8067b'), date: new Date(1670371200000) }]
07/12/2022 20:43:00 | run() / Client[62f78f2127cd91b2f3f8067b] - ❌ - write exception: write errors: [E11000 duplicate key error collection: bizhubdb.everyday_work index: employee_id_1_date_1 dup key: { employee_id: ObjectId('6363b198cc9b30d51328b5d6'), date: new Date(1670371200000) }]
07/12/2022 20:43:00 | run() / Client[62f78f2127cd91b2f3f8067b] - ❌ - write exception: write errors: [E11000 duplicate key error collection: bizhubdb.everyday_work index: employee_id_1_date_1 dup key: { employee_id: ObjectId('635fe67f98f863c36db9b23a'), date: new Date(1670371200000) }]
07/12/2022 20:43:00 | run() / Client[62f78f2127cd91b2f3f8067b] - ❌ - write exception: write errors: [E11000 duplicate key error collection: bizhubdb.everyday_work index: employee_id_1_date_1 dup key: { employee_id: ObjectId('62f8febedcb5dbfcfd9fe9da'), date: new Date(1670371200000) }]
07/12/2022 20:43:00 | run() / Client[62f78f2127cd91b2f3f8067b] - ❌ - write exception: write errors: [E11000 duplicate key error collection: bizhubdb.everyday_work index: employee_id_1_date_1 dup key: { employee_id: ObjectId('62f8ff1adcb5dbfcfd9fe9db'), date: new Date(1670371200000) }]
07/12/2022 20:43:00 | run() / Client[62f78f2127cd91b2f3f8067b] - ❌ - write exception: write errors: [E11000 duplicate key error collection: bizhubdb.everyday_work index: employee_id_1_date_1 dup key: { employee_id: ObjectId('63750553a5095e5050d87458'), date: new Date(1670371200000) }]
07/12/2022 20:43:00 | run() / Client[62f78f2127cd91b2f3f8067b] - ❌ - write exception: write errors: [E11000 duplicate key error collection: bizhubdb.everyday_work index: employee_id_1_date_1 dup key: { employee_id: ObjectId('637503640a247da0324d3f45'), date: new Date(1670371200000) }]
07/12/2022 20:43:00 | run() / Client[62f78f2127cd91b2f3f8067b] - ❌ - write exception: write errors: [E11000 duplicate key error collection: bizhubdb.everyday_work index: employee_id_1_date_1 dup key: { employee_id: ObjectId('63750c6572a8cc66a13e91b2'), date: new Date(1670371200000) }]
07/12/2022 20:43:00 | run() / Client[62f78f2127cd91b2f3f8067b] - ❌ - write exception: write errors: [E11000 duplicate key error collection: bizhubdb.everyday_work index: employee_id_1_date_1 dup key: { employee_id: ObjectId('6378f4b6d7a4d79500c3c165'), date: new Date(1670371200000) }]
07/12/2022 20:43:23 | Init() - service has started..
07/12/2022 20:43:23 | run() / Client[62f78f2127cd91b2f3f8067b] - ❌ - write exception: write errors: [E11000 duplicate key error collection: bizhubdb.everyday_work index: employee_id_1_date_1 dup key: { employee_id: ObjectId('6363b198cc9b30d51328b5d6'), date: new Date(1670371200000) }]
07/12/2022 20:43:23 | run() / Client[62f78f2127cd91b2f3f8067b] - ❌ - write exception: write errors: [E11000 duplicate key error collection: bizhubdb.everyday_work index: employee_id_1_date_1 dup key: { employee_id: ObjectId('635fe67f98f863c36db9b23a'), date: new Date(1670371200000) }]
07/12/2022 20:43:23 | run() / Client[62f78f2127cd91b2f3f8067b] - ❌ - write exception: write errors: [E11000 duplicate key error collection: bizhubdb.everyday_work index: employee_id_1_date_1 dup key: { employee_id: ObjectId('62f8febedcb5dbfcfd9fe9da'), date: new Date(1670371200000) }]
07/12/2022 20:43:23 | run() / Client[62f78f2127cd91b2f3f8067b] - ❌ - write exception: write errors: [E11000 duplicate key error collection: bizhubdb.everyday_work index: employee_id_1_date_1 dup key: { employee_id: ObjectId('62f78f2127cd91b2f3f8067b'), date: new Date(1670371200000) }]
07/12/2022 20:43:23 | run() / Client[62f78f2127cd91b2f3f8067b] - ❌ - write exception: write errors: [E11000 duplicate key error collection: bizhubdb.everyday_work index: employee_id_1_date_1 dup key: { employee_id: ObjectId('62f8ff1adcb5dbfcfd9fe9db'), date: new Date(1670371200000) }]
07/12/2022 20:43:23 | run() / Client[62f78f2127cd91b2f3f8067b] - ❌ - write exception: write errors: [E11000 duplicate key error collection: bizhubdb.everyday_work index: employee_id_1_date_1 dup key: { employee_id: ObjectId('62f90631dcb5dbfcfd9fe9fa'), date: new Date(1670371200000) }]
07/12/2022 20:43:23 | run() / Client[62f78f2127cd91b2f3f8067b] - ❌ - write exception: write errors: [E11000 duplicate key error collection: bizhubdb.everyday_work index: employee_id_1_date_1 dup key: { employee_id: ObjectId('634953687b6c880894a95917'), date: new Date(1670371200000) }]
07/12/2022 20:43:23 | run() / Client[62f78f2127cd91b2f3f8067b] - ❌ - write exception: write errors: [E11000 duplicate key error collection: bizhubdb.everyday_work index: employee_id_1_date_1 dup key: { employee_id: ObjectId('63750553a5095e5050d87458'), date: new Date(1670371200000) }]
07/12/2022 20:43:23 | run() / Client[62f78f2127cd91b2f3f8067b] - ❌ - write exception: write errors: [E11000 duplicate key error collection: bizhubdb.everyday_work index: employee_id_1_date_1 dup key: { employee_id: ObjectId('637503640a247da0324d3f45'), date: new Date(1670371200000) }]
07/12/2022 20:43:23 | run() / Client[62f78f2127cd91b2f3f8067b] - ❌ - write exception: write errors: [E11000 duplicate key error collection: bizhubdb.everyday_work index: employee_id_1_date_1 dup key: { employee_id: ObjectId('62f8fe54dcb5dbfcfd9fe9d9'), date: new Date(1670371200000) }]
07/12/2022 20:43:23 | run() / Client[62f78f2127cd91b2f3f8067b] - ❌ - write exception: write errors: [E11000 duplicate key error collection: bizhubdb.everyday_work index: employee_id_1_date_1 dup key: { employee_id: ObjectId('63750c6572a8cc66a13e91b2'), date: new Date(1670371200000) }]
07/12/2022 20:43:23 | run() / Client[62f78f2127cd91b2f3f8067b] - ❌ - write exception: write errors: [E11000 duplicate key error collection: bizhubdb.everyday_work index: employee_id_1_date_1 dup key: { employee_id: ObjectId('6378f4b6d7a4d79500c3c165'), date: new Date(1670371200000) }]
07/12/2022 20:44:59 | Init() - service has started..
07/12/2022 20:53:36 | Init() - service has started..
07/12/2022 20:53:36 | checkDocument() / Client[62f8fe54dcb5dbfcfd9fe9d9] - ❌ - write exception: write errors: [E11000 duplicate key error collection: bizhubdb.everyday_work index: employee_id_1_date_1 dup key: { employee_id: ObjectId('634953687b6c880894a95917'), date: new Date(1670371200000) }]
07/12/2022 20:53:36 | checkDocument() / Client[62f8fe54dcb5dbfcfd9fe9d9] - ❌ - write exception: write errors: [E11000 duplicate key error collection: bizhubdb.everyday_work index: employee_id_1_date_1 dup key: { employee_id: ObjectId('6363b198cc9b30d51328b5d6'), date: new Date(1670371200000) }]
07/12/2022 20:53:36 | checkDocument() / Client[62f8fe54dcb5dbfcfd9fe9d9] - ❌ - write exception: write errors: [E11000 duplicate key error collection: bizhubdb.everyday_work index: employee_id_1_date_1 dup key: { employee_id: ObjectId('62f8fe54dcb5dbfcfd9fe9d9'), date: new Date(1670371200000) }]
07/12/2022 20:53:36 | checkDocument() / Client[62f8fe54dcb5dbfcfd9fe9d9] - ❌ - write exception: write errors: [E11000 duplicate key error collection: bizhubdb.everyday_work index: employee_id_1_date_1 dup key: { employee_id: ObjectId('63750553a5095e5050d87458'), date: new Date(1670371200000) }]
07/12/2022 20:53:36 | checkDocument() / Client[62f8fe54dcb5dbfcfd9fe9d9] - ❌ - write exception: write errors: [E11000 duplicate key error collection: bizhubdb.everyday_work index: employee_id_1_date_1 dup key: { employee_id: ObjectId('637503640a247da0324d3f45'), date: new Date(1670371200000) }]
07/12/2022 20:53:36 | checkDocument() / Client[62f8fe54dcb5dbfcfd9fe9d9] - ❌ - write exception: write errors: [E11000 duplicate key error collection: bizhubdb.everyday_work index: employee_id_1_date_1 dup key: { employee_id: ObjectId('62f78f2127cd91b2f3f8067b'), date: new Date(1670371200000) }]
07/12/2022 20:53:36 | checkDocument() / Client[62f8fe54dcb5dbfcfd9fe9d9] - ❌ - write exception: write errors: [E11000 duplicate key error collection: bizhubdb.everyday_work index: employee_id_1_date_1 dup key: { employee_id: ObjectId('62f90631dcb5dbfcfd9fe9fa'), date: new Date(1670371200000) }]
07/12/2022 20:53:36 | checkDocument() / Client[62f8fe54dcb5dbfcfd9fe9d9] - ❌ - write exception: write errors: [E11000 duplicate key error collection: bizhubdb.everyday_work index: employee_id_1_date_1 dup key: { employee_id: ObjectId('63750c6572a8cc66a13e91b2'), date: new Date(1670371200000) }]
07/12/2022 20:53:36 | checkDocument() / Client[62f8fe54dcb5dbfcfd9fe9d9] - ❌ - write exception: write errors: [E11000 duplicate key error collection: bizhubdb.everyday_work index: employee_id_1_date_1 dup key: { employee_id: ObjectId('62f8febedcb5dbfcfd9fe9da'), date: new Date(1670371200000) }]
07/12/2022 20:53:36 | checkDocument() / Client[62f8fe54dcb5dbfcfd9fe9d9] - ❌ - write exception: write errors: [E11000 duplicate key error collection: bizhubdb.everyday_work index: employee_id_1_date_1 dup key: { employee_id: ObjectId('6378f4b6d7a4d79500c3c165'), date: new Date(1670371200000) }]
07/12/2022 20:53:36 | checkDocument() / Client[62f8fe54dcb5dbfcfd9fe9d9] - ❌ - write exception: write errors: [E11000 duplicate key error collection: bizhubdb.everyday_work index: employee_id_1_date_1 dup key: { employee_id: ObjectId('635fe67f98f863c36db9b23a'), date: new Date(1670371200000) }]
07/12/2022 20:53:36 | checkDocument() / Client[62f8fe54dcb5dbfcfd9fe9d9] - ❌ - write exception: write errors: [E11000 duplicate key error collection: bizhubdb.everyday_work index: employee_id_1_date_1 dup key: { employee_id: ObjectId('62f8ff1adcb5dbfcfd9fe9db'), date: new Date(1670371200000) }]
07/12/2022 20:54:55 | Init() - service has started..
07/12/2022 20:54:55 | checkDocument() / Client[62f78f2127cd91b2f3f8067b] - ❌ - write exception: write errors: [E11000 duplicate key error collection: bizhubdb.everyday_work index: employee_id_1_date_1 dup key: { employee_id: ObjectId('62f90631dcb5dbfcfd9fe9fa'), date: new Date(1670371200000) }]
07/12/2022 20:54:55 | checkDocument() / Client[62f78f2127cd91b2f3f8067b] - ❌ - write exception: write errors: [E11000 duplicate key error collection: bizhubdb.everyday_work index: employee_id_1_date_1 dup key: { employee_id: ObjectId('6363b198cc9b30d51328b5d6'), date: new Date(1670371200000) }]
07/12/2022 20:54:55 | checkDocument() / Client[62f78f2127cd91b2f3f8067b] - ❌ - write exception: write errors: [E11000 duplicate key error collection: bizhubdb.everyday_work index: employee_id_1_date_1 dup key: { employee_id: ObjectId('635fe67f98f863c36db9b23a'), date: new Date(1670371200000) }]
07/12/2022 20:54:55 | checkDocument() / Client[62f78f2127cd91b2f3f8067b] - ❌ - write exception: write errors: [E11000 duplicate key error collection: bizhubdb.everyday_work index: employee_id_1_date_1 dup key: { employee_id: ObjectId('634953687b6c880894a95917'), date: new Date(1670371200000) }]
07/12/2022 20:54:55 | checkDocument() / Client[62f78f2127cd91b2f3f8067b] - ❌ - write exception: write errors: [E11000 duplicate key error collection: bizhubdb.everyday_work index: employee_id_1_date_1 dup key: { employee_id: ObjectId('62f8fe54dcb5dbfcfd9fe9d9'), date: new Date(1670371200000) }]
07/12/2022 20:54:55 | checkDocument() / Client[62f78f2127cd91b2f3f8067b] - ❌ - write exception: write errors: [E11000 duplicate key error collection: bizhubdb.everyday_work index: employee_id_1_date_1 dup key: { employee_id: ObjectId('63750553a5095e5050d87458'), date: new Date(1670371200000) }]
07/12/2022 20:54:55 | checkDocument() / Client[62f78f2127cd91b2f3f8067b] - ❌ - write exception: write errors: [E11000 duplicate key error collection: bizhubdb.everyday_work index: employee_id_1_date_1 dup key: { employee_id: ObjectId('637503640a247da0324d3f45'), date: new Date(1670371200000) }]
07/12/2022 20:54:55 | checkDocument() / Client[62f78f2127cd91b2f3f8067b] - ❌ - write exception: write errors: [E11000 duplicate key error collection: bizhubdb.everyday_work index: employee_id_1_date_1 dup key: { employee_id: ObjectId('62f8ff1adcb5dbfcfd9fe9db'), date: new Date(1670371200000) }]
07/12/2022 20:54:55 | checkDocument() / Client[62f78f2127cd91b2f3f8067b] - ❌ - write exception: write errors: [E11000 duplicate key error collection: bizhubdb.everyday_work index: employee_id_1_date_1 dup key: { employee_id: ObjectId('62f8febedcb5dbfcfd9fe9da'), date: new Date(1670371200000) }]
07/12/2022 20:54:55 | checkDocument() / Client[62f78f2127cd91b2f3f8067b] - ❌ - write exception: write errors: [E11000 duplicate key error collection: bizhubdb.everyday_work index: employee_id_1_date_1 dup key: { employee_id: ObjectId('62f78f2127cd91b2f3f8067b'), date: new Date(1670371200000) }]
07/12/2022 20:54:55 | checkDocument() / Client[62f78f2127cd91b2f3f8067b] - ❌ - write exception: write errors: [E11000 duplicate key error collection: bizhubdb.everyday_work index: employee_id_1_date_1 dup key: { employee_id: ObjectId('63750c6572a8cc66a13e91b2'), date: new Date(1670371200000) }]
07/12/2022 20:54:55 | checkDocument() / Client[62f78f2127cd91b2f3f8067b] - ❌ - write exception: write errors: [E11000 duplicate key error collection: bizhubdb.everyday_work index: employee_id_1_date_1 dup key: { employee_id: ObjectId('6378f4b6d7a4d79500c3c165'), date: new Date(1670371200000) }]
07/12/2022 20:56:32 | Init() - service has started..
07/12/2022 20:56:32 | checkDocument() / Client[62f78f2127cd91b2f3f8067b] - date: 2022-12-07 00:00:00 +0000 UTC
07/12/2022 20:56:32 | checkDocument() / Client[62f78f2127cd91b2f3f8067b] - date: 2022-12-07 00:00:00 +0000 UTC
07/12/2022 20:56:32 | checkDocument() / Client[62f78f2127cd91b2f3f8067b] - date: 2022-12-07 00:00:00 +0000 UTC
07/12/2022 20:56:32 | checkDocument() / Client[62f78f2127cd91b2f3f8067b] - date: 2022-12-07 00:00:00 +0000 UTC
07/12/2022 20:56:32 | checkDocument() / Client[62f78f2127cd91b2f3f8067b] - date: 2022-12-07 00:00:00 +0000 UTC
07/12/2022 20:56:32 | checkDocument() / Client[62f78f2127cd91b2f3f8067b] - date: 2022-12-07 00:00:00 +0000 UTC
07/12/2022 20:56:32 | checkDocument() / Client[62f78f2127cd91b2f3f8067b] - date: 2022-12-07 00:00:00 +0000 UTC
07/12/2022 20:56:32 | checkDocument() / Client[62f78f2127cd91b2f3f8067b] - date: 2022-12-07 00:00:00 +0000 UTC
07/12/2022 20:56:32 | checkDocument() / Client[62f78f2127cd91b2f3f8067b] - date: 2022-12-07 00:00:00 +0000 UTC
07/12/2022 20:56:32 | checkDocument() / Client[62f78f2127cd91b2f3f8067b] - date: 2022-12-07 00:00:00 +0000 UTC
07/12/2022 20:56:32 | checkDocument() / Client[62f78f2127cd91b2f3f8067b] - date: 2022-12-07 00:00:00 +0000 UTC
07/12/2022 20:56:32 | checkDocument() / Client[62f78f2127cd91b2f3f8067b] - date: 2022-12-07 00:00:00 +0000 UTC
07/12/2022 20:56:32 | checkDocument() / Client[62f78f2127cd91b2f3f8067b] - ❌ - write exception: write errors: [E11000 duplicate key error collection: bizhubdb.everyday_work index: employee_id_1_date_1 dup key: { employee_id: ObjectId('62f78f2127cd91b2f3f8067b'), date: new Date(1670371200000) }]
07/12/2022 20:56:32 | checkDocument() / Client[62f78f2127cd91b2f3f8067b] - ❌ - write exception: write errors: [E11000 duplicate key error collection: bizhubdb.everyday_work index: employee_id_1_date_1 dup key: { employee_id: ObjectId('62f90631dcb5dbfcfd9fe9fa'), date: new Date(1670371200000) }]
07/12/2022 20:56:32 | checkDocument() / Client[62f78f2127cd91b2f3f8067b] - ❌ - write exception: write errors: [E11000 duplicate key error collection: bizhubdb.everyday_work index: employee_id_1_date_1 dup key: { employee_id: ObjectId('6378f4b6d7a4d79500c3c165'), date: new Date(1670371200000) }]
07/12/2022 20:56:32 | checkDocument() / Client[62f78f2127cd91b2f3f8067b] - ❌ - write exception: write errors: [E11000 duplicate key error collection: bizhubdb.everyday_work index: employee_id_1_date_1 dup key: { employee_id: ObjectId('63750553a5095e5050d87458'), date: new Date(1670371200000) }]
07/12/2022 20:56:32 | checkDocument() / Client[62f78f2127cd91b2f3f8067b] - ❌ - write exception: write errors: [E11000 duplicate key error collection: bizhubdb.everyday_work index: employee_id_1_date_1 dup key: { employee_id: ObjectId('6363b198cc9b30d51328b5d6'), date: new Date(1670371200000) }]
07/12/2022 20:56:32 | checkDocument() / Client[62f78f2127cd91b2f3f8067b] - ❌ - write exception: write errors: [E11000 duplicate key error collection: bizhubdb.everyday_work index: employee_id_1_date_1 dup key: { employee_id: ObjectId('635fe67f98f863c36db9b23a'), date: new Date(1670371200000) }]
07/12/2022 20:56:32 | checkDocument() / Client[62f78f2127cd91b2f3f8067b] - ❌ - write exception: write errors: [E11000 duplicate key error collection: bizhubdb.everyday_work index: employee_id_1_date_1 dup key: { employee_id: ObjectId('634953687b6c880894a95917'), date: new Date(1670371200000) }]
07/12/2022 20:56:32 | checkDocument() / Client[62f78f2127cd91b2f3f8067b] - ❌ - write exception: write errors: [E11000 duplicate key error collection: bizhubdb.everyday_work index: employee_id_1_date_1 dup key: { employee_id: ObjectId('62f8fe54dcb5dbfcfd9fe9d9'), date: new Date(1670371200000) }]
07/12/2022 20:56:32 | checkDocument() / Client[62f78f2127cd91b2f3f8067b] - ❌ - write exception: write errors: [E11000 duplicate key error collection: bizhubdb.everyday_work index: employee_id_1_date_1 dup key: { employee_id: ObjectId('62f8ff1adcb5dbfcfd9fe9db'), date: new Date(1670371200000) }]
07/12/2022 20:56:32 | checkDocument() / Client[62f78f2127cd91b2f3f8067b] - ❌ - write exception: write errors: [E11000 duplicate key error collection: bizhubdb.everyday_work index: employee_id_1_date_1 dup key: { employee_id: ObjectId('62f8febedcb5dbfcfd9fe9da'), date: new Date(1670371200000) }]
07/12/2022 20:56:32 | checkDocument() / Client[62f78f2127cd91b2f3f8067b] - ❌ - write exception: write errors: [E11000 duplicate key error collection: bizhubdb.everyday_work index: employee_id_1_date_1 dup key: { employee_id: ObjectId('637503640a247da0324d3f45'), date: new Date(1670371200000) }]
07/12/2022 20:56:32 | checkDocument() / Client[62f78f2127cd91b2f3f8067b] - ❌ - write exception: write errors: [E11000 duplicate key error collection: bizhubdb.everyday_work index: employee_id_1_date_1 dup key: { employee_id: ObjectId('63750c6572a8cc66a13e91b2'), date: new Date(1670371200000) }]
07/12/2022 21:09:44 | Init() - service has started..
07/12/2022 21:09:44 | checkDocument() / Client[62f90631dcb5dbfcfd9fe9fa] - date: 2022-12-07 00:00:00 +0000 UTC
07/12/2022 21:09:44 | checkDocument() / Client[62f90631dcb5dbfcfd9fe9fa] - date: 2022-12-07 00:00:00 +0000 UTC
07/12/2022 21:09:44 | checkDocument() / Client[62f90631dcb5dbfcfd9fe9fa] - date: 2022-12-07 00:00:00 +0000 UTC
07/12/2022 21:09:44 | checkDocument() / Client[62f90631dcb5dbfcfd9fe9fa] - date: 2022-12-07 00:00:00 +0000 UTC
07/12/2022 21:09:44 | checkDocument() / Client[62f90631dcb5dbfcfd9fe9fa] - date: 2022-12-07 00:00:00 +0000 UTC
07/12/2022 21:09:44 | checkDocument() / Client[62f90631dcb5dbfcfd9fe9fa] - date: 2022-12-07 00:00:00 +0000 UTC
07/12/2022 21:09:44 | checkDocument() / Client[62f90631dcb5dbfcfd9fe9fa] - date: 2022-12-07 00:00:00 +0000 UTC
07/12/2022 21:09:44 | checkDocument() / Client[62f90631dcb5dbfcfd9fe9fa] - date: 2022-12-07 00:00:00 +0000 UTC
07/12/2022 21:09:44 | checkDocument() / Client[62f90631dcb5dbfcfd9fe9fa] - date: 2022-12-07 00:00:00 +0000 UTC
07/12/2022 21:09:44 | checkDocument() / Client[62f90631dcb5dbfcfd9fe9fa] - date: 2022-12-07 00:00:00 +0000 UTC
07/12/2022 21:09:44 | checkDocument() / Client[62f90631dcb5dbfcfd9fe9fa] - ❌ - write exception: write errors: [E11000 duplicate key error collection: bizhubdb.everyday_work index: employee_id_1_date_1 dup key: { employee_id: ObjectId('634953687b6c880894a95917'), date: new Date(1670371200000) }]
07/12/2022 21:09:44 | checkDocument() / Client[62f90631dcb5dbfcfd9fe9fa] - date: 2022-12-07 00:00:00 +0000 UTC
07/12/2022 21:09:44 | checkDocument() / Client[62f90631dcb5dbfcfd9fe9fa] - date: 2022-12-07 00:00:00 +0000 UTC
07/12/2022 21:09:44 | checkDocument() / Client[62f90631dcb5dbfcfd9fe9fa] - ❌ - write exception: write errors: [E11000 duplicate key error collection: bizhubdb.everyday_work index: employee_id_1_date_1 dup key: { employee_id: ObjectId('637503640a247da0324d3f45'), date: new Date(1670371200000) }]
07/12/2022 21:09:44 | checkDocument() / Client[62f90631dcb5dbfcfd9fe9fa] - ❌ - write exception: write errors: [E11000 duplicate key error collection: bizhubdb.everyday_work index: employee_id_1_date_1 dup key: { employee_id: ObjectId('6378f4b6d7a4d79500c3c165'), date: new Date(1670371200000) }]
07/12/2022 21:09:44 | checkDocument() / Client[62f90631dcb5dbfcfd9fe9fa] - ❌ - write exception: write errors: [E11000 duplicate key error collection: bizhubdb.everyday_work index: employee_id_1_date_1 dup key: { employee_id: ObjectId('62f8fe54dcb5dbfcfd9fe9d9'), date: new Date(1670371200000) }]
07/12/2022 21:09:44 | checkDocument() / Client[62f90631dcb5dbfcfd9fe9fa] - ❌ - write exception: write errors: [E11000 duplicate key error collection: bizhubdb.everyday_work index: employee_id_1_date_1 dup key: { employee_id: ObjectId('62f8ff1adcb5dbfcfd9fe9db'), date: new Date(1670371200000) }]
07/12/2022 21:09:44 | checkDocument() / Client[62f90631dcb5dbfcfd9fe9fa] - ❌ - write exception: write errors: [E11000 duplicate key error collection: bizhubdb.everyday_work index: employee_id_1_date_1 dup key: { employee_id: ObjectId('62f8febedcb5dbfcfd9fe9da'), date: new Date(1670371200000) }]
07/12/2022 21:09:44 | checkDocument() / Client[62f90631dcb5dbfcfd9fe9fa] - ❌ - write exception: write errors: [E11000 duplicate key error collection: bizhubdb.everyday_work index: employee_id_1_date_1 dup key: { employee_id: ObjectId('63750553a5095e5050d87458'), date: new Date(1670371200000) }]
07/12/2022 21:09:44 | checkDocument() / Client[62f90631dcb5dbfcfd9fe9fa] - ❌ - write exception: write errors: [E11000 duplicate key error collection: bizhubdb.everyday_work index: employee_id_1_date_1 dup key: { employee_id: ObjectId('635fe67f98f863c36db9b23a'), date: new Date(1670371200000) }]
07/12/2022 21:09:44 | checkDocument() / Client[62f90631dcb5dbfcfd9fe9fa] - ❌ - write exception: write errors: [E11000 duplicate key error collection: bizhubdb.everyday_work index: employee_id_1_date_1 dup key: { employee_id: ObjectId('62f90631dcb5dbfcfd9fe9fa'), date: new Date(1670371200000) }]
07/12/2022 21:09:44 | checkDocument() / Client[62f90631dcb5dbfcfd9fe9fa] - ❌ - write exception: write errors: [E11000 duplicate key error collection: bizhubdb.everyday_work index: employee_id_1_date_1 dup key: { employee_id: ObjectId('6363b198cc9b30d51328b5d6'), date: new Date(1670371200000) }]
07/12/2022 21:09:44 | checkDocument() / Client[62f90631dcb5dbfcfd9fe9fa] - ❌ - write exception: write errors: [E11000 duplicate key error collection: bizhubdb.everyday_work index: employee_id_1_date_1 dup key: { employee_id: ObjectId('62f78f2127cd91b2f3f8067b'), date: new Date(1670371200000) }]
07/12/2022 21:09:44 | checkDocument() / Client[62f90631dcb5dbfcfd9fe9fa] - ❌ - write exception: write errors: [E11000 duplicate key error collection: bizhubdb.everyday_work index: employee_id_1_date_1 dup key: { employee_id: ObjectId('63750c6572a8cc66a13e91b2'), date: new Date(1670371200000) }]
07/12/2022 21:11:24 | Init() - service has started..
07/12/2022 21:11:24 | checkDocument() / Client[62f78f2127cd91b2f3f8067b] - date: 2022-12-07 00:00:00 +0000 UTC
07/12/2022 21:11:24 | checkDocument() / Client[62f78f2127cd91b2f3f8067b] - date: 2022-12-07 00:00:00 +0000 UTC
07/12/2022 21:11:24 | checkDocument() / Client[62f78f2127cd91b2f3f8067b] - date: 2022-12-07 00:00:00 +0000 UTC
07/12/2022 21:11:24 | checkDocument() / Client[62f78f2127cd91b2f3f8067b] - date: 2022-12-07 00:00:00 +0000 UTC
07/12/2022 21:11:24 | checkDocument() / Client[62f78f2127cd91b2f3f8067b] - date: 2022-12-07 00:00:00 +0000 UTC
07/12/2022 21:11:24 | checkDocument() / Client[62f78f2127cd91b2f3f8067b] - date: 2022-12-07 00:00:00 +0000 UTC
07/12/2022 21:11:24 | checkDocument() / Client[62f78f2127cd91b2f3f8067b] - date: 2022-12-07 00:00:00 +0000 UTC
07/12/2022 21:11:24 | checkDocument() / Client[62f78f2127cd91b2f3f8067b] - date: 2022-12-07 00:00:00 +0000 UTC
07/12/2022 21:11:24 | checkDocument() / Client[62f78f2127cd91b2f3f8067b] - date: 2022-12-07 00:00:00 +0000 UTC
07/12/2022 21:11:24 | checkDocument() / Client[62f78f2127cd91b2f3f8067b] - date: 2022-12-07 00:00:00 +0000 UTC
07/12/2022 21:11:24 | checkDocument() / Client[62f78f2127cd91b2f3f8067b] - date: 2022-12-07 00:00:00 +0000 UTC
07/12/2022 21:11:24 | checkDocument() / Client[62f78f2127cd91b2f3f8067b] - date: 2022-12-07 00:00:00 +0000 UTC
07/12/2022 21:11:24 | checkDocument() / Client[62f78f2127cd91b2f3f8067b] - ❌ - write exception: write errors: [E11000 duplicate key error collection: bizhubdb.everyday_work index: employee_id_1_date_1 dup key: { employee_id: ObjectId('62f8fe54dcb5dbfcfd9fe9d9'), date: new Date(1670371200000) }]
07/12/2022 21:11:24 | checkDocument() / Client[62f78f2127cd91b2f3f8067b] - ❌ - write exception: write errors: [E11000 duplicate key error collection: bizhubdb.everyday_work index: employee_id_1_date_1 dup key: { employee_id: ObjectId('6363b198cc9b30d51328b5d6'), date: new Date(1670371200000) }]
07/12/2022 21:11:24 | checkDocument() / Client[62f78f2127cd91b2f3f8067b] - ❌ - write exception: write errors: [E11000 duplicate key error collection: bizhubdb.everyday_work index: employee_id_1_date_1 dup key: { employee_id: ObjectId('634953687b6c880894a95917'), date: new Date(1670371200000) }]
07/12/2022 21:11:24 | checkDocument() / Client[62f78f2127cd91b2f3f8067b] - ❌ - write exception: write errors: [E11000 duplicate key error collection: bizhubdb.everyday_work index: employee_id_1_date_1 dup key: { employee_id: ObjectId('62f90631dcb5dbfcfd9fe9fa'), date: new Date(1670371200000) }]
07/12/2022 21:11:24 | checkDocument() / Client[62f78f2127cd91b2f3f8067b] - ❌ - write exception: write errors: [E11000 duplicate key error collection: bizhubdb.everyday_work index: employee_id_1_date_1 dup key: { employee_id: ObjectId('63750553a5095e5050d87458'), date: new Date(1670371200000) }]
07/12/2022 21:11:24 | checkDocument() / Client[62f78f2127cd91b2f3f8067b] - ❌ - write exception: write errors: [E11000 duplicate key error collection: bizhubdb.everyday_work index: employee_id_1_date_1 dup key: { employee_id: ObjectId('637503640a247da0324d3f45'), date: new Date(1670371200000) }]
07/12/2022 21:11:24 | checkDocument() / Client[62f78f2127cd91b2f3f8067b] - ❌ - write exception: write errors: [E11000 duplicate key error collection: bizhubdb.everyday_work index: employee_id_1_date_1 dup key: { employee_id: ObjectId('635fe67f98f863c36db9b23a'), date: new Date(1670371200000) }]
07/12/2022 21:11:24 | checkDocument() / Client[62f78f2127cd91b2f3f8067b] - ❌ - write exception: write errors: [E11000 duplicate key error collection: bizhubdb.everyday_work index: employee_id_1_date_1 dup key: { employee_id: ObjectId('63750c6572a8cc66a13e91b2'), date: new Date(1670371200000) }]
07/12/2022 21:11:24 | checkDocument() / Client[62f78f2127cd91b2f3f8067b] - ❌ - write exception: write errors: [E11000 duplicate key error collection: bizhubdb.everyday_work index: employee_id_1_date_1 dup key: { employee_id: ObjectId('62f8febedcb5dbfcfd9fe9da'), date: new Date(1670371200000) }]
07/12/2022 21:11:24 | checkDocument() / Client[62f78f2127cd91b2f3f8067b] - ❌ - write exception: write errors: [E11000 duplicate key error collection: bizhubdb.everyday_work index: employee_id_1_date_1 dup key: { employee_id: ObjectId('62f8ff1adcb5dbfcfd9fe9db'), date: new Date(1670371200000) }]
07/12/2022 21:11:24 | checkDocument() / Client[62f78f2127cd91b2f3f8067b] - ❌ - write exception: write errors: [E11000 duplicate key error collection: bizhubdb.everyday_work index: employee_id_1_date_1 dup key: { employee_id: ObjectId('6378f4b6d7a4d79500c3c165'), date: new Date(1670371200000) }]
07/12/2022 21:11:24 | checkDocument() / Client[62f78f2127cd91b2f3f8067b] - ❌ - write exception: write errors: [E11000 duplicate key error collection: bizhubdb.everyday_work index: employee_id_1_date_1 dup key: { employee_id: ObjectId('62f78f2127cd91b2f3f8067b'), date: new Date(1670371200000) }]
07/12/2022 21:12:59 | Init() - service has started..
07/12/2022 21:12:59 | checkDocument() / Client[62f90631dcb5dbfcfd9fe9fa] - date: 2022-12-07 00:00:00 +0000 UTC
07/12/2022 21:12:59 | checkDocument() / Client[62f90631dcb5dbfcfd9fe9fa] - date: 2022-12-07 00:00:00 +0000 UTC
07/12/2022 21:12:59 | checkDocument() / Client[62f90631dcb5dbfcfd9fe9fa] - date: 2022-12-07 00:00:00 +0000 UTC
07/12/2022 21:12:59 | checkDocument() / Client[62f90631dcb5dbfcfd9fe9fa] - date: 2022-12-07 00:00:00 +0000 UTC
07/12/2022 21:12:59 | checkDocument() / Client[62f90631dcb5dbfcfd9fe9fa] - date: 2022-12-07 00:00:00 +0000 UTC
07/12/2022 21:12:59 | checkDocument() / Client[62f90631dcb5dbfcfd9fe9fa] - date: 2022-12-07 00:00:00 +0000 UTC
07/12/2022 21:12:59 | checkDocument() / Client[62f90631dcb5dbfcfd9fe9fa] - date: 2022-12-07 00:00:00 +0000 UTC
07/12/2022 21:12:59 | checkDocument() / Client[62f90631dcb5dbfcfd9fe9fa] - date: 2022-12-07 00:00:00 +0000 UTC
07/12/2022 21:12:59 | checkDocument() / Client[62f90631dcb5dbfcfd9fe9fa] - date: 2022-12-07 00:00:00 +0000 UTC
07/12/2022 21:12:59 | checkDocument() / Client[62f90631dcb5dbfcfd9fe9fa] - date: 2022-12-07 00:00:00 +0000 UTC
07/12/2022 21:12:59 | checkDocument() / Client[62f90631dcb5dbfcfd9fe9fa] - date: 2022-12-07 00:00:00 +0000 UTC
07/12/2022 21:12:59 | checkDocument() / Client[62f90631dcb5dbfcfd9fe9fa] - date: 2022-12-07 00:00:00 +0000 UTC
07/12/2022 21:12:59 | checkDocument() / Client[62f90631dcb5dbfcfd9fe9fa] - ❌ - write exception: write errors: [E11000 duplicate key error collection: bizhubdb.everyday_work index: employee_id_1_date_1 dup key: { employee_id: ObjectId('62f90631dcb5dbfcfd9fe9fa'), date: new Date(1670371200000) }]
07/12/2022 21:12:59 | checkDocument() / Client[62f90631dcb5dbfcfd9fe9fa] - ❌ - write exception: write errors: [E11000 duplicate key error collection: bizhubdb.everyday_work index: employee_id_1_date_1 dup key: { employee_id: ObjectId('62f78f2127cd91b2f3f8067b'), date: new Date(1670371200000) }]
07/12/2022 21:12:59 | checkDocument() / Client[62f90631dcb5dbfcfd9fe9fa] - ❌ - write exception: write errors: [E11000 duplicate key error collection: bizhubdb.everyday_work index: employee_id_1_date_1 dup key: { employee_id: ObjectId('634953687b6c880894a95917'), date: new Date(1670371200000) }]
07/12/2022 21:12:59 | checkDocument() / Client[62f90631dcb5dbfcfd9fe9fa] - ❌ - write exception: write errors: [E11000 duplicate key error collection: bizhubdb.everyday_work index: employee_id_1_date_1 dup key: { employee_id: ObjectId('635fe67f98f863c36db9b23a'), date: new Date(1670371200000) }]
07/12/2022 21:12:59 | checkDocument() / Client[62f90631dcb5dbfcfd9fe9fa] - ❌ - write exception: write errors: [E11000 duplicate key error collection: bizhubdb.everyday_work index: employee_id_1_date_1 dup key: { employee_id: ObjectId('6363b198cc9b30d51328b5d6'), date: new Date(1670371200000) }]
07/12/2022 21:12:59 | checkDocument() / Client[62f90631dcb5dbfcfd9fe9fa] - ❌ - write exception: write errors: [E11000 duplicate key error collection: bizhubdb.everyday_work index: employee_id_1_date_1 dup key: { employee_id: ObjectId('637503640a247da0324d3f45'), date: new Date(1670371200000) }]
07/12/2022 21:12:59 | checkDocument() / Client[62f90631dcb5dbfcfd9fe9fa] - ❌ - write exception: write errors: [E11000 duplicate key error collection: bizhubdb.everyday_work index: employee_id_1_date_1 dup key: { employee_id: ObjectId('63750553a5095e5050d87458'), date: new Date(1670371200000) }]
07/12/2022 21:12:59 | checkDocument() / Client[62f90631dcb5dbfcfd9fe9fa] - ❌ - write exception: write errors: [E11000 duplicate key error collection: bizhubdb.everyday_work index: employee_id_1_date_1 dup key: { employee_id: ObjectId('63750c6572a8cc66a13e91b2'), date: new Date(1670371200000) }]
07/12/2022 21:12:59 | checkDocument() / Client[62f90631dcb5dbfcfd9fe9fa] - ❌ - write exception: write errors: [E11000 duplicate key error collection: bizhubdb.everyday_work index: employee_id_1_date_1 dup key: { employee_id: ObjectId('6378f4b6d7a4d79500c3c165'), date: new Date(1670371200000) }]
07/12/2022 21:12:59 | checkDocument() / Client[62f90631dcb5dbfcfd9fe9fa] - ❌ - write exception: write errors: [E11000 duplicate key error collection: bizhubdb.everyday_work index: employee_id_1_date_1 dup key: { employee_id: ObjectId('62f8fe54dcb5dbfcfd9fe9d9'), date: new Date(1670371200000) }]
07/12/2022 21:12:59 | checkDocument() / Client[62f90631dcb5dbfcfd9fe9fa] - ❌ - write exception: write errors: [E11000 duplicate key error collection: bizhubdb.everyday_work index: employee_id_1_date_1 dup key: { employee_id: ObjectId('62f8ff1adcb5dbfcfd9fe9db'), date: new Date(1670371200000) }]
07/12/2022 21:12:59 | checkDocument() / Client[62f90631dcb5dbfcfd9fe9fa] - ❌ - write exception: write errors: [E11000 duplicate key error collection: bizhubdb.everyday_work index: employee_id_1_date_1 dup key: { employee_id: ObjectId('62f8febedcb5dbfcfd9fe9da'), date: new Date(1670371200000) }]
