**************************************
  Name: EverydayWorkService
  Created at: 09/12/2022 17:51:22
**************************************

09/12/2022 17:51:23 | Init() - service has started..
09/12/2022 17:51:23 | checkDocument() / Client[62f8febedcb5dbfcfd9fe9da] - date: 2022-12-09 00:00:00 +0000 UTC
09/12/2022 17:51:23 | checkDocument() / Client[62f8febedcb5dbfcfd9fe9da] - date: 2022-12-09 00:00:00 +0000 UTC
09/12/2022 17:51:23 | checkDocument() / Client[62f8febedcb5dbfcfd9fe9da] - date: 2022-12-09 00:00:00 +0000 UTC
09/12/2022 17:51:23 | checkDocument() / Client[62f8febedcb5dbfcfd9fe9da] - date: 2022-12-09 00:00:00 +0000 UTC
09/12/2022 17:51:23 | checkDocument() / Client[62f8febedcb5dbfcfd9fe9da] - date: 2022-12-09 00:00:00 +0000 UTC
09/12/2022 17:51:23 | checkDocument() / Client[62f8febedcb5dbfcfd9fe9da] - date: 2022-12-09 00:00:00 +0000 UTC
09/12/2022 17:51:23 | checkDocument() / Client[62f8febedcb5dbfcfd9fe9da] - date: 2022-12-09 00:00:00 +0000 UTC
09/12/2022 17:51:23 | checkDocument() / Client[62f8febedcb5dbfcfd9fe9da] - date: 2022-12-09 00:00:00 +0000 UTC
09/12/2022 17:51:23 | checkDocument() / Client[62f8febedcb5dbfcfd9fe9da] - date: 2022-12-09 00:00:00 +0000 UTC
09/12/2022 17:51:23 | checkDocument() / Client[62f8febedcb5dbfcfd9fe9da] - date: 2022-12-09 00:00:00 +0000 UTC
09/12/2022 17:51:23 | checkDocument() / Client[62f8febedcb5dbfcfd9fe9da] - date: 2022-12-09 00:00:00 +0000 UTC
09/12/2022 17:51:23 | checkDocument() / Client[62f8febedcb5dbfcfd9fe9da] - date: 2022-12-09 00:00:00 +0000 UTC
09/12/2022 19:18:44 | Init() - service has started..
09/12/2022 19:18:44 | checkDocument() / Client[62f78f2127cd91b2f3f8067b] - date: 2022-12-09 00:00:00 +0000 UTC
09/12/2022 19:18:44 | checkDocument() / Client[62f78f2127cd91b2f3f8067b] - date: 2022-12-09 00:00:00 +0000 UTC
09/12/2022 19:18:44 | checkDocument() / Client[62f78f2127cd91b2f3f8067b] - date: 2022-12-09 00:00:00 +0000 UTC
09/12/2022 19:18:44 | checkDocument() / Client[62f78f2127cd91b2f3f8067b] - date: 2022-12-09 00:00:00 +0000 UTC
09/12/2022 19:18:44 | checkDocument() / Client[62f78f2127cd91b2f3f8067b] - date: 2022-12-09 00:00:00 +0000 UTC
09/12/2022 19:18:44 | checkDocument() / Client[62f78f2127cd91b2f3f8067b] - date: 2022-12-09 00:00:00 +0000 UTC
09/12/2022 19:18:44 | checkDocument() / Client[62f78f2127cd91b2f3f8067b] - date: 2022-12-09 00:00:00 +0000 UTC
09/12/2022 19:18:44 | checkDocument() / Client[62f78f2127cd91b2f3f8067b] - date: 2022-12-09 00:00:00 +0000 UTC
09/12/2022 19:18:44 | checkDocument() / Client[62f78f2127cd91b2f3f8067b] - date: 2022-12-09 00:00:00 +0000 UTC
09/12/2022 19:18:44 | checkDocument() / Client[62f78f2127cd91b2f3f8067b] - date: 2022-12-09 00:00:00 +0000 UTC
09/12/2022 19:18:44 | checkDocument() / Client[62f78f2127cd91b2f3f8067b] - date: 2022-12-09 00:00:00 +0000 UTC
09/12/2022 19:18:44 | checkDocument() / Client[62f78f2127cd91b2f3f8067b] - date: 2022-12-09 00:00:00 +0000 UTC
09/12/2022 19:18:44 | checkDocument() / Client[62f78f2127cd91b2f3f8067b] - ❌ - write exception: write errors: [E11000 duplicate key error collection: bizhubdb.everyday_work index: employee_id_1_date_1 dup key: { employee_id: ObjectId('635fe67f98f863c36db9b23a'), date: new Date(1670544000000) }]
09/12/2022 19:18:44 | checkDocument() / Client[62f78f2127cd91b2f3f8067b] - ❌ - write exception: write errors: [E11000 duplicate key error collection: bizhubdb.everyday_work index: employee_id_1_date_1 dup key: { employee_id: ObjectId('62f8febedcb5dbfcfd9fe9da'), date: new Date(1670544000000) }]
09/12/2022 19:18:44 | checkDocument() / Client[62f78f2127cd91b2f3f8067b] - ❌ - write exception: write errors: [E11000 duplicate key error collection: bizhubdb.everyday_work index: employee_id_1_date_1 dup key: { employee_id: ObjectId('62f8ff1adcb5dbfcfd9fe9db'), date: new Date(1670544000000) }]
09/12/2022 19:18:44 | checkDocument() / Client[62f78f2127cd91b2f3f8067b] - ❌ - write exception: write errors: [E11000 duplicate key error collection: bizhubdb.everyday_work index: employee_id_1_date_1 dup key: { employee_id: ObjectId('62f90631dcb5dbfcfd9fe9fa'), date: new Date(1670544000000) }]
09/12/2022 19:18:44 | checkDocument() / Client[62f78f2127cd91b2f3f8067b] - ❌ - write exception: write errors: [E11000 duplicate key error collection: bizhubdb.everyday_work index: employee_id_1_date_1 dup key: { employee_id: ObjectId('62f78f2127cd91b2f3f8067b'), date: new Date(1670544000000) }]
09/12/2022 19:18:44 | checkDocument() / Client[62f78f2127cd91b2f3f8067b] - ❌ - write exception: write errors: [E11000 duplicate key error collection: bizhubdb.everyday_work index: employee_id_1_date_1 dup key: { employee_id: ObjectId('634953687b6c880894a95917'), date: new Date(1670544000000) }]
09/12/2022 19:18:44 | checkDocument() / Client[62f78f2127cd91b2f3f8067b] - ❌ - write exception: write errors: [E11000 duplicate key error collection: bizhubdb.everyday_work index: employee_id_1_date_1 dup key: { employee_id: ObjectId('637503640a247da0324d3f45'), date: new Date(1670544000000) }]
09/12/2022 19:18:44 | checkDocument() / Client[62f78f2127cd91b2f3f8067b] - ❌ - write exception: write errors: [E11000 duplicate key error collection: bizhubdb.everyday_work index: employee_id_1_date_1 dup key: { employee_id: ObjectId('62f8fe54dcb5dbfcfd9fe9d9'), date: new Date(1670544000000) }]
09/12/2022 19:18:44 | checkDocument() / Client[62f78f2127cd91b2f3f8067b] - ❌ - write exception: write errors: [E11000 duplicate key error collection: bizhubdb.everyday_work index: employee_id_1_date_1 dup key: { employee_id: ObjectId('6363b198cc9b30d51328b5d6'), date: new Date(1670544000000) }]
09/12/2022 19:18:44 | checkDocument() / Client[62f78f2127cd91b2f3f8067b] - ❌ - write exception: write errors: [E11000 duplicate key error collection: bizhubdb.everyday_work index: employee_id_1_date_1 dup key: { employee_id: ObjectId('63750553a5095e5050d87458'), date: new Date(1670544000000) }]
09/12/2022 19:18:44 | checkDocument() / Client[62f78f2127cd91b2f3f8067b] - ❌ - write exception: write errors: [E11000 duplicate key error collection: bizhubdb.everyday_work index: employee_id_1_date_1 dup key: { employee_id: ObjectId('63750c6572a8cc66a13e91b2'), date: new Date(1670544000000) }]
09/12/2022 19:18:44 | checkDocument() / Client[62f78f2127cd91b2f3f8067b] - ❌ - write exception: write errors: [E11000 duplicate key error collection: bizhubdb.everyday_work index: employee_id_1_date_1 dup key: { employee_id: ObjectId('6378f4b6d7a4d79500c3c165'), date: new Date(1670544000000) }]
09/12/2022 19:19:24 | Init() - service has started..
09/12/2022 19:19:24 | checkDocument() / Client[62f78f2127cd91b2f3f8067b] - date: 2022-12-09 00:00:00 +0000 UTC
09/12/2022 19:19:24 | checkDocument() / Client[62f78f2127cd91b2f3f8067b] - date: 2022-12-09 00:00:00 +0000 UTC
09/12/2022 19:19:24 | checkDocument() / Client[62f78f2127cd91b2f3f8067b] - date: 2022-12-09 00:00:00 +0000 UTC
09/12/2022 19:19:24 | checkDocument() / Client[62f78f2127cd91b2f3f8067b] - date: 2022-12-09 00:00:00 +0000 UTC
09/12/2022 19:19:24 | checkDocument() / Client[62f78f2127cd91b2f3f8067b] - date: 2022-12-09 00:00:00 +0000 UTC
09/12/2022 19:19:24 | checkDocument() / Client[62f78f2127cd91b2f3f8067b] - date: 2022-12-09 00:00:00 +0000 UTC
09/12/2022 19:19:24 | checkDocument() / Client[62f78f2127cd91b2f3f8067b] - date: 2022-12-09 00:00:00 +0000 UTC
09/12/2022 19:19:24 | checkDocument() / Client[62f78f2127cd91b2f3f8067b] - date: 2022-12-09 00:00:00 +0000 UTC
09/12/2022 19:19:24 | checkDocument() / Client[62f78f2127cd91b2f3f8067b] - date: 2022-12-09 00:00:00 +0000 UTC
09/12/2022 19:19:24 | checkDocument() / Client[62f78f2127cd91b2f3f8067b] - date: 2022-12-09 00:00:00 +0000 UTC
09/12/2022 19:19:24 | checkDocument() / Client[62f78f2127cd91b2f3f8067b] - date: 2022-12-09 00:00:00 +0000 UTC
09/12/2022 19:19:24 | checkDocument() / Client[62f78f2127cd91b2f3f8067b] - date: 2022-12-09 00:00:00 +0000 UTC
09/12/2022 19:19:24 | checkDocument() / Client[62f78f2127cd91b2f3f8067b] - ❌ - write exception: write errors: [E11000 duplicate key error collection: bizhubdb.everyday_work index: employee_id_1_date_1 dup key: { employee_id: ObjectId('62f8ff1adcb5dbfcfd9fe9db'), date: new Date(1670544000000) }]
09/12/2022 19:19:24 | checkDocument() / Client[62f78f2127cd91b2f3f8067b] - ❌ - write exception: write errors: [E11000 duplicate key error collection: bizhubdb.everyday_work index: employee_id_1_date_1 dup key: { employee_id: ObjectId('62f78f2127cd91b2f3f8067b'), date: new Date(1670544000000) }]
09/12/2022 19:19:24 | checkDocument() / Client[62f78f2127cd91b2f3f8067b] - ❌ - write exception: write errors: [E11000 duplicate key error collection: bizhubdb.everyday_work index: employee_id_1_date_1 dup key: { employee_id: ObjectId('62f8fe54dcb5dbfcfd9fe9d9'), date: new Date(1670544000000) }]
09/12/2022 19:19:24 | checkDocument() / Client[62f78f2127cd91b2f3f8067b] - ❌ - write exception: write errors: [E11000 duplicate key error collection: bizhubdb.everyday_work index: employee_id_1_date_1 dup key: { employee_id: ObjectId('62f90631dcb5dbfcfd9fe9fa'), date: new Date(1670544000000) }]
09/12/2022 19:19:24 | checkDocument() / Client[62f78f2127cd91b2f3f8067b] - ❌ - write exception: write errors: [E11000 duplicate key error collection: bizhubdb.everyday_work index: employee_id_1_date_1 dup key: { employee_id: ObjectId('62f8febedcb5dbfcfd9fe9da'), date: new Date(1670544000000) }]
09/12/2022 19:19:24 | checkDocument() / Client[62f78f2127cd91b2f3f8067b] - ❌ - write exception: write errors: [E11000 duplicate key error collection: bizhubdb.everyday_work index: employee_id_1_date_1 dup key: { employee_id: ObjectId('637503640a247da0324d3f45'), date: new Date(1670544000000) }]
09/12/2022 19:19:24 | checkDocument() / Client[62f78f2127cd91b2f3f8067b] - ❌ - write exception: write errors: [E11000 duplicate key error collection: bizhubdb.everyday_work index: employee_id_1_date_1 dup key: { employee_id: ObjectId('6363b198cc9b30d51328b5d6'), date: new Date(1670544000000) }]
09/12/2022 19:19:24 | checkDocument() / Client[62f78f2127cd91b2f3f8067b] - ❌ - write exception: write errors: [E11000 duplicate key error collection: bizhubdb.everyday_work index: employee_id_1_date_1 dup key: { employee_id: ObjectId('634953687b6c880894a95917'), date: new Date(1670544000000) }]
09/12/2022 19:19:24 | checkDocument() / Client[62f78f2127cd91b2f3f8067b] - ❌ - write exception: write errors: [E11000 duplicate key error collection: bizhubdb.everyday_work index: employee_id_1_date_1 dup key: { employee_id: ObjectId('63750553a5095e5050d87458'), date: new Date(1670544000000) }]
09/12/2022 19:19:24 | checkDocument() / Client[62f78f2127cd91b2f3f8067b] - ❌ - write exception: write errors: [E11000 duplicate key error collection: bizhubdb.everyday_work index: employee_id_1_date_1 dup key: { employee_id: ObjectId('63750c6572a8cc66a13e91b2'), date: new Date(1670544000000) }]
09/12/2022 19:19:24 | checkDocument() / Client[62f78f2127cd91b2f3f8067b] - ❌ - write exception: write errors: [E11000 duplicate key error collection: bizhubdb.everyday_work index: employee_id_1_date_1 dup key: { employee_id: ObjectId('635fe67f98f863c36db9b23a'), date: new Date(1670544000000) }]
09/12/2022 19:19:24 | checkDocument() / Client[62f78f2127cd91b2f3f8067b] - ❌ - write exception: write errors: [E11000 duplicate key error collection: bizhubdb.everyday_work index: employee_id_1_date_1 dup key: { employee_id: ObjectId('6378f4b6d7a4d79500c3c165'), date: new Date(1670544000000) }]
09/12/2022 20:35:50 | Init() - service has started..
09/12/2022 20:35:50 | checkDocument() / Client[62f78f2127cd91b2f3f8067b] - date: 2022-12-09 00:00:00 +0000 UTC
09/12/2022 20:35:50 | checkDocument() / Client[62f78f2127cd91b2f3f8067b] - date: 2022-12-09 00:00:00 +0000 UTC
09/12/2022 20:35:50 | checkDocument() / Client[62f78f2127cd91b2f3f8067b] - date: 2022-12-09 00:00:00 +0000 UTC
09/12/2022 20:35:50 | checkDocument() / Client[62f78f2127cd91b2f3f8067b] - date: 2022-12-09 00:00:00 +0000 UTC
09/12/2022 20:35:50 | checkDocument() / Client[62f78f2127cd91b2f3f8067b] - date: 2022-12-09 00:00:00 +0000 UTC
09/12/2022 20:35:50 | checkDocument() / Client[62f78f2127cd91b2f3f8067b] - date: 2022-12-09 00:00:00 +0000 UTC
09/12/2022 20:35:50 | checkDocument() / Client[62f78f2127cd91b2f3f8067b] - date: 2022-12-09 00:00:00 +0000 UTC
09/12/2022 20:35:50 | checkDocument() / Client[62f78f2127cd91b2f3f8067b] - date: 2022-12-09 00:00:00 +0000 UTC
09/12/2022 20:35:50 | checkDocument() / Client[62f78f2127cd91b2f3f8067b] - date: 2022-12-09 00:00:00 +0000 UTC
09/12/2022 20:35:50 | checkDocument() / Client[62f78f2127cd91b2f3f8067b] - date: 2022-12-09 00:00:00 +0000 UTC
09/12/2022 20:35:50 | checkDocument() / Client[62f78f2127cd91b2f3f8067b] - date: 2022-12-09 00:00:00 +0000 UTC
09/12/2022 20:35:50 | checkDocument() / Client[62f78f2127cd91b2f3f8067b] - date: 2022-12-09 00:00:00 +0000 UTC
09/12/2022 20:35:50 | checkDocument() / Client[62f78f2127cd91b2f3f8067b] - ❌ - write exception: write errors: [E11000 duplicate key error collection: bizhubdb.everyday_work index: employee_id_1_date_1 dup key: { employee_id: ObjectId('62f8febedcb5dbfcfd9fe9da'), date: new Date(1670544000000) }]
09/12/2022 20:35:50 | checkDocument() / Client[62f78f2127cd91b2f3f8067b] - ❌ - write exception: write errors: [E11000 duplicate key error collection: bizhubdb.everyday_work index: employee_id_1_date_1 dup key: { employee_id: ObjectId('635fe67f98f863c36db9b23a'), date: new Date(1670544000000) }]
09/12/2022 20:35:50 | checkDocument() / Client[62f78f2127cd91b2f3f8067b] - ❌ - write exception: write errors: [E11000 duplicate key error collection: bizhubdb.everyday_work index: employee_id_1_date_1 dup key: { employee_id: ObjectId('62f78f2127cd91b2f3f8067b'), date: new Date(1670544000000) }]
09/12/2022 20:35:50 | checkDocument() / Client[62f78f2127cd91b2f3f8067b] - ❌ - write exception: write errors: [E11000 duplicate key error collection: bizhubdb.everyday_work index: employee_id_1_date_1 dup key: { employee_id: ObjectId('62f8ff1adcb5dbfcfd9fe9db'), date: new Date(1670544000000) }]
09/12/2022 20:35:50 | checkDocument() / Client[62f78f2127cd91b2f3f8067b] - ❌ - write exception: write errors: [E11000 duplicate key error collection: bizhubdb.everyday_work index: employee_id_1_date_1 dup key: { employee_id: ObjectId('637503640a247da0324d3f45'), date: new Date(1670544000000) }]
09/12/2022 20:35:50 | checkDocument() / Client[62f78f2127cd91b2f3f8067b] - ❌ - write exception: write errors: [E11000 duplicate key error collection: bizhubdb.everyday_work index: employee_id_1_date_1 dup key: { employee_id: ObjectId('6363b198cc9b30d51328b5d6'), date: new Date(1670544000000) }]
09/12/2022 20:35:50 | checkDocument() / Client[62f78f2127cd91b2f3f8067b] - ❌ - write exception: write errors: [E11000 duplicate key error collection: bizhubdb.everyday_work index: employee_id_1_date_1 dup key: { employee_id: ObjectId('63750553a5095e5050d87458'), date: new Date(1670544000000) }]
09/12/2022 20:35:50 | checkDocument() / Client[62f78f2127cd91b2f3f8067b] - ❌ - write exception: write errors: [E11000 duplicate key error collection: bizhubdb.everyday_work index: employee_id_1_date_1 dup key: { employee_id: ObjectId('62f8fe54dcb5dbfcfd9fe9d9'), date: new Date(1670544000000) }]
09/12/2022 20:35:50 | checkDocument() / Client[62f78f2127cd91b2f3f8067b] - ❌ - write exception: write errors: [E11000 duplicate key error collection: bizhubdb.everyday_work index: employee_id_1_date_1 dup key: { employee_id: ObjectId('63750c6572a8cc66a13e91b2'), date: new Date(1670544000000) }]
09/12/2022 20:35:50 | checkDocument() / Client[62f78f2127cd91b2f3f8067b] - ❌ - write exception: write errors: [E11000 duplicate key error collection: bizhubdb.everyday_work index: employee_id_1_date_1 dup key: { employee_id: ObjectId('6378f4b6d7a4d79500c3c165'), date: new Date(1670544000000) }]
09/12/2022 20:35:50 | checkDocument() / Client[62f78f2127cd91b2f3f8067b] - ❌ - write exception: write errors: [E11000 duplicate key error collection: bizhubdb.everyday_work index: employee_id_1_date_1 dup key: { employee_id: ObjectId('62f90631dcb5dbfcfd9fe9fa'), date: new Date(1670544000000) }]
09/12/2022 20:35:50 | checkDocument() / Client[62f78f2127cd91b2f3f8067b] - ❌ - write exception: write errors: [E11000 duplicate key error collection: bizhubdb.everyday_work index: employee_id_1_date_1 dup key: { employee_id: ObjectId('634953687b6c880894a95917'), date: new Date(1670544000000) }]
09/12/2022 20:37:15 | Init() - service has started..
09/12/2022 20:37:15 | checkDocument() / Client[62f8febedcb5dbfcfd9fe9da] - date: 2022-12-09 00:00:00 +0000 UTC
09/12/2022 20:37:15 | checkDocument() / Client[62f8febedcb5dbfcfd9fe9da] - date: 2022-12-09 00:00:00 +0000 UTC
09/12/2022 20:37:15 | checkDocument() / Client[62f8febedcb5dbfcfd9fe9da] - date: 2022-12-09 00:00:00 +0000 UTC
09/12/2022 20:37:15 | checkDocument() / Client[62f8febedcb5dbfcfd9fe9da] - date: 2022-12-09 00:00:00 +0000 UTC
09/12/2022 20:37:15 | checkDocument() / Client[62f8febedcb5dbfcfd9fe9da] - date: 2022-12-09 00:00:00 +0000 UTC
09/12/2022 20:37:15 | checkDocument() / Client[62f8febedcb5dbfcfd9fe9da] - date: 2022-12-09 00:00:00 +0000 UTC
09/12/2022 20:37:15 | checkDocument() / Client[62f8febedcb5dbfcfd9fe9da] - date: 2022-12-09 00:00:00 +0000 UTC
09/12/2022 20:37:15 | checkDocument() / Client[62f8febedcb5dbfcfd9fe9da] - date: 2022-12-09 00:00:00 +0000 UTC
09/12/2022 20:37:15 | checkDocument() / Client[62f8febedcb5dbfcfd9fe9da] - date: 2022-12-09 00:00:00 +0000 UTC
09/12/2022 20:37:15 | checkDocument() / Client[62f8febedcb5dbfcfd9fe9da] - date: 2022-12-09 00:00:00 +0000 UTC
09/12/2022 20:37:15 | checkDocument() / Client[62f8febedcb5dbfcfd9fe9da] - date: 2022-12-09 00:00:00 +0000 UTC
09/12/2022 20:37:15 | checkDocument() / Client[62f8febedcb5dbfcfd9fe9da] - date: 2022-12-09 00:00:00 +0000 UTC
09/12/2022 20:37:15 | checkDocument() / Client[62f8febedcb5dbfcfd9fe9da] - ❌ - write exception: write errors: [E11000 duplicate key error collection: bizhubdb.everyday_work index: employee_id_1_date_1 dup key: { employee_id: ObjectId('62f8fe54dcb5dbfcfd9fe9d9'), date: new Date(1670544000000) }]
09/12/2022 20:37:15 | checkDocument() / Client[62f8febedcb5dbfcfd9fe9da] - ❌ - write exception: write errors: [E11000 duplicate key error collection: bizhubdb.everyday_work index: employee_id_1_date_1 dup key: { employee_id: ObjectId('6363b198cc9b30d51328b5d6'), date: new Date(1670544000000) }]
09/12/2022 20:37:15 | checkDocument() / Client[62f8febedcb5dbfcfd9fe9da] - ❌ - write exception: write errors: [E11000 duplicate key error collection: bizhubdb.everyday_work index: employee_id_1_date_1 dup key: { employee_id: ObjectId('62f78f2127cd91b2f3f8067b'), date: new Date(1670544000000) }]
09/12/2022 20:37:15 | checkDocument() / Client[62f8febedcb5dbfcfd9fe9da] - ❌ - write exception: write errors: [E11000 duplicate key error collection: bizhubdb.everyday_work index: employee_id_1_date_1 dup key: { employee_id: ObjectId('62f8febedcb5dbfcfd9fe9da'), date: new Date(1670544000000) }]
09/12/2022 20:37:15 | checkDocument() / Client[62f8febedcb5dbfcfd9fe9da] - ❌ - write exception: write errors: [E11000 duplicate key error collection: bizhubdb.everyday_work index: employee_id_1_date_1 dup key: { employee_id: ObjectId('63750553a5095e5050d87458'), date: new Date(1670544000000) }]
09/12/2022 20:37:15 | checkDocument() / Client[62f8febedcb5dbfcfd9fe9da] - ❌ - write exception: write errors: [E11000 duplicate key error collection: bizhubdb.everyday_work index: employee_id_1_date_1 dup key: { employee_id: ObjectId('62f8ff1adcb5dbfcfd9fe9db'), date: new Date(1670544000000) }]
09/12/2022 20:37:15 | checkDocument() / Client[62f8febedcb5dbfcfd9fe9da] - ❌ - write exception: write errors: [E11000 duplicate key error collection: bizhubdb.everyday_work index: employee_id_1_date_1 dup key: { employee_id: ObjectId('637503640a247da0324d3f45'), date: new Date(1670544000000) }]
09/12/2022 20:37:15 | checkDocument() / Client[62f8febedcb5dbfcfd9fe9da] - ❌ - write exception: write errors: [E11000 duplicate key error collection: bizhubdb.everyday_work index: employee_id_1_date_1 dup key: { employee_id: ObjectId('63750c6572a8cc66a13e91b2'), date: new Date(1670544000000) }]
09/12/2022 20:37:15 | checkDocument() / Client[62f8febedcb5dbfcfd9fe9da] - ❌ - write exception: write errors: [E11000 duplicate key error collection: bizhubdb.everyday_work index: employee_id_1_date_1 dup key: { employee_id: ObjectId('634953687b6c880894a95917'), date: new Date(1670544000000) }]
09/12/2022 20:37:15 | checkDocument() / Client[62f8febedcb5dbfcfd9fe9da] - ❌ - write exception: write errors: [E11000 duplicate key error collection: bizhubdb.everyday_work index: employee_id_1_date_1 dup key: { employee_id: ObjectId('62f90631dcb5dbfcfd9fe9fa'), date: new Date(1670544000000) }]
09/12/2022 20:37:15 | checkDocument() / Client[62f8febedcb5dbfcfd9fe9da] - ❌ - write exception: write errors: [E11000 duplicate key error collection: bizhubdb.everyday_work index: employee_id_1_date_1 dup key: { employee_id: ObjectId('635fe67f98f863c36db9b23a'), date: new Date(1670544000000) }]
09/12/2022 20:37:15 | checkDocument() / Client[62f8febedcb5dbfcfd9fe9da] - ❌ - write exception: write errors: [E11000 duplicate key error collection: bizhubdb.everyday_work index: employee_id_1_date_1 dup key: { employee_id: ObjectId('6378f4b6d7a4d79500c3c165'), date: new Date(1670544000000) }]
