**************************************
  Name: StatisticsService
  Created at: 11/12/2022 10:37:24
**************************************

11/12/2022 10:37:24 | Run() / StatisticsServiceWriter - StatisticServiceWriter started at: 2022-12-11 10:37:24.8044062 +0500 +05 m=+0.784113301
11/12/2022 10:37:24 | createNewStatisticDocument() - Date => 2022-12-11 00:00:00 +0000 UTC | ObjectID => ObjectID("63956c94c8a47f8750775f6c")
11/12/2022 10:37:24 | setDefaultRecentStatisticId() - recentStatisticId: ObjectID("63956c94c8a47f8750775f6c")
11/12/2022 10:52:46 | Run.NewActiveUser() / StatisticsServiceWriter - active user +1
11/12/2022 11:00:00 | @Hourly Cron job - successfuly created new hour activity object
11/12/2022 11:02:01 | Run() / StatisticsServiceWriter - StatisticServiceWriter started at: 2022-12-11 11:02:01.1512151 +0500 +05 m=+0.709372201
11/12/2022 11:02:01 | setDefaultRecentStatisticId() - recentStatisticId: ObjectID("63956c94c8a47f8750775f6c")
11/12/2022 11:04:10 | Run() / StatisticsServiceWriter - StatisticServiceWriter started at: 2022-12-11 11:04:10.1663765 +0500 +05 m=+0.685442101
11/12/2022 11:04:10 | setDefaultRecentStatisticId() - recentStatisticId: ObjectID("63956c94c8a47f8750775f6c")
11/12/2022 11:08:31 | Run() / StatisticsServiceWriter - StatisticServiceWriter started at: 2022-12-11 11:08:31.7553992 +0500 +05 m=+0.696195601
11/12/2022 11:08:31 | setDefaultRecentStatisticId() - recentStatisticId: ObjectID("63956c94c8a47f8750775f6c")
11/12/2022 11:09:45 | Run() / StatisticsServiceWriter - StatisticServiceWriter started at: 2022-12-11 11:09:45.4522652 +0500 +05 m=+0.688256301
11/12/2022 11:09:45 | setDefaultRecentStatisticId() - recentStatisticId: ObjectID("63956c94c8a47f8750775f6c")
11/12/2022 11:13:42 | Run() / StatisticsServiceWriter - StatisticServiceWriter started at: 2022-12-11 11:13:42.466649 +0500 +05 m=+0.704462601
11/12/2022 11:13:42 | setDefaultRecentStatisticId() - recentStatisticId: ObjectID("63956c94c8a47f8750775f6c")
11/12/2022 11:15:56 | Run() / StatisticsServiceWriter - StatisticServiceWriter started at: 2022-12-11 11:15:56.0211031 +0500 +05 m=+0.681586601
11/12/2022 11:15:56 | setDefaultRecentStatisticId() - recentStatisticId: ObjectID("63956c94c8a47f8750775f6c")
11/12/2022 11:17:29 | Run() / StatisticsServiceWriter - StatisticServiceWriter started at: 2022-12-11 11:17:29.4195163 +0500 +05 m=+0.679464501
11/12/2022 11:17:29 | setDefaultRecentStatisticId() - recentStatisticId: ObjectID("63956c94c8a47f8750775f6c")
11/12/2022 11:18:23 | Run.NewActiveUser() / StatisticsServiceWriter - active user +1
11/12/2022 11:18:54 | Run.NewActiveUser() / StatisticsServiceWriter - active user +1
11/12/2022 11:18:54 | Run.NewActiveSeller() / StatisticsServiceWriter - active seller +1
11/12/2022 11:54:36 | Run.NewActiveUser() / StatisticsServiceWriter - active user +1
11/12/2022 11:54:36 | Run.NewActiveSeller() / StatisticsServiceWriter - active seller +1
11/12/2022 12:00:00 | @Hourly Cron job - successfuly created new hour activity object
11/12/2022 12:01:28 | Run() / StatisticsServiceWriter - StatisticServiceWriter started at: 2022-12-11 12:01:28.9333964 +0500 +05 m=+0.694615001
11/12/2022 12:01:28 | setDefaultRecentStatisticId() - recentStatisticId: ObjectID("63956c94c8a47f8750775f6c")
11/12/2022 12:04:15 | Run.NewActiveUser() / StatisticsServiceWriter - active user +1
11/12/2022 12:04:15 | Run.NewActiveSeller() / StatisticsServiceWriter - active seller +1
11/12/2022 12:04:38 | Run.NewActiveUser() / StatisticsServiceWriter - active user +1
11/12/2022 12:16:31 | Run.NewActiveUser() / StatisticsServiceWriter - active user +1
11/12/2022 12:16:31 | Run.NewActiveSeller() / StatisticsServiceWriter - active seller +1
11/12/2022 12:26:32 | Run.NewActiveUser() / StatisticsServiceWriter - active user +1
11/12/2022 12:26:32 | Run.NewActiveSeller() / StatisticsServiceWriter - active seller +1
11/12/2022 12:50:13 | Run.NewActiveUser() / StatisticsServiceWriter - active user +1
11/12/2022 12:50:13 | Run.NewActiveSeller() / StatisticsServiceWriter - active seller +1
11/12/2022 12:52:11 | Run.NewActiveUser() / StatisticsServiceWriter - active user +1
11/12/2022 12:55:46 | Run() / StatisticsServiceWriter - StatisticServiceWriter started at: 2022-12-11 12:55:46.7181627 +0500 +05 m=+0.706901601
11/12/2022 12:55:46 | setDefaultRecentStatisticId() - recentStatisticId: ObjectID("63956c94c8a47f8750775f6c")
11/12/2022 12:58:47 | Run() / StatisticsServiceWriter - StatisticServiceWriter started at: 2022-12-11 12:58:47.5448124 +0500 +05 m=+0.687992901
11/12/2022 12:58:47 | setDefaultRecentStatisticId() - recentStatisticId: ObjectID("63956c94c8a47f8750775f6c")
11/12/2022 13:00:00 | @Hourly Cron job - successfuly created new hour activity object
11/12/2022 13:15:02 | Run() / StatisticsServiceWriter - StatisticServiceWriter started at: 2022-12-11 13:15:02.6467181 +0500 +05 m=+0.679360001
11/12/2022 13:15:02 | setDefaultRecentStatisticId() - recentStatisticId: ObjectID("63956c94c8a47f8750775f6c")
11/12/2022 13:16:42 | Run.NewActiveUser() / StatisticsServiceWriter - active user +1
11/12/2022 14:00:00 | @Hourly Cron job - successfuly created new hour activity object
11/12/2022 15:00:00 | @Hourly Cron job - successfuly created new hour activity object
11/12/2022 15:41:28 | Run() / StatisticsServiceWriter - StatisticServiceWriter started at: 2022-12-11 15:41:28.7884755 +0500 +05 m=+0.693166001
11/12/2022 15:41:28 | setDefaultRecentStatisticId() - recentStatisticId: ObjectID("63956c94c8a47f8750775f6c")
11/12/2022 15:41:38 | Run.NewActiveUser() / StatisticsServiceWriter - active user +1
11/12/2022 15:42:33 | Run.NewActiveUser() / StatisticsServiceWriter - active user +1
11/12/2022 15:42:33 | Run.NewActiveSeller() / StatisticsServiceWriter - active seller +1
11/12/2022 16:00:00 | @Hourly Cron job - successfuly created new hour activity object
11/12/2022 16:20:46 | Run() / StatisticsServiceWriter - StatisticServiceWriter started at: 2022-12-11 16:20:46.0099242 +0500 +05 m=+0.679065901
11/12/2022 16:20:46 | setDefaultRecentStatisticId() - recentStatisticId: ObjectID("63956c94c8a47f8750775f6c")
11/12/2022 16:21:06 | Run.NewActiveUser() / StatisticsServiceWriter - active user +1
11/12/2022 16:21:06 | Run.NewActiveSeller() / StatisticsServiceWriter - active seller +1
11/12/2022 16:21:33 | Run.NewActiveUser() / StatisticsServiceWriter - active user +1
11/12/2022 16:25:39 | Run() / StatisticsServiceWriter - StatisticServiceWriter started at: 2022-12-11 16:25:39.2782421 +0500 +05 m=+0.674386601
11/12/2022 16:25:39 | setDefaultRecentStatisticId() - recentStatisticId: ObjectID("63956c94c8a47f8750775f6c")
11/12/2022 16:34:33 | Run() / StatisticsServiceWriter - StatisticServiceWriter started at: 2022-12-11 16:34:33.6532132 +0500 +05 m=+0.674880901
11/12/2022 16:34:33 | setDefaultRecentStatisticId() - recentStatisticId: ObjectID("63956c94c8a47f8750775f6c")
11/12/2022 16:34:37 | Run.NewActiveUser() / StatisticsServiceWriter - active user +1
11/12/2022 16:34:59 | Run.NewActiveUser() / StatisticsServiceWriter - active user +1
11/12/2022 16:35:33 | Run.NewActiveUser() / StatisticsServiceWriter - active user +1
11/12/2022 16:35:33 | Run.NewActiveSeller() / StatisticsServiceWriter - active seller +1
11/12/2022 16:43:20 | Run() / StatisticsServiceWriter - StatisticServiceWriter started at: 2022-12-11 16:43:20.0398908 +0500 +05 m=+0.679619901
11/12/2022 16:43:20 | setDefaultRecentStatisticId() - recentStatisticId: ObjectID("63956c94c8a47f8750775f6c")
11/12/2022 16:51:36 | Run() / StatisticsServiceWriter - StatisticServiceWriter started at: 2022-12-11 16:51:36.8796247 +0500 +05 m=+0.684123801
11/12/2022 16:51:36 | setDefaultRecentStatisticId() - recentStatisticId: ObjectID("63956c94c8a47f8750775f6c")
11/12/2022 16:51:58 | Run.NewActiveUser() / StatisticsServiceWriter - active user +1
11/12/2022 16:51:58 | Run.NewActiveSeller() / StatisticsServiceWriter - active seller +1
11/12/2022 16:52:21 | Run.NewActiveUser() / StatisticsServiceWriter - active user +1
11/12/2022 16:54:29 | Run() / StatisticsServiceWriter - StatisticServiceWriter started at: 2022-12-11 16:54:29.8778697 +0500 +05 m=+0.690506901
11/12/2022 16:54:29 | setDefaultRecentStatisticId() - recentStatisticId: ObjectID("63956c94c8a47f8750775f6c")
11/12/2022 16:57:50 | Run() / StatisticsServiceWriter - StatisticServiceWriter started at: 2022-12-11 16:57:50.6569061 +0500 +05 m=+0.667142301
11/12/2022 16:57:50 | setDefaultRecentStatisticId() - recentStatisticId: ObjectID("63956c94c8a47f8750775f6c")
11/12/2022 17:00:00 | @Hourly Cron job - successfuly created new hour activity object
11/12/2022 17:01:29 | Run() / StatisticsServiceWriter - StatisticServiceWriter started at: 2022-12-11 17:01:29.3737938 +0500 +05 m=+0.679956601
11/12/2022 17:01:29 | setDefaultRecentStatisticId() - recentStatisticId: ObjectID("63956c94c8a47f8750775f6c")
11/12/2022 17:04:23 | Run() / StatisticsServiceWriter - StatisticServiceWriter started at: 2022-12-11 17:04:23.0555238 +0500 +05 m=+0.687387601
11/12/2022 17:04:23 | setDefaultRecentStatisticId() - recentStatisticId: ObjectID("63956c94c8a47f8750775f6c")
11/12/2022 17:04:45 | Run.NewActiveUser() / StatisticsServiceWriter - active user +1
11/12/2022 17:05:10 | Run.NewActiveUser() / StatisticsServiceWriter - active user +1
11/12/2022 17:05:10 | Run.NewActiveSeller() / StatisticsServiceWriter - active seller +1
11/12/2022 17:14:33 | Run() / StatisticsServiceWriter - StatisticServiceWriter started at: 2022-12-11 17:14:33.972806 +0500 +05 m=+1.036070301
11/12/2022 17:14:33 | setDefaultRecentStatisticId() - recentStatisticId: ObjectID("63956c94c8a47f8750775f6c")
11/12/2022 18:00:00 | @Hourly Cron job - successfuly created new hour activity object
11/12/2022 18:16:30 | Run.NewActiveUser() / StatisticsServiceWriter - active user +1
11/12/2022 18:16:30 | Run.NewActiveSeller() / StatisticsServiceWriter - active seller +1
11/12/2022 18:17:05 | Run.NewActiveUser() / StatisticsServiceWriter - active user +1
11/12/2022 18:19:21 | Run() / StatisticsServiceWriter - StatisticServiceWriter started at: 2022-12-11 18:19:21.7161555 +0500 +05 m=+0.681484401
11/12/2022 18:19:21 | setDefaultRecentStatisticId() - recentStatisticId: ObjectID("63956c94c8a47f8750775f6c")
11/12/2022 18:32:55 | Run() / StatisticsServiceWriter - StatisticServiceWriter started at: 2022-12-11 18:32:55.1112496 +0500 +05 m=+0.679190001
11/12/2022 18:32:55 | setDefaultRecentStatisticId() - recentStatisticId: ObjectID("63956c94c8a47f8750775f6c")
11/12/2022 18:33:15 | Run.NewActiveUser() / StatisticsServiceWriter - active user +1
11/12/2022 18:33:40 | Run.NewActiveUser() / StatisticsServiceWriter - active user +1
11/12/2022 18:33:40 | Run.NewActiveSeller() / StatisticsServiceWriter - active seller +1
11/12/2022 18:35:10 | Run() / StatisticsServiceWriter - StatisticServiceWriter started at: 2022-12-11 18:35:10.9780659 +0500 +05 m=+1.122576501
11/12/2022 18:35:10 | setDefaultRecentStatisticId() - recentStatisticId: ObjectID("63956c94c8a47f8750775f6c")
11/12/2022 18:37:12 | Run() / StatisticsServiceWriter - StatisticServiceWriter started at: 2022-12-11 18:37:12.2987413 +0500 +05 m=+0.693528801
11/12/2022 18:37:12 | setDefaultRecentStatisticId() - recentStatisticId: ObjectID("63956c94c8a47f8750775f6c")
11/12/2022 18:47:50 | Run() / StatisticsServiceWriter - StatisticServiceWriter started at: 2022-12-11 18:47:50.6174976 +0500 +05 m=+0.684845301
11/12/2022 18:47:50 | setDefaultRecentStatisticId() - recentStatisticId: ObjectID("63956c94c8a47f8750775f6c")
11/12/2022 18:54:33 | Run.NewActiveUser() / StatisticsServiceWriter - active user +1
11/12/2022 18:54:33 | Run.NewActiveSeller() / StatisticsServiceWriter - active seller +1
11/12/2022 18:55:01 | Run.NewActiveUser() / StatisticsServiceWriter - active user +1
11/12/2022 18:57:46 | Run() / StatisticsServiceWriter - StatisticServiceWriter started at: 2022-12-11 18:57:46.8887616 +0500 +05 m=+0.678288301
11/12/2022 18:57:46 | setDefaultRecentStatisticId() - recentStatisticId: ObjectID("63956c94c8a47f8750775f6c")
11/12/2022 19:00:00 | @Hourly Cron job - successfuly created new hour activity object
11/12/2022 19:08:52 | Run() / StatisticsServiceWriter - StatisticServiceWriter started at: 2022-12-11 19:08:52.4204832 +0500 +05 m=+0.675952901
11/12/2022 19:08:52 | setDefaultRecentStatisticId() - recentStatisticId: ObjectID("63956c94c8a47f8750775f6c")
11/12/2022 19:09:03 | Run.NewActiveUser() / StatisticsServiceWriter - active user +1
11/12/2022 19:09:36 | Run.NewActiveUser() / StatisticsServiceWriter - active user +1
11/12/2022 19:09:36 | Run.NewActiveSeller() / StatisticsServiceWriter - active seller +1
11/12/2022 19:19:15 | Run() / StatisticsServiceWriter - StatisticServiceWriter started at: 2022-12-11 19:19:15.4989458 +0500 +05 m=+0.673873801
11/12/2022 19:19:15 | setDefaultRecentStatisticId() - recentStatisticId: ObjectID("63956c94c8a47f8750775f6c")
11/12/2022 19:22:44 | Run() / StatisticsServiceWriter - StatisticServiceWriter started at: 2022-12-11 19:22:44.330054 +0500 +05 m=+0.677341601
11/12/2022 19:22:44 | setDefaultRecentStatisticId() - recentStatisticId: ObjectID("63956c94c8a47f8750775f6c")
11/12/2022 19:23:02 | Run.NewActiveUser() / StatisticsServiceWriter - active user +1
11/12/2022 19:23:02 | Run.NewActiveSeller() / StatisticsServiceWriter - active seller +1
11/12/2022 19:23:27 | Run.NewActiveUser() / StatisticsServiceWriter - active user +1
11/12/2022 19:38:04 | Run() / StatisticsServiceWriter - StatisticServiceWriter started at: 2022-12-11 19:38:04.4229057 +0500 +05 m=+0.678938601
11/12/2022 19:38:04 | setDefaultRecentStatisticId() - recentStatisticId: ObjectID("63956c94c8a47f8750775f6c")
11/12/2022 19:39:43 | Run.NewActiveUser() / StatisticsServiceWriter - active user +1
11/12/2022 19:41:33 | Run.NewActiveUser() / StatisticsServiceWriter - active user +1
11/12/2022 19:41:33 | Run.NewActiveSeller() / StatisticsServiceWriter - active seller +1
11/12/2022 19:43:16 | Run.NewActiveUser() / StatisticsServiceWriter - active user +1
11/12/2022 19:43:16 | Run.NewActiveSeller() / StatisticsServiceWriter - active seller +1
11/12/2022 19:46:13 | Run.NewActiveUser() / StatisticsServiceWriter - active user +1
11/12/2022 20:00:00 | @Hourly Cron job - successfuly created new hour activity object
11/12/2022 20:11:04 | Run() / StatisticsServiceWriter - StatisticServiceWriter started at: 2022-12-11 20:11:04.3486693 +0500 +05 m=+0.663387801
11/12/2022 20:11:04 | setDefaultRecentStatisticId() - recentStatisticId: ObjectID("63956c94c8a47f8750775f6c")
11/12/2022 20:11:23 | Run.NewActiveUser() / StatisticsServiceWriter - active user +1
11/12/2022 20:12:28 | Run.NewActiveUser() / StatisticsServiceWriter - active user +1
11/12/2022 20:12:28 | Run.NewActiveSeller() / StatisticsServiceWriter - active seller +1
11/12/2022 20:15:40 | Run() / StatisticsServiceWriter - StatisticServiceWriter started at: 2022-12-11 20:15:40.3279651 +0500 +05 m=+0.702937901
11/12/2022 20:15:40 | setDefaultRecentStatisticId() - recentStatisticId: ObjectID("63956c94c8a47f8750775f6c")
