**************************************
  Name: StatisticsService
  Created at: 13/12/2022 16:49:24
**************************************

13/12/2022 16:49:24 | Run() / StatisticsServiceWriter - StatisticServiceWriter started at: 2022-12-13 16:49:24.5501391 +0500 +05 m=+0.739293701
13/12/2022 16:49:24 | createNewStatisticDocument() - Date => 2022-12-13 00:00:00 +0000 UTC | ObjectID => ObjectID("639866c49c11adcddc3dcbda")
13/12/2022 16:49:24 | setDefaultRecentStatisticId() - recentStatisticId: ObjectID("639866c49c11adcddc3dcbda")
13/12/2022 17:00:00 | @Hourly Cron job - successfuly created new hour activity object
13/12/2022 17:11:52 | Run() / StatisticsServiceWriter - StatisticServiceWriter started at: 2022-12-13 17:11:52.6237504 +0500 +05 m=+0.692218301
13/12/2022 17:11:52 | setDefaultRecentStatisticId() - recentStatisticId: ObjectID("639866c49c11adcddc3dcbda")
13/12/2022 17:13:02 | Run.NewActiveUser() / StatisticsServiceWriter - active user +1
13/12/2022 17:13:02 | Run.NewActiveSeller() / StatisticsServiceWriter - active seller +1
13/12/2022 17:13:32 | Run.NewActiveUser() / StatisticsServiceWriter - active user +1
13/12/2022 17:13:32 | Run.NewActiveSeller() / StatisticsServiceWriter - active seller +1
13/12/2022 17:13:55 | Run.NewActiveUser() / StatisticsServiceWriter - active user +1
13/12/2022 17:13:55 | Run.NewActiveSeller() / StatisticsServiceWriter - active seller +1
13/12/2022 17:20:40 | Run() / StatisticsServiceWriter - StatisticServiceWriter started at: 2022-12-13 17:20:40.0900062 +0500 +05 m=+0.670478101
13/12/2022 17:20:40 | setDefaultRecentStatisticId() - recentStatisticId: ObjectID("639866c49c11adcddc3dcbda")
13/12/2022 17:26:19 | Run() / StatisticsServiceWriter - StatisticServiceWriter started at: 2022-12-13 17:26:19.936745 +0500 +05 m=+0.685276001
13/12/2022 17:26:19 | setDefaultRecentStatisticId() - recentStatisticId: ObjectID("639866c49c11adcddc3dcbda")
13/12/2022 17:26:51 | Run.NewActiveUser() / StatisticsServiceWriter - active user +1
13/12/2022 17:26:51 | Run.NewActiveSeller() / StatisticsServiceWriter - active seller +1
13/12/2022 17:27:23 | Run.NewActiveUser() / StatisticsServiceWriter - active user +1
13/12/2022 17:27:23 | Run.NewActiveSeller() / StatisticsServiceWriter - active seller +1
13/12/2022 17:29:45 | Run() / StatisticsServiceWriter - StatisticServiceWriter started at: 2022-12-13 17:29:45.9510061 +0500 +05 m=+0.688387901
13/12/2022 17:29:45 | setDefaultRecentStatisticId() - recentStatisticId: ObjectID("639866c49c11adcddc3dcbda")
13/12/2022 17:32:45 | Run() / StatisticsServiceWriter - StatisticServiceWriter started at: 2022-12-13 17:32:45.8781553 +0500 +05 m=+0.667781201
13/12/2022 17:32:45 | setDefaultRecentStatisticId() - recentStatisticId: ObjectID("639866c49c11adcddc3dcbda")
13/12/2022 17:33:56 | Run() / StatisticsServiceWriter - StatisticServiceWriter started at: 2022-12-13 17:33:56.101589 +0500 +05 m=+0.677940201
13/12/2022 17:33:56 | setDefaultRecentStatisticId() - recentStatisticId: ObjectID("639866c49c11adcddc3dcbda")
13/12/2022 17:46:39 | Run.NewActiveUser() / StatisticsServiceWriter - active user +1
13/12/2022 17:46:39 | Run.NewActiveSeller() / StatisticsServiceWriter - active seller +1
13/12/2022 17:47:26 | Run.NewActiveUser() / StatisticsServiceWriter - active user +1
13/12/2022 17:47:26 | Run.NewActiveSeller() / StatisticsServiceWriter - active seller +1
13/12/2022 17:59:45 | Run() / StatisticsServiceWriter - StatisticServiceWriter started at: 2022-12-13 17:59:45.9214999 +0500 +05 m=+0.702342501
13/12/2022 17:59:45 | setDefaultRecentStatisticId() - recentStatisticId: ObjectID("639866c49c11adcddc3dcbda")
13/12/2022 17:59:58 | Run.NewActiveUser() / StatisticsServiceWriter - active user +1
13/12/2022 17:59:58 | Run.NewActiveSeller() / StatisticsServiceWriter - active seller +1
13/12/2022 18:00:00 | @Hourly Cron job - successfuly created new hour activity object
13/12/2022 18:00:21 | Run.NewActiveUser() / StatisticsServiceWriter - active user +1
13/12/2022 18:00:21 | Run.NewActiveSeller() / StatisticsServiceWriter - active seller +1
13/12/2022 18:01:57 | Run() / StatisticsServiceWriter - StatisticServiceWriter started at: 2022-12-13 18:01:57.4338945 +0500 +05 m=+0.695862301
13/12/2022 18:01:57 | setDefaultRecentStatisticId() - recentStatisticId: ObjectID("639866c49c11adcddc3dcbda")
13/12/2022 18:06:00 | Run() / StatisticsServiceWriter - StatisticServiceWriter started at: 2022-12-13 18:06:00.3100439 +0500 +05 m=+0.693789501
13/12/2022 18:06:00 | setDefaultRecentStatisticId() - recentStatisticId: ObjectID("639866c49c11adcddc3dcbda")
13/12/2022 18:14:57 | Run() / StatisticsServiceWriter - StatisticServiceWriter started at: 2022-12-13 18:14:57.1552854 +0500 +05 m=+0.675780501
13/12/2022 18:14:57 | setDefaultRecentStatisticId() - recentStatisticId: ObjectID("639866c49c11adcddc3dcbda")
13/12/2022 18:34:41 | Run.NewActiveUser() / StatisticsServiceWriter - active user +1
13/12/2022 18:34:41 | Run.NewActiveSeller() / StatisticsServiceWriter - active seller +1
13/12/2022 19:00:00 | @Hourly Cron job - successfuly created new hour activity object
13/12/2022 19:01:21 | Run() / StatisticsServiceWriter - StatisticServiceWriter started at: 2022-12-13 19:01:21.4400365 +0500 +05 m=+0.690653901
13/12/2022 19:01:21 | setDefaultRecentStatisticId() - recentStatisticId: ObjectID("639866c49c11adcddc3dcbda")
13/12/2022 19:40:05 | Run.NewActiveUser() / StatisticsServiceWriter - active user +1
13/12/2022 19:40:05 | Run.NewActiveSeller() / StatisticsServiceWriter - active seller +1
13/12/2022 20:00:00 | @Hourly Cron job - successfuly created new hour activity object
13/12/2022 20:04:33 | Run() / StatisticsServiceWriter - StatisticServiceWriter started at: 2022-12-13 20:04:33.4052115 +0500 +05 m=+0.696289901
13/12/2022 20:04:33 | setDefaultRecentStatisticId() - recentStatisticId: ObjectID("639866c49c11adcddc3dcbda")
13/12/2022 20:05:19 | Run.NewActiveUser() / StatisticsServiceWriter - active user +1
13/12/2022 20:05:19 | Run.NewActiveSeller() / StatisticsServiceWriter - active seller +1
13/12/2022 20:07:30 | Run() / StatisticsServiceWriter - StatisticServiceWriter started at: 2022-12-13 20:07:30.9685308 +0500 +05 m=+0.675478801
13/12/2022 20:07:30 | setDefaultRecentStatisticId() - recentStatisticId: ObjectID("639866c49c11adcddc3dcbda")
13/12/2022 20:11:39 | Run() / StatisticsServiceWriter - StatisticServiceWriter started at: 2022-12-13 20:11:39.4135753 +0500 +05 m=+0.670468501
13/12/2022 20:11:39 | setDefaultRecentStatisticId() - recentStatisticId: ObjectID("639866c49c11adcddc3dcbda")
