**************************************
  Name: StatisticsService
  Created at: 07/12/2022 16:38:44
**************************************

07/12/2022 20:43:00 | Run() / StatisticsServiceWriter - StatisticServiceWriter started at: 2022-12-07 20:43:00.0575459 +0500 +05 m=+0.678027001
07/12/2022 20:43:00 | setDefaultRecentStatisticId() - recentStatisticId: ObjectID("63907b44e5f166025cdd2626")
07/12/2022 20:43:23 | Run() / StatisticsServiceWriter - StatisticServiceWriter started at: 2022-12-07 20:43:23.7874283 +0500 +05 m=+0.666721001
07/12/2022 20:43:23 | setDefaultRecentStatisticId() - recentStatisticId: ObjectID("63907b44e5f166025cdd2626")
07/12/2022 20:44:59 | Run() / StatisticsServiceWriter - StatisticServiceWriter started at: 2022-12-07 20:44:59.9528223 +0500 +05 m=+0.677041301
07/12/2022 20:44:59 | setDefaultRecentStatisticId() - recentStatisticId: ObjectID("63907b44e5f166025cdd2626")
07/12/2022 20:45:42 | Run.NewPublishedPost() / StatisticsServiceWriter - published post +1
07/12/2022 20:53:36 | Run() / StatisticsServiceWriter - StatisticServiceWriter started at: 2022-12-07 20:53:36.0095343 +0500 +05 m=+0.680220501
07/12/2022 20:53:36 | setDefaultRecentStatisticId() - recentStatisticId: ObjectID("63907b44e5f166025cdd2626")
07/12/2022 20:54:55 | Run() / StatisticsServiceWriter - StatisticServiceWriter started at: 2022-12-07 20:54:55.0768796 +0500 +05 m=+0.669142001
07/12/2022 20:54:55 | setDefaultRecentStatisticId() - recentStatisticId: ObjectID("63907b44e5f166025cdd2626")
07/12/2022 20:56:31 | Run() / StatisticsServiceWriter - StatisticServiceWriter started at: 2022-12-07 20:56:31.9952179 +0500 +05 m=+0.692002101
07/12/2022 20:56:32 | setDefaultRecentStatisticId() - recentStatisticId: ObjectID("63907b44e5f166025cdd2626")
07/12/2022 20:56:59 | Run.NewPublishedPost() / StatisticsServiceWriter - published post +1
07/12/2022 21:00:00 | @Hourly Cron job - successfuly created new hour activity object
07/12/2022 21:09:44 | Run() / StatisticsServiceWriter - StatisticServiceWriter started at: 2022-12-07 21:09:44.1587682 +0500 +05 m=+0.681789701
07/12/2022 21:09:44 | setDefaultRecentStatisticId() - recentStatisticId: ObjectID("63907b44e5f166025cdd2626")
07/12/2022 21:11:24 | Run() / StatisticsServiceWriter - StatisticServiceWriter started at: 2022-12-07 21:11:24.9453638 +0500 +05 m=+0.672027001
07/12/2022 21:11:24 | setDefaultRecentStatisticId() - recentStatisticId: ObjectID("63907b44e5f166025cdd2626")
07/12/2022 21:12:59 | Run() / StatisticsServiceWriter - StatisticServiceWriter started at: 2022-12-07 21:12:59.7669152 +0500 +05 m=+0.675151501
07/12/2022 21:12:59 | setDefaultRecentStatisticId() - recentStatisticId: ObjectID("63907b44e5f166025cdd2626")
07/12/2022 21:13:29 | Run.NewActiveUser() / StatisticsServiceWriter - active user +1
07/12/2022 21:13:29 | Run.NewActiveSeller() / StatisticsServiceWriter - active seller +1
07/12/2022 21:14:36 | Run.NewActiveUser() / StatisticsServiceWriter - active user +1
07/12/2022 21:14:36 | Run.NewActiveSeller() / StatisticsServiceWriter - active seller +1
