**************************************
  Name: main
  Created at: 25/11/2022 19:25:14
**************************************

25/11/2022 19:25:14 | /test - salam logger!
25/11/2022 19:25:14 | /test - ❌ - Bu sacma error!
25/11/2022 19:25:25 | /test - salam logger!
25/11/2022 19:25:25 | /test - ❌ - Bu sacma error!
25/11/2022 19:27:15 | /test - salam logger!
25/11/2022 19:27:15 | /test - ❌ - Bu sacma error!
25/11/2022 19:32:14 | /test - salam logger!
25/11/2022 19:32:14 | /test - ❌ - Bu sacma error!
25/11/2022 19:32:35 | /test - salam logger!
25/11/2022 19:32:35 | /test - ❌ - Bu sacma error!
sunda galdyk!
25/11/2022 19:35:35 | /test - salam logger!
25/11/2022 19:35:35 | /test - ❌ - Bu sacma error!
25/11/2022 19:35:48 | /test - salam logger!
25/11/2022 19:35:48 | /test - ❌ - Bu sacma error!
25/11/2022 19:36:28 | /test - salam logger!
25/11/2022 19:36:28 | /test - ❌ - Bu sacma error!
