**************************************
  Name: OjoCronService
  Created at: 10/12/2022 16:29:12
**************************************

10/12/2022 19:46:57 | channelCron() - Started at: 2022-12-10 19:46:57.6777018 +0500 +05 m=+0.708059201
10/12/2022 19:46:57 | AddListener() - `discount_removed` listener added
10/12/2022 19:46:57 | AddListener() - `add_discount` listener added
10/12/2022 19:46:57 | AddListener() - `auction_finished` listener added
10/12/2022 19:46:57 | AddListener() - `auction_removed` listener added
10/12/2022 19:46:57 | AddListener() - `permission_started` listener added
10/12/2022 19:46:57 | AddListener() - `permission_ended` listener added
10/12/2022 19:47:27 | expiredJobsCron() - getting expired jobs 2022-12-10 19:47:27.683111 +0500 +05 m=+30.713468401
10/12/2022 19:47:57 | expiredJobsCron() - getting expired jobs 2022-12-10 19:47:57.695959 +0500 +05 m=+60.726316401
10/12/2022 19:48:27 | expiredJobsCron() - getting expired jobs 2022-12-10 19:48:27.6902503 +0500 +05 m=+90.720607701
10/12/2022 19:48:57 | expiredJobsCron() - getting expired jobs 2022-12-10 19:48:57.6784773 +0500 +05 m=+120.708834701
10/12/2022 19:49:27 | expiredJobsCron() - getting expired jobs 2022-12-10 19:49:27.6899489 +0500 +05 m=+150.720306301
10/12/2022 19:49:57 | expiredJobsCron() - getting expired jobs 2022-12-10 19:49:57.6934976 +0500 +05 m=+180.723855001
10/12/2022 19:50:27 | expiredJobsCron() - getting expired jobs 2022-12-10 19:50:27.6800734 +0500 +05 m=+210.710430801
10/12/2022 19:50:57 | expiredJobsCron() - getting expired jobs 2022-12-10 19:50:57.6904795 +0500 +05 m=+240.720836901
10/12/2022 19:51:27 | expiredJobsCron() - getting expired jobs 2022-12-10 19:51:27.6881307 +0500 +05 m=+270.718488101
10/12/2022 19:51:57 | expiredJobsCron() - getting expired jobs 2022-12-10 19:51:57.6838739 +0500 +05 m=+300.714231301
10/12/2022 19:52:27 | expiredJobsCron() - getting expired jobs 2022-12-10 19:52:27.6929816 +0500 +05 m=+330.723339001
10/12/2022 20:36:09 | AddListener() - `discount_removed` listener added
10/12/2022 20:36:09 | AddListener() - `add_discount` listener added
10/12/2022 20:36:09 | AddListener() - `auction_finished` listener added
10/12/2022 20:36:09 | AddListener() - `auction_removed` listener added
10/12/2022 20:36:09 | AddListener() - `permission_started` listener added
10/12/2022 20:36:09 | AddListener() - `permission_ended` listener added
10/12/2022 20:36:09 | channelCron() - Started at: 2022-12-10 20:36:09.431159 +0500 +05 m=+0.702457601
10/12/2022 20:39:04 | AddListener() - `discount_removed` listener added
10/12/2022 20:39:04 | AddListener() - `add_discount` listener added
10/12/2022 20:39:04 | AddListener() - `auction_finished` listener added
10/12/2022 20:39:04 | AddListener() - `auction_removed` listener added
10/12/2022 20:39:04 | AddListener() - `permission_started` listener added
10/12/2022 20:39:04 | AddListener() - `permission_ended` listener added
10/12/2022 20:39:04 | channelCron() - Started at: 2022-12-10 20:39:04.2829003 +0500 +05 m=+0.687892701
10/12/2022 20:42:20 | AddListener() - `discount_removed` listener added
10/12/2022 20:42:20 | AddListener() - `add_discount` listener added
10/12/2022 20:42:20 | AddListener() - `auction_finished` listener added
10/12/2022 20:42:20 | AddListener() - `auction_removed` listener added
10/12/2022 20:42:20 | AddListener() - `permission_started` listener added
10/12/2022 20:42:20 | AddListener() - `permission_ended` listener added
10/12/2022 20:42:20 | channelCron() - Started at: 2022-12-10 20:42:20.281219 +0500 +05 m=+0.691058001
10/12/2022 20:42:28 | AddListener() - `discount_removed` listener added
10/12/2022 20:42:28 | AddListener() - `add_discount` listener added
10/12/2022 20:42:28 | AddListener() - `auction_finished` listener added
10/12/2022 20:42:28 | AddListener() - `auction_removed` listener added
10/12/2022 20:42:28 | AddListener() - `permission_started` listener added
10/12/2022 20:42:28 | AddListener() - `permission_ended` listener added
10/12/2022 20:42:28 | channelCron() - Started at: 2022-12-10 20:42:28.7655114 +0500 +05 m=+0.700945901
10/12/2022 20:42:58 | expiredJobsCron() - getting expired jobs 2022-12-10 20:42:58.7712746 +0500 +05 m=+30.706709101
10/12/2022 20:43:28 | expiredJobsCron() - getting expired jobs 2022-12-10 20:43:28.7740796 +0500 +05 m=+60.709514101
10/12/2022 20:43:58 | expiredJobsCron() - getting expired jobs 2022-12-10 20:43:58.7680965 +0500 +05 m=+90.703531001
10/12/2022 20:44:28 | expiredJobsCron() - getting expired jobs 2022-12-10 20:44:28.7698088 +0500 +05 m=+120.705243301
10/12/2022 20:44:58 | expiredJobsCron() - getting expired jobs 2022-12-10 20:44:58.7720197 +0500 +05 m=+150.707454201
10/12/2022 20:46:09 | AddListener() - `discount_removed` listener added
10/12/2022 20:46:09 | channelCron() - Started at: 2022-12-10 20:46:09.0989945 +0500 +05 m=+0.695528801
10/12/2022 20:46:09 | AddListener() - `add_discount` listener added
10/12/2022 20:46:09 | AddListener() - `auction_finished` listener added
10/12/2022 20:46:09 | AddListener() - `auction_removed` listener added
10/12/2022 20:46:09 | AddListener() - `permission_started` listener added
10/12/2022 20:46:09 | AddListener() - `permission_ended` listener added
10/12/2022 20:46:39 | expiredJobsCron() - getting expired jobs 2022-12-10 20:46:39.1110723 +0500 +05 m=+30.707606601
10/12/2022 20:47:09 | expiredJobsCron() - getting expired jobs 2022-12-10 20:47:09.1117543 +0500 +05 m=+60.708288601
10/12/2022 20:47:39 | expiredJobsCron() - getting expired jobs 2022-12-10 20:47:39.1101031 +0500 +05 m=+90.706637401
10/12/2022 20:48:09 | expiredJobsCron() - getting expired jobs 2022-12-10 20:48:09.1107892 +0500 +05 m=+120.707323501
10/12/2022 20:48:39 | expiredJobsCron() - getting expired jobs 2022-12-10 20:48:39.1117504 +0500 +05 m=+150.708284701
10/12/2022 20:49:09 | expiredJobsCron() - getting expired jobs 2022-12-10 20:49:09.1034733 +0500 +05 m=+180.700007601
10/12/2022 20:49:39 | expiredJobsCron() - getting expired jobs 2022-12-10 20:49:39.1058119 +0500 +05 m=+210.702346201
10/12/2022 20:50:01 | AddListener() - `discount_removed` listener added
10/12/2022 20:50:01 | AddListener() - `add_discount` listener added
10/12/2022 20:50:01 | AddListener() - `auction_finished` listener added
10/12/2022 20:50:01 | AddListener() - `auction_removed` listener added
10/12/2022 20:50:01 | AddListener() - `permission_started` listener added
10/12/2022 20:50:01 | AddListener() - `permission_ended` listener added
10/12/2022 20:50:01 | channelCron() - Started at: 2022-12-10 20:50:01.1240557 +0500 +05 m=+0.690820001
10/12/2022 20:50:31 | expiredJobsCron() - getting expired jobs 2022-12-10 20:50:31.1302472 +0500 +05 m=+30.697011501
10/12/2022 20:51:01 | expiredJobsCron() - getting expired jobs 2022-12-10 20:51:01.1307639 +0500 +05 m=+60.697528201
10/12/2022 20:51:31 | expiredJobsCron() - getting expired jobs 2022-12-10 20:51:31.133544 +0500 +05 m=+90.700308301
10/12/2022 20:52:01 | expiredJobsCron() - getting expired jobs 2022-12-10 20:52:01.1375183 +0500 +05 m=+120.704282601
10/12/2022 20:52:31 | expiredJobsCron() - getting expired jobs 2022-12-10 20:52:31.1328234 +0500 +05 m=+150.699587701
10/12/2022 20:53:01 | expiredJobsCron() - getting expired jobs 2022-12-10 20:53:01.130541 +0500 +05 m=+180.697305301
10/12/2022 20:53:31 | expiredJobsCron() - getting expired jobs 2022-12-10 20:53:31.1370805 +0500 +05 m=+210.703844801
10/12/2022 20:54:01 | expiredJobsCron() - getting expired jobs 2022-12-10 20:54:01.1390379 +0500 +05 m=+240.705802201
10/12/2022 20:55:12 | AddListener() - `discount_removed` listener added
10/12/2022 20:55:12 | AddListener() - `add_discount` listener added
10/12/2022 20:55:12 | AddListener() - `auction_finished` listener added
10/12/2022 20:55:12 | AddListener() - `auction_removed` listener added
10/12/2022 20:55:12 | AddListener() - `permission_started` listener added
10/12/2022 20:55:12 | AddListener() - `permission_ended` listener added
10/12/2022 20:55:12 | channelCron() - Started at: 2022-12-10 20:55:12.7777454 +0500 +05 m=+0.694164901
10/12/2022 20:55:42 | expiredJobsCron() - getting expired jobs 2022-12-10 20:55:42.7890231 +0500 +05 m=+30.705442601
10/12/2022 20:56:12 | expiredJobsCron() - getting expired jobs 2022-12-10 20:56:12.7819288 +0500 +05 m=+60.698348301
10/12/2022 20:56:42 | expiredJobsCron() - getting expired jobs 2022-12-10 20:56:42.7848413 +0500 +05 m=+90.701260801
10/12/2022 20:57:12 | expiredJobsCron() - getting expired jobs 2022-12-10 20:57:12.7927985 +0500 +05 m=+120.709218001
10/12/2022 20:57:42 | expiredJobsCron() - getting expired jobs 2022-12-10 20:57:42.7787956 +0500 +05 m=+150.695215101
10/12/2022 20:58:12 | expiredJobsCron() - getting expired jobs 2022-12-10 20:58:12.7792727 +0500 +05 m=+180.695692201
10/12/2022 20:58:42 | expiredJobsCron() - getting expired jobs 2022-12-10 20:58:42.7921953 +0500 +05 m=+210.708614801
10/12/2022 20:59:07 | AddListener() - `discount_removed` listener added
10/12/2022 20:59:07 | AddListener() - `add_discount` listener added
10/12/2022 20:59:07 | AddListener() - `auction_finished` listener added
10/12/2022 20:59:07 | AddListener() - `auction_removed` listener added
10/12/2022 20:59:07 | AddListener() - `permission_started` listener added
10/12/2022 20:59:07 | AddListener() - `permission_ended` listener added
10/12/2022 20:59:07 | channelCron() - Started at: 2022-12-10 20:59:07.8548813 +0500 +05 m=+0.680943501
10/12/2022 20:59:37 | expiredJobsCron() - getting expired jobs 2022-12-10 20:59:37.858408 +0500 +05 m=+30.684470201
10/12/2022 21:00:07 | expiredJobsCron() - getting expired jobs 2022-12-10 21:00:07.8685606 +0500 +05 m=+60.694622801
10/12/2022 21:00:37 | expiredJobsCron() - getting expired jobs 2022-12-10 21:00:37.8826872 +0500 +05 m=+90.708749401
10/12/2022 21:00:53 | AddListener() - `discount_removed` listener added
10/12/2022 21:00:53 | AddListener() - `add_discount` listener added
10/12/2022 21:00:53 | AddListener() - `auction_finished` listener added
10/12/2022 21:00:53 | AddListener() - `auction_removed` listener added
10/12/2022 21:00:53 | AddListener() - `permission_started` listener added
10/12/2022 21:00:53 | AddListener() - `permission_ended` listener added
10/12/2022 21:00:53 | channelCron() - Started at: 2022-12-10 21:00:53.9267622 +0500 +05 m=+0.706226301
10/12/2022 21:01:23 | expiredJobsCron() - getting expired jobs 2022-12-10 21:01:23.9405045 +0500 +05 m=+30.719968601
10/12/2022 21:01:53 | expiredJobsCron() - getting expired jobs 2022-12-10 21:01:53.939808 +0500 +05 m=+60.719272101
10/12/2022 21:02:23 | expiredJobsCron() - getting expired jobs 2022-12-10 21:02:23.9414012 +0500 +05 m=+90.720865301
10/12/2022 21:02:37 | AddListener() - `discount_removed` listener added
10/12/2022 21:02:37 | AddListener() - `add_discount` listener added
10/12/2022 21:02:37 | AddListener() - `auction_finished` listener added
10/12/2022 21:02:37 | AddListener() - `auction_removed` listener added
10/12/2022 21:02:37 | AddListener() - `permission_started` listener added
10/12/2022 21:02:37 | AddListener() - `permission_ended` listener added
10/12/2022 21:02:37 | channelCron() - Started at: 2022-12-10 21:02:37.0437645 +0500 +05 m=+0.684455501
10/12/2022 21:03:07 | expiredJobsCron() - getting expired jobs 2022-12-10 21:03:07.0442787 +0500 +05 m=+30.684969701
10/12/2022 21:03:37 | expiredJobsCron() - getting expired jobs 2022-12-10 21:03:37.0545924 +0500 +05 m=+60.695283401
10/12/2022 21:04:09 | AddListener() - `discount_removed` listener added
10/12/2022 21:04:09 | AddListener() - `add_discount` listener added
10/12/2022 21:04:09 | AddListener() - `auction_finished` listener added
10/12/2022 21:04:09 | AddListener() - `auction_removed` listener added
10/12/2022 21:04:09 | AddListener() - `permission_started` listener added
10/12/2022 21:04:09 | AddListener() - `permission_ended` listener added
10/12/2022 21:04:09 | channelCron() - Started at: 2022-12-10 21:04:09.7019407 +0500 +05 m=+0.696322401
10/12/2022 21:04:39 | expiredJobsCron() - getting expired jobs 2022-12-10 21:04:39.7027705 +0500 +05 m=+30.697152201
