**************************************
  Name: OjoCronService
  Created at: 13/12/2022 16:49:23
**************************************

13/12/2022 16:49:24 | channelCron() - Started at: 2022-12-13 16:49:24.5596551 +0500 +05 m=+0.748809701
13/12/2022 16:49:24 | AddListener() - `discount_removed` listener added
13/12/2022 16:49:24 | AddListener() - `add_discount` listener added
13/12/2022 16:49:24 | AddListener() - `auction_finished` listener added
13/12/2022 16:49:24 | AddListener() - `auction_removed` listener added
13/12/2022 16:49:24 | AddListener() - `permission_started` listener added
13/12/2022 16:49:24 | AddListener() - `permission_ended` listener added
13/12/2022 16:49:54 | expiredJobsCron() - getting expired jobs 2022-12-13 16:49:54.5616692 +0500 +05 m=+30.750823801
13/12/2022 16:50:24 | expiredJobsCron() - getting expired jobs 2022-12-13 16:50:24.572634 +0500 +05 m=+60.761788601
13/12/2022 16:50:54 | expiredJobsCron() - getting expired jobs 2022-12-13 16:50:54.5704701 +0500 +05 m=+90.759624701
13/12/2022 16:51:24 | expiredJobsCron() - getting expired jobs 2022-12-13 16:51:24.5702066 +0500 +05 m=+120.759361201
13/12/2022 16:51:54 | expiredJobsCron() - getting expired jobs 2022-12-13 16:51:54.5610633 +0500 +05 m=+150.750217901
13/12/2022 16:52:24 | expiredJobsCron() - getting expired jobs 2022-12-13 16:52:24.5674373 +0500 +05 m=+180.756591901
13/12/2022 16:52:54 | expiredJobsCron() - getting expired jobs 2022-12-13 16:52:54.5624641 +0500 +05 m=+210.751618701
13/12/2022 16:53:24 | expiredJobsCron() - getting expired jobs 2022-12-13 16:53:24.5739911 +0500 +05 m=+240.763145701
13/12/2022 16:53:54 | expiredJobsCron() - getting expired jobs 2022-12-13 16:53:54.5683854 +0500 +05 m=+270.757540001
13/12/2022 16:54:24 | expiredJobsCron() - getting expired jobs 2022-12-13 16:54:24.567674 +0500 +05 m=+300.756828601
13/12/2022 16:54:54 | expiredJobsCron() - getting expired jobs 2022-12-13 16:54:54.5669046 +0500 +05 m=+330.756059201
13/12/2022 16:55:24 | expiredJobsCron() - getting expired jobs 2022-12-13 16:55:24.5633207 +0500 +05 m=+360.752475301
13/12/2022 16:55:54 | expiredJobsCron() - getting expired jobs 2022-12-13 16:55:54.5648982 +0500 +05 m=+390.754052801
13/12/2022 16:56:24 | expiredJobsCron() - getting expired jobs 2022-12-13 16:56:24.5698232 +0500 +05 m=+420.758977801
13/12/2022 16:56:54 | expiredJobsCron() - getting expired jobs 2022-12-13 16:56:54.572849 +0500 +05 m=+450.762003601
13/12/2022 16:57:24 | expiredJobsCron() - getting expired jobs 2022-12-13 16:57:24.5670721 +0500 +05 m=+480.756226701
13/12/2022 16:57:54 | expiredJobsCron() - getting expired jobs 2022-12-13 16:57:54.5681298 +0500 +05 m=+510.757284401
13/12/2022 16:58:24 | expiredJobsCron() - getting expired jobs 2022-12-13 16:58:24.566276 +0500 +05 m=+540.755430601
13/12/2022 16:58:54 | expiredJobsCron() - getting expired jobs 2022-12-13 16:58:54.5740181 +0500 +05 m=+570.763172701
13/12/2022 16:59:24 | expiredJobsCron() - getting expired jobs 2022-12-13 16:59:24.5611645 +0500 +05 m=+600.750319101
13/12/2022 16:59:54 | expiredJobsCron() - getting expired jobs 2022-12-13 16:59:54.561289 +0500 +05 m=+630.750443601
13/12/2022 17:00:24 | expiredJobsCron() - getting expired jobs 2022-12-13 17:00:24.5663798 +0500 +05 m=+660.755534401
13/12/2022 17:00:54 | expiredJobsCron() - getting expired jobs 2022-12-13 17:00:54.5677488 +0500 +05 m=+690.756903401
13/12/2022 17:01:24 | expiredJobsCron() - getting expired jobs 2022-12-13 17:01:24.5700247 +0500 +05 m=+720.759179301
13/12/2022 17:01:54 | expiredJobsCron() - getting expired jobs 2022-12-13 17:01:54.5644496 +0500 +05 m=+750.753604201
13/12/2022 17:02:24 | expiredJobsCron() - getting expired jobs 2022-12-13 17:02:24.5608821 +0500 +05 m=+780.750036701
13/12/2022 17:02:54 | expiredJobsCron() - getting expired jobs 2022-12-13 17:02:54.561928 +0500 +05 m=+810.751082601
13/12/2022 17:03:24 | expiredJobsCron() - getting expired jobs 2022-12-13 17:03:24.5699282 +0500 +05 m=+840.759082801
13/12/2022 17:03:54 | expiredJobsCron() - getting expired jobs 2022-12-13 17:03:54.5609537 +0500 +05 m=+870.750108301
13/12/2022 17:04:24 | expiredJobsCron() - getting expired jobs 2022-12-13 17:04:24.561253 +0500 +05 m=+900.750407601
13/12/2022 17:04:54 | expiredJobsCron() - getting expired jobs 2022-12-13 17:04:54.5750862 +0500 +05 m=+930.764240801
13/12/2022 17:05:24 | expiredJobsCron() - getting expired jobs 2022-12-13 17:05:24.5677889 +0500 +05 m=+960.756943501
13/12/2022 17:05:54 | expiredJobsCron() - getting expired jobs 2022-12-13 17:05:54.5653494 +0500 +05 m=+990.754504001
13/12/2022 17:06:24 | expiredJobsCron() - getting expired jobs 2022-12-13 17:06:24.5634433 +0500 +05 m=+1020.752597901
13/12/2022 17:06:54 | expiredJobsCron() - getting expired jobs 2022-12-13 17:06:54.5724887 +0500 +05 m=+1050.761643301
13/12/2022 17:07:24 | expiredJobsCron() - getting expired jobs 2022-12-13 17:07:24.5657788 +0500 +05 m=+1080.754933401
13/12/2022 17:07:54 | expiredJobsCron() - getting expired jobs 2022-12-13 17:07:54.5675331 +0500 +05 m=+1110.756687701
13/12/2022 17:08:24 | expiredJobsCron() - getting expired jobs 2022-12-13 17:08:24.5626107 +0500 +05 m=+1140.751765301
13/12/2022 17:08:54 | expiredJobsCron() - getting expired jobs 2022-12-13 17:08:54.5659773 +0500 +05 m=+1170.755131901
13/12/2022 17:09:24 | expiredJobsCron() - getting expired jobs 2022-12-13 17:09:24.5643738 +0500 +05 m=+1200.753528401
13/12/2022 17:09:54 | expiredJobsCron() - getting expired jobs 2022-12-13 17:09:54.561104 +0500 +05 m=+1230.750258601
13/12/2022 17:10:24 | expiredJobsCron() - getting expired jobs 2022-12-13 17:10:24.5665795 +0500 +05 m=+1260.755734101
13/12/2022 17:10:54 | expiredJobsCron() - getting expired jobs 2022-12-13 17:10:54.5699764 +0500 +05 m=+1290.759131001
13/12/2022 17:11:24 | expiredJobsCron() - getting expired jobs 2022-12-13 17:11:24.5647506 +0500 +05 m=+1320.753905201
13/12/2022 17:11:52 | AddListener() - `discount_removed` listener added
13/12/2022 17:11:52 | AddListener() - `add_discount` listener added
13/12/2022 17:11:52 | AddListener() - `auction_finished` listener added
13/12/2022 17:11:52 | AddListener() - `auction_removed` listener added
13/12/2022 17:11:52 | AddListener() - `permission_started` listener added
13/12/2022 17:11:52 | AddListener() - `permission_ended` listener added
13/12/2022 17:11:52 | channelCron() - Started at: 2022-12-13 17:11:52.6259074 +0500 +05 m=+0.694375301
13/12/2022 17:12:22 | expiredJobsCron() - getting expired jobs 2022-12-13 17:12:22.6310603 +0500 +05 m=+30.699528201
13/12/2022 17:12:52 | expiredJobsCron() - getting expired jobs 2022-12-13 17:12:52.6318346 +0500 +05 m=+60.700302501
13/12/2022 17:13:22 | expiredJobsCron() - getting expired jobs 2022-12-13 17:13:22.6324137 +0500 +05 m=+90.700881601
13/12/2022 17:13:52 | expiredJobsCron() - getting expired jobs 2022-12-13 17:13:52.6285645 +0500 +05 m=+120.697032401
13/12/2022 17:14:22 | expiredJobsCron() - getting expired jobs 2022-12-13 17:14:22.6328798 +0500 +05 m=+150.701347701
13/12/2022 17:14:52 | expiredJobsCron() - getting expired jobs 2022-12-13 17:14:52.635201 +0500 +05 m=+180.703668901
13/12/2022 17:15:22 | expiredJobsCron() - getting expired jobs 2022-12-13 17:15:22.6324575 +0500 +05 m=+210.700925401
13/12/2022 17:15:52 | expiredJobsCron() - getting expired jobs 2022-12-13 17:15:52.6400877 +0500 +05 m=+240.708555601
13/12/2022 17:16:22 | expiredJobsCron() - getting expired jobs 2022-12-13 17:16:22.6326193 +0500 +05 m=+270.701087201
13/12/2022 17:16:52 | expiredJobsCron() - getting expired jobs 2022-12-13 17:16:52.6399008 +0500 +05 m=+300.708368701
13/12/2022 17:17:22 | expiredJobsCron() - getting expired jobs 2022-12-13 17:17:22.6459249 +0500 +05 m=+330.714392801
13/12/2022 17:17:52 | expiredJobsCron() - getting expired jobs 2022-12-13 17:17:52.632747 +0500 +05 m=+360.701214901
13/12/2022 17:18:22 | expiredJobsCron() - getting expired jobs 2022-12-13 17:18:22.6311315 +0500 +05 m=+390.699599401
13/12/2022 17:18:52 | expiredJobsCron() - getting expired jobs 2022-12-13 17:18:52.6263205 +0500 +05 m=+420.694788401
13/12/2022 17:19:22 | expiredJobsCron() - getting expired jobs 2022-12-13 17:19:22.6401276 +0500 +05 m=+450.708595501
13/12/2022 17:19:52 | expiredJobsCron() - getting expired jobs 2022-12-13 17:19:52.6384564 +0500 +05 m=+480.706924301
13/12/2022 17:20:22 | expiredJobsCron() - getting expired jobs 2022-12-13 17:20:22.6313834 +0500 +05 m=+510.699851301
13/12/2022 17:20:40 | AddListener() - `discount_removed` listener added
13/12/2022 17:20:40 | AddListener() - `add_discount` listener added
13/12/2022 17:20:40 | AddListener() - `auction_finished` listener added
13/12/2022 17:20:40 | AddListener() - `auction_removed` listener added
13/12/2022 17:20:40 | AddListener() - `permission_started` listener added
13/12/2022 17:20:40 | AddListener() - `permission_ended` listener added
13/12/2022 17:20:40 | channelCron() - Started at: 2022-12-13 17:20:40.0920074 +0500 +05 m=+0.672479301
13/12/2022 17:21:10 | expiredJobsCron() - getting expired jobs 2022-12-13 17:21:10.1009941 +0500 +05 m=+30.681466001
13/12/2022 17:21:40 | expiredJobsCron() - getting expired jobs 2022-12-13 17:21:40.09661 +0500 +05 m=+60.677081901
13/12/2022 17:22:10 | expiredJobsCron() - getting expired jobs 2022-12-13 17:22:10.0965202 +0500 +05 m=+90.676992101
13/12/2022 17:22:40 | expiredJobsCron() - getting expired jobs 2022-12-13 17:22:40.094133 +0500 +05 m=+120.674604901
13/12/2022 17:23:10 | expiredJobsCron() - getting expired jobs 2022-12-13 17:23:10.1059653 +0500 +05 m=+150.686437201
13/12/2022 17:23:40 | expiredJobsCron() - getting expired jobs 2022-12-13 17:23:40.0949193 +0500 +05 m=+180.675391201
13/12/2022 17:24:10 | expiredJobsCron() - getting expired jobs 2022-12-13 17:24:10.1032303 +0500 +05 m=+210.683702201
13/12/2022 17:24:40 | expiredJobsCron() - getting expired jobs 2022-12-13 17:24:40.1054866 +0500 +05 m=+240.685958501
13/12/2022 17:26:19 | AddListener() - `discount_removed` listener added
13/12/2022 17:26:19 | AddListener() - `add_discount` listener added
13/12/2022 17:26:19 | AddListener() - `auction_finished` listener added
13/12/2022 17:26:19 | AddListener() - `auction_removed` listener added
13/12/2022 17:26:19 | AddListener() - `permission_started` listener added
13/12/2022 17:26:19 | AddListener() - `permission_ended` listener added
13/12/2022 17:26:19 | channelCron() - Started at: 2022-12-13 17:26:19.9435069 +0500 +05 m=+0.692037901
13/12/2022 17:26:49 | expiredJobsCron() - getting expired jobs 2022-12-13 17:26:49.9537902 +0500 +05 m=+30.702321201
13/12/2022 17:27:19 | expiredJobsCron() - getting expired jobs 2022-12-13 17:27:19.9543905 +0500 +05 m=+60.702921501
13/12/2022 17:27:49 | expiredJobsCron() - getting expired jobs 2022-12-13 17:27:49.9468461 +0500 +05 m=+90.695377101
13/12/2022 17:28:19 | expiredJobsCron() - getting expired jobs 2022-12-13 17:28:19.9557508 +0500 +05 m=+120.704281801
13/12/2022 17:28:49 | expiredJobsCron() - getting expired jobs 2022-12-13 17:28:49.96127 +0500 +05 m=+150.709801001
13/12/2022 17:29:19 | expiredJobsCron() - getting expired jobs 2022-12-13 17:29:19.9539644 +0500 +05 m=+180.702495401
13/12/2022 17:29:45 | AddListener() - `discount_removed` listener added
13/12/2022 17:29:45 | AddListener() - `add_discount` listener added
13/12/2022 17:29:45 | AddListener() - `auction_finished` listener added
13/12/2022 17:29:45 | AddListener() - `auction_removed` listener added
13/12/2022 17:29:45 | AddListener() - `permission_started` listener added
13/12/2022 17:29:45 | AddListener() - `permission_ended` listener added
13/12/2022 17:29:45 | channelCron() - Started at: 2022-12-13 17:29:45.9556595 +0500 +05 m=+0.693041301
13/12/2022 17:30:15 | expiredJobsCron() - getting expired jobs 2022-12-13 17:30:15.9608521 +0500 +05 m=+30.698233901
13/12/2022 17:30:45 | expiredJobsCron() - getting expired jobs 2022-12-13 17:30:45.9598772 +0500 +05 m=+60.697259001
13/12/2022 17:31:15 | expiredJobsCron() - getting expired jobs 2022-12-13 17:31:15.9713883 +0500 +05 m=+90.708770101
13/12/2022 17:32:45 | AddListener() - `discount_removed` listener added
13/12/2022 17:32:45 | AddListener() - `add_discount` listener added
13/12/2022 17:32:45 | AddListener() - `auction_finished` listener added
13/12/2022 17:32:45 | AddListener() - `auction_removed` listener added
13/12/2022 17:32:45 | AddListener() - `permission_started` listener added
13/12/2022 17:32:45 | AddListener() - `permission_ended` listener added
13/12/2022 17:32:45 | channelCron() - Started at: 2022-12-13 17:32:45.8791582 +0500 +05 m=+0.668784101
13/12/2022 17:33:15 | expiredJobsCron() - getting expired jobs 2022-12-13 17:33:15.9241044 +0500 +05 m=+30.713730301
13/12/2022 17:33:56 | AddListener() - `discount_removed` listener added
13/12/2022 17:33:56 | AddListener() - `add_discount` listener added
13/12/2022 17:33:56 | AddListener() - `auction_finished` listener added
13/12/2022 17:33:56 | AddListener() - `auction_removed` listener added
13/12/2022 17:33:56 | AddListener() - `permission_started` listener added
13/12/2022 17:33:56 | AddListener() - `permission_ended` listener added
13/12/2022 17:33:56 | channelCron() - Started at: 2022-12-13 17:33:56.1045862 +0500 +05 m=+0.680937401
13/12/2022 17:34:26 | expiredJobsCron() - getting expired jobs 2022-12-13 17:34:26.1049034 +0500 +05 m=+30.681254601
13/12/2022 17:34:56 | expiredJobsCron() - getting expired jobs 2022-12-13 17:34:56.1059281 +0500 +05 m=+60.682279301
13/12/2022 17:35:26 | expiredJobsCron() - getting expired jobs 2022-12-13 17:35:26.1081653 +0500 +05 m=+90.684516501
13/12/2022 17:35:56 | expiredJobsCron() - getting expired jobs 2022-12-13 17:35:56.1153545 +0500 +05 m=+120.691705701
13/12/2022 17:36:26 | expiredJobsCron() - getting expired jobs 2022-12-13 17:36:26.1246389 +0500 +05 m=+150.700990101
13/12/2022 17:36:56 | expiredJobsCron() - getting expired jobs 2022-12-13 17:36:56.1128759 +0500 +05 m=+180.689227101
13/12/2022 17:37:26 | expiredJobsCron() - getting expired jobs 2022-12-13 17:37:26.1060534 +0500 +05 m=+210.682404601
13/12/2022 17:37:56 | expiredJobsCron() - getting expired jobs 2022-12-13 17:37:56.1072248 +0500 +05 m=+240.683576001
13/12/2022 17:38:26 | expiredJobsCron() - getting expired jobs 2022-12-13 17:38:26.1079191 +0500 +05 m=+270.684270301
13/12/2022 17:38:56 | expiredJobsCron() - getting expired jobs 2022-12-13 17:38:56.1077984 +0500 +05 m=+300.684149601
13/12/2022 17:39:26 | expiredJobsCron() - getting expired jobs 2022-12-13 17:39:26.1179957 +0500 +05 m=+330.694346901
13/12/2022 17:39:56 | expiredJobsCron() - getting expired jobs 2022-12-13 17:39:56.1052001 +0500 +05 m=+360.681551301
13/12/2022 17:40:26 | expiredJobsCron() - getting expired jobs 2022-12-13 17:40:26.1076521 +0500 +05 m=+390.684003301
13/12/2022 17:40:56 | expiredJobsCron() - getting expired jobs 2022-12-13 17:40:56.1079106 +0500 +05 m=+420.684261801
13/12/2022 17:41:26 | expiredJobsCron() - getting expired jobs 2022-12-13 17:41:26.109139 +0500 +05 m=+450.685490201
13/12/2022 17:41:56 | expiredJobsCron() - getting expired jobs 2022-12-13 17:41:56.1158158 +0500 +05 m=+480.692167001
13/12/2022 17:42:26 | expiredJobsCron() - getting expired jobs 2022-12-13 17:42:26.1111873 +0500 +05 m=+510.687538501
13/12/2022 17:42:56 | expiredJobsCron() - getting expired jobs 2022-12-13 17:42:56.1139255 +0500 +05 m=+540.690276701
13/12/2022 17:43:26 | expiredJobsCron() - getting expired jobs 2022-12-13 17:43:26.106622 +0500 +05 m=+570.682973201
13/12/2022 17:43:56 | expiredJobsCron() - getting expired jobs 2022-12-13 17:43:56.1053985 +0500 +05 m=+600.681749701
13/12/2022 17:44:26 | expiredJobsCron() - getting expired jobs 2022-12-13 17:44:26.1094663 +0500 +05 m=+630.685817501
13/12/2022 17:44:56 | expiredJobsCron() - getting expired jobs 2022-12-13 17:44:56.1191205 +0500 +05 m=+660.695471701
13/12/2022 17:45:26 | expiredJobsCron() - getting expired jobs 2022-12-13 17:45:26.1187019 +0500 +05 m=+690.695053101
13/12/2022 17:45:56 | expiredJobsCron() - getting expired jobs 2022-12-13 17:45:56.115813 +0500 +05 m=+720.692164201
13/12/2022 17:46:26 | expiredJobsCron() - getting expired jobs 2022-12-13 17:46:26.1146911 +0500 +05 m=+750.691042301
13/12/2022 17:46:56 | expiredJobsCron() - getting expired jobs 2022-12-13 17:46:56.1155413 +0500 +05 m=+780.691892501
13/12/2022 17:47:26 | expiredJobsCron() - getting expired jobs 2022-12-13 17:47:26.1138853 +0500 +05 m=+810.690236501
13/12/2022 17:47:56 | expiredJobsCron() - getting expired jobs 2022-12-13 17:47:56.1176435 +0500 +05 m=+840.693994701
13/12/2022 17:48:26 | expiredJobsCron() - getting expired jobs 2022-12-13 17:48:26.1054272 +0500 +05 m=+870.681778401
13/12/2022 17:48:56 | expiredJobsCron() - getting expired jobs 2022-12-13 17:48:56.1099729 +0500 +05 m=+900.686324101
13/12/2022 17:49:26 | expiredJobsCron() - getting expired jobs 2022-12-13 17:49:26.1101433 +0500 +05 m=+930.686494501
13/12/2022 17:49:56 | expiredJobsCron() - getting expired jobs 2022-12-13 17:49:56.1116193 +0500 +05 m=+960.687970501
13/12/2022 17:50:26 | expiredJobsCron() - getting expired jobs 2022-12-13 17:50:26.1183093 +0500 +05 m=+990.694660501
13/12/2022 17:50:56 | expiredJobsCron() - getting expired jobs 2022-12-13 17:50:56.1122968 +0500 +05 m=+1020.688648001
13/12/2022 17:51:26 | expiredJobsCron() - getting expired jobs 2022-12-13 17:51:26.1118638 +0500 +05 m=+1050.688215001
13/12/2022 17:51:56 | expiredJobsCron() - getting expired jobs 2022-12-13 17:51:56.1080686 +0500 +05 m=+1080.684419801
13/12/2022 17:52:26 | expiredJobsCron() - getting expired jobs 2022-12-13 17:52:26.1106901 +0500 +05 m=+1110.687041301
13/12/2022 17:52:56 | expiredJobsCron() - getting expired jobs 2022-12-13 17:52:56.1118153 +0500 +05 m=+1140.688166501
13/12/2022 17:53:26 | expiredJobsCron() - getting expired jobs 2022-12-13 17:53:26.119514 +0500 +05 m=+1170.695865201
13/12/2022 17:53:56 | expiredJobsCron() - getting expired jobs 2022-12-13 17:53:56.1101139 +0500 +05 m=+1200.686465101
13/12/2022 17:54:26 | expiredJobsCron() - getting expired jobs 2022-12-13 17:54:26.1187419 +0500 +05 m=+1230.695093101
13/12/2022 17:54:56 | expiredJobsCron() - getting expired jobs 2022-12-13 17:54:56.1051852 +0500 +05 m=+1260.681536401
13/12/2022 17:55:26 | expiredJobsCron() - getting expired jobs 2022-12-13 17:55:26.1188874 +0500 +05 m=+1290.695238601
13/12/2022 17:55:56 | expiredJobsCron() - getting expired jobs 2022-12-13 17:55:56.1117571 +0500 +05 m=+1320.688108301
13/12/2022 17:56:26 | expiredJobsCron() - getting expired jobs 2022-12-13 17:56:26.1062255 +0500 +05 m=+1350.682576701
13/12/2022 17:56:56 | expiredJobsCron() - getting expired jobs 2022-12-13 17:56:56.1120636 +0500 +05 m=+1380.688414801
13/12/2022 17:57:26 | expiredJobsCron() - getting expired jobs 2022-12-13 17:57:26.1069816 +0500 +05 m=+1410.683332801
13/12/2022 17:57:56 | expiredJobsCron() - getting expired jobs 2022-12-13 17:57:56.1187165 +0500 +05 m=+1440.695067701
13/12/2022 17:58:26 | expiredJobsCron() - getting expired jobs 2022-12-13 17:58:26.1145353 +0500 +05 m=+1470.690886501
13/12/2022 17:58:56 | expiredJobsCron() - getting expired jobs 2022-12-13 17:58:56.1109946 +0500 +05 m=+1500.687345801
13/12/2022 17:59:26 | expiredJobsCron() - getting expired jobs 2022-12-13 17:59:26.1460562 +0500 +05 m=+1530.722407401
13/12/2022 17:59:45 | AddListener() - `discount_removed` listener added
13/12/2022 17:59:45 | channelCron() - Started at: 2022-12-13 17:59:45.9241048 +0500 +05 m=+0.704947401
13/12/2022 17:59:45 | AddListener() - `add_discount` listener added
13/12/2022 17:59:45 | AddListener() - `auction_finished` listener added
13/12/2022 17:59:45 | AddListener() - `auction_removed` listener added
13/12/2022 17:59:45 | AddListener() - `permission_started` listener added
13/12/2022 17:59:45 | AddListener() - `permission_ended` listener added
13/12/2022 18:00:15 | expiredJobsCron() - getting expired jobs 2022-12-13 18:00:15.9348968 +0500 +05 m=+30.715739401
13/12/2022 18:00:45 | expiredJobsCron() - getting expired jobs 2022-12-13 18:00:45.9344767 +0500 +05 m=+60.715319301
13/12/2022 18:01:15 | expiredJobsCron() - getting expired jobs 2022-12-13 18:01:15.9243013 +0500 +05 m=+90.705143901
13/12/2022 18:01:45 | expiredJobsCron() - getting expired jobs 2022-12-13 18:01:45.9537202 +0500 +05 m=+120.734562801
13/12/2022 18:01:57 | AddListener() - `discount_removed` listener added
13/12/2022 18:01:57 | AddListener() - `add_discount` listener added
13/12/2022 18:01:57 | AddListener() - `auction_finished` listener added
13/12/2022 18:01:57 | AddListener() - `auction_removed` listener added
13/12/2022 18:01:57 | AddListener() - `permission_started` listener added
13/12/2022 18:01:57 | AddListener() - `permission_ended` listener added
13/12/2022 18:01:57 | channelCron() - Started at: 2022-12-13 18:01:57.4391572 +0500 +05 m=+0.701125001
13/12/2022 18:02:27 | expiredJobsCron() - getting expired jobs 2022-12-13 18:02:27.4515131 +0500 +05 m=+30.713480901
13/12/2022 18:02:57 | expiredJobsCron() - getting expired jobs 2022-12-13 18:02:57.4397292 +0500 +05 m=+60.701697001
13/12/2022 18:03:27 | expiredJobsCron() - getting expired jobs 2022-12-13 18:03:27.4543929 +0500 +05 m=+90.716360701
13/12/2022 18:03:57 | expiredJobsCron() - getting expired jobs 2022-12-13 18:03:57.4532642 +0500 +05 m=+120.715232001
13/12/2022 18:04:27 | expiredJobsCron() - getting expired jobs 2022-12-13 18:04:27.4523362 +0500 +05 m=+150.714304001
13/12/2022 18:04:57 | expiredJobsCron() - getting expired jobs 2022-12-13 18:04:57.4476842 +0500 +05 m=+180.709652001
13/12/2022 18:05:27 | expiredJobsCron() - getting expired jobs 2022-12-13 18:05:27.4413498 +0500 +05 m=+210.703317601
13/12/2022 18:06:00 | AddListener() - `discount_removed` listener added
13/12/2022 18:06:00 | AddListener() - `add_discount` listener added
13/12/2022 18:06:00 | AddListener() - `auction_finished` listener added
13/12/2022 18:06:00 | AddListener() - `auction_removed` listener added
13/12/2022 18:06:00 | AddListener() - `permission_started` listener added
13/12/2022 18:06:00 | AddListener() - `permission_ended` listener added
13/12/2022 18:06:00 | channelCron() - Started at: 2022-12-13 18:06:00.3165854 +0500 +05 m=+0.700331001
13/12/2022 18:06:30 | expiredJobsCron() - getting expired jobs 2022-12-13 18:06:30.3202447 +0500 +05 m=+30.703990301
13/12/2022 18:07:00 | expiredJobsCron() - getting expired jobs 2022-12-13 18:07:00.319566 +0500 +05 m=+60.703311601
13/12/2022 18:07:30 | expiredJobsCron() - getting expired jobs 2022-12-13 18:07:30.3219658 +0500 +05 m=+90.705711401
13/12/2022 18:08:00 | expiredJobsCron() - getting expired jobs 2022-12-13 18:08:00.3289421 +0500 +05 m=+120.712687701
13/12/2022 18:08:30 | expiredJobsCron() - getting expired jobs 2022-12-13 18:08:30.3182212 +0500 +05 m=+150.701966801
13/12/2022 18:09:00 | expiredJobsCron() - getting expired jobs 2022-12-13 18:09:00.3270734 +0500 +05 m=+180.710819001
13/12/2022 18:09:30 | expiredJobsCron() - getting expired jobs 2022-12-13 18:09:30.3239129 +0500 +05 m=+210.707658501
13/12/2022 18:10:00 | expiredJobsCron() - getting expired jobs 2022-12-13 18:10:00.3271033 +0500 +05 m=+240.710848901
13/12/2022 18:10:30 | expiredJobsCron() - getting expired jobs 2022-12-13 18:10:30.3312935 +0500 +05 m=+270.715039101
13/12/2022 18:11:00 | expiredJobsCron() - getting expired jobs 2022-12-13 18:11:00.31886 +0500 +05 m=+300.702605601
13/12/2022 18:11:30 | expiredJobsCron() - getting expired jobs 2022-12-13 18:11:30.3285804 +0500 +05 m=+330.712326001
13/12/2022 18:12:00 | expiredJobsCron() - getting expired jobs 2022-12-13 18:12:00.3272852 +0500 +05 m=+360.711030801
13/12/2022 18:12:30 | expiredJobsCron() - getting expired jobs 2022-12-13 18:12:30.3231247 +0500 +05 m=+390.706870301
13/12/2022 18:13:00 | expiredJobsCron() - getting expired jobs 2022-12-13 18:13:00.319457 +0500 +05 m=+420.703202601
13/12/2022 18:13:30 | expiredJobsCron() - getting expired jobs 2022-12-13 18:13:30.329606 +0500 +05 m=+450.713351601
13/12/2022 18:14:00 | expiredJobsCron() - getting expired jobs 2022-12-13 18:14:00.3279007 +0500 +05 m=+480.711646301
13/12/2022 18:14:30 | expiredJobsCron() - getting expired jobs 2022-12-13 18:14:30.3209358 +0500 +05 m=+510.704681401
13/12/2022 18:14:57 | channelCron() - Started at: 2022-12-13 18:14:57.1572795 +0500 +05 m=+0.677774601
13/12/2022 18:14:57 | AddListener() - `discount_removed` listener added
13/12/2022 18:14:57 | AddListener() - `add_discount` listener added
13/12/2022 18:14:57 | AddListener() - `auction_finished` listener added
13/12/2022 18:14:57 | AddListener() - `auction_removed` listener added
13/12/2022 18:14:57 | AddListener() - `permission_started` listener added
13/12/2022 18:14:57 | AddListener() - `permission_ended` listener added
13/12/2022 18:15:27 | expiredJobsCron() - getting expired jobs 2022-12-13 18:15:27.1674354 +0500 +05 m=+30.687930501
13/12/2022 18:15:57 | expiredJobsCron() - getting expired jobs 2022-12-13 18:15:57.1583668 +0500 +05 m=+60.678861901
13/12/2022 18:16:27 | expiredJobsCron() - getting expired jobs 2022-12-13 18:16:27.1666268 +0500 +05 m=+90.687121901
13/12/2022 18:16:57 | expiredJobsCron() - getting expired jobs 2022-12-13 18:16:57.1604163 +0500 +05 m=+120.680911401
13/12/2022 18:17:27 | expiredJobsCron() - getting expired jobs 2022-12-13 18:17:27.1697765 +0500 +05 m=+150.690271601
13/12/2022 18:17:57 | expiredJobsCron() - getting expired jobs 2022-12-13 18:17:57.1631916 +0500 +05 m=+180.683686701
13/12/2022 18:18:27 | expiredJobsCron() - getting expired jobs 2022-12-13 18:18:27.171602 +0500 +05 m=+210.692097101
13/12/2022 18:18:57 | expiredJobsCron() - getting expired jobs 2022-12-13 18:18:57.1645451 +0500 +05 m=+240.685040201
13/12/2022 18:19:27 | expiredJobsCron() - getting expired jobs 2022-12-13 18:19:27.1649677 +0500 +05 m=+270.685462801
13/12/2022 18:19:57 | expiredJobsCron() - getting expired jobs 2022-12-13 18:19:57.159643 +0500 +05 m=+300.680138101
13/12/2022 18:20:27 | expiredJobsCron() - getting expired jobs 2022-12-13 18:20:27.1583291 +0500 +05 m=+330.678824201
13/12/2022 18:20:57 | expiredJobsCron() - getting expired jobs 2022-12-13 18:20:57.16362 +0500 +05 m=+360.684115101
13/12/2022 18:21:27 | expiredJobsCron() - getting expired jobs 2022-12-13 18:21:27.166624 +0500 +05 m=+390.687119101
13/12/2022 18:21:57 | expiredJobsCron() - getting expired jobs 2022-12-13 18:21:57.17005 +0500 +05 m=+420.690545101
13/12/2022 18:22:27 | expiredJobsCron() - getting expired jobs 2022-12-13 18:22:27.1592503 +0500 +05 m=+450.679745401
13/12/2022 18:22:57 | expiredJobsCron() - getting expired jobs 2022-12-13 18:22:57.1687712 +0500 +05 m=+480.689266301
13/12/2022 18:23:27 | expiredJobsCron() - getting expired jobs 2022-12-13 18:23:27.1597663 +0500 +05 m=+510.680261401
13/12/2022 18:23:57 | expiredJobsCron() - getting expired jobs 2022-12-13 18:23:57.1579645 +0500 +05 m=+540.678459601
13/12/2022 18:24:27 | expiredJobsCron() - getting expired jobs 2022-12-13 18:24:27.1696688 +0500 +05 m=+570.690163901
13/12/2022 18:24:57 | expiredJobsCron() - getting expired jobs 2022-12-13 18:24:57.1622616 +0500 +05 m=+600.682756701
13/12/2022 18:25:27 | expiredJobsCron() - getting expired jobs 2022-12-13 18:25:27.1618998 +0500 +05 m=+630.682394901
13/12/2022 18:25:57 | expiredJobsCron() - getting expired jobs 2022-12-13 18:25:57.1663066 +0500 +05 m=+660.686801701
13/12/2022 18:26:27 | expiredJobsCron() - getting expired jobs 2022-12-13 18:26:27.1620485 +0500 +05 m=+690.682543601
13/12/2022 18:26:57 | expiredJobsCron() - getting expired jobs 2022-12-13 18:26:57.1722354 +0500 +05 m=+720.692730501
13/12/2022 18:27:27 | expiredJobsCron() - getting expired jobs 2022-12-13 18:27:27.1660515 +0500 +05 m=+750.686546601
13/12/2022 18:27:57 | expiredJobsCron() - getting expired jobs 2022-12-13 18:27:57.1680947 +0500 +05 m=+780.688589801
13/12/2022 18:28:27 | expiredJobsCron() - getting expired jobs 2022-12-13 18:28:27.1712882 +0500 +05 m=+810.691783301
13/12/2022 18:28:57 | expiredJobsCron() - getting expired jobs 2022-12-13 18:28:57.1669085 +0500 +05 m=+840.687403601
13/12/2022 18:29:27 | expiredJobsCron() - getting expired jobs 2022-12-13 18:29:27.1702326 +0500 +05 m=+870.690727701
13/12/2022 18:29:57 | expiredJobsCron() - getting expired jobs 2022-12-13 18:29:57.1670331 +0500 +05 m=+900.687528201
13/12/2022 18:30:27 | expiredJobsCron() - getting expired jobs 2022-12-13 18:30:27.1591179 +0500 +05 m=+930.679613001
13/12/2022 18:30:57 | expiredJobsCron() - getting expired jobs 2022-12-13 18:30:57.1576111 +0500 +05 m=+960.678106201
13/12/2022 18:31:27 | expiredJobsCron() - getting expired jobs 2022-12-13 18:31:27.1652559 +0500 +05 m=+990.685751001
13/12/2022 18:31:57 | expiredJobsCron() - getting expired jobs 2022-12-13 18:31:57.1658766 +0500 +05 m=+1020.686371701
13/12/2022 18:32:27 | expiredJobsCron() - getting expired jobs 2022-12-13 18:32:27.1640129 +0500 +05 m=+1050.684508001
13/12/2022 18:32:57 | expiredJobsCron() - getting expired jobs 2022-12-13 18:32:57.1618039 +0500 +05 m=+1080.682299001
13/12/2022 18:33:27 | expiredJobsCron() - getting expired jobs 2022-12-13 18:33:27.1635333 +0500 +05 m=+1110.684028401
13/12/2022 18:33:57 | expiredJobsCron() - getting expired jobs 2022-12-13 18:33:57.1700791 +0500 +05 m=+1140.690574201
13/12/2022 18:34:27 | expiredJobsCron() - getting expired jobs 2022-12-13 18:34:27.1638885 +0500 +05 m=+1170.684383601
13/12/2022 18:34:57 | expiredJobsCron() - getting expired jobs 2022-12-13 18:34:57.1591166 +0500 +05 m=+1200.679611701
13/12/2022 18:35:27 | expiredJobsCron() - getting expired jobs 2022-12-13 18:35:27.1581105 +0500 +05 m=+1230.678605601
13/12/2022 18:35:57 | expiredJobsCron() - getting expired jobs 2022-12-13 18:35:57.1731556 +0500 +05 m=+1260.693650701
13/12/2022 18:36:27 | expiredJobsCron() - getting expired jobs 2022-12-13 18:36:27.1664802 +0500 +05 m=+1290.686975301
13/12/2022 18:36:57 | expiredJobsCron() - getting expired jobs 2022-12-13 18:36:57.1675574 +0500 +05 m=+1320.688052501
13/12/2022 18:37:27 | expiredJobsCron() - getting expired jobs 2022-12-13 18:37:27.1590533 +0500 +05 m=+1350.679548401
13/12/2022 18:37:57 | expiredJobsCron() - getting expired jobs 2022-12-13 18:37:57.1587884 +0500 +05 m=+1380.679283501
13/12/2022 18:38:27 | expiredJobsCron() - getting expired jobs 2022-12-13 18:38:27.1666055 +0500 +05 m=+1410.687100601
13/12/2022 18:38:57 | expiredJobsCron() - getting expired jobs 2022-12-13 18:38:57.1636712 +0500 +05 m=+1440.684166301
13/12/2022 18:39:27 | expiredJobsCron() - getting expired jobs 2022-12-13 18:39:27.1599697 +0500 +05 m=+1470.680464801
13/12/2022 18:39:57 | expiredJobsCron() - getting expired jobs 2022-12-13 18:39:57.1606709 +0500 +05 m=+1500.681166001
13/12/2022 18:40:27 | expiredJobsCron() - getting expired jobs 2022-12-13 18:40:27.1638844 +0500 +05 m=+1530.684379501
13/12/2022 18:40:57 | expiredJobsCron() - getting expired jobs 2022-12-13 18:40:57.1615384 +0500 +05 m=+1560.682033501
13/12/2022 18:41:27 | expiredJobsCron() - getting expired jobs 2022-12-13 18:41:27.1666522 +0500 +05 m=+1590.687147301
13/12/2022 18:41:57 | expiredJobsCron() - getting expired jobs 2022-12-13 18:41:57.1670141 +0500 +05 m=+1620.687509201
13/12/2022 18:42:27 | expiredJobsCron() - getting expired jobs 2022-12-13 18:42:27.1699325 +0500 +05 m=+1650.690427601
13/12/2022 18:42:57 | expiredJobsCron() - getting expired jobs 2022-12-13 18:42:57.1615757 +0500 +05 m=+1680.682070801
13/12/2022 18:43:27 | expiredJobsCron() - getting expired jobs 2022-12-13 18:43:27.1664013 +0500 +05 m=+1710.686896401
13/12/2022 18:43:57 | expiredJobsCron() - getting expired jobs 2022-12-13 18:43:57.1648486 +0500 +05 m=+1740.685343701
13/12/2022 18:44:27 | expiredJobsCron() - getting expired jobs 2022-12-13 18:44:27.1585203 +0500 +05 m=+1770.679015401
13/12/2022 18:44:57 | expiredJobsCron() - getting expired jobs 2022-12-13 18:44:57.169287 +0500 +05 m=+1800.689782101
13/12/2022 18:45:27 | expiredJobsCron() - getting expired jobs 2022-12-13 18:45:27.1713087 +0500 +05 m=+1830.691803801
13/12/2022 18:45:57 | expiredJobsCron() - getting expired jobs 2022-12-13 18:45:57.1612881 +0500 +05 m=+1860.681783201
13/12/2022 18:46:27 | expiredJobsCron() - getting expired jobs 2022-12-13 18:46:27.1655269 +0500 +05 m=+1890.686022001
13/12/2022 18:46:57 | expiredJobsCron() - getting expired jobs 2022-12-13 18:46:57.1698641 +0500 +05 m=+1920.690359201
13/12/2022 18:47:27 | expiredJobsCron() - getting expired jobs 2022-12-13 18:47:27.1653005 +0500 +05 m=+1950.685795601
13/12/2022 18:47:57 | expiredJobsCron() - getting expired jobs 2022-12-13 18:47:57.1576774 +0500 +05 m=+1980.678172501
13/12/2022 18:48:27 | expiredJobsCron() - getting expired jobs 2022-12-13 18:48:27.1691543 +0500 +05 m=+2010.689649401
13/12/2022 18:48:57 | expiredJobsCron() - getting expired jobs 2022-12-13 18:48:57.1610052 +0500 +05 m=+2040.681500301
13/12/2022 18:49:27 | expiredJobsCron() - getting expired jobs 2022-12-13 18:49:27.1698558 +0500 +05 m=+2070.690350901
13/12/2022 18:49:57 | expiredJobsCron() - getting expired jobs 2022-12-13 18:49:57.1687757 +0500 +05 m=+2100.689270801
13/12/2022 18:50:27 | expiredJobsCron() - getting expired jobs 2022-12-13 18:50:27.1611344 +0500 +05 m=+2130.681629501
13/12/2022 18:50:57 | expiredJobsCron() - getting expired jobs 2022-12-13 18:50:57.1695249 +0500 +05 m=+2160.690020001
13/12/2022 18:51:27 | expiredJobsCron() - getting expired jobs 2022-12-13 18:51:27.1608954 +0500 +05 m=+2190.681390501
13/12/2022 18:51:57 | expiredJobsCron() - getting expired jobs 2022-12-13 18:51:57.1658603 +0500 +05 m=+2220.686355401
13/12/2022 18:52:27 | expiredJobsCron() - getting expired jobs 2022-12-13 18:52:27.1629978 +0500 +05 m=+2250.683492901
13/12/2022 18:52:57 | expiredJobsCron() - getting expired jobs 2022-12-13 18:52:57.1712917 +0500 +05 m=+2280.691786801
13/12/2022 18:53:27 | expiredJobsCron() - getting expired jobs 2022-12-13 18:53:27.1710417 +0500 +05 m=+2310.691536801
13/12/2022 18:53:57 | expiredJobsCron() - getting expired jobs 2022-12-13 18:53:57.1609886 +0500 +05 m=+2340.681483701
13/12/2022 18:54:27 | expiredJobsCron() - getting expired jobs 2022-12-13 18:54:27.1682134 +0500 +05 m=+2370.688708501
13/12/2022 18:54:57 | expiredJobsCron() - getting expired jobs 2022-12-13 18:54:57.1720691 +0500 +05 m=+2400.692564201
13/12/2022 18:55:27 | expiredJobsCron() - getting expired jobs 2022-12-13 18:55:27.159215 +0500 +05 m=+2430.679710101
13/12/2022 18:55:57 | expiredJobsCron() - getting expired jobs 2022-12-13 18:55:57.1710008 +0500 +05 m=+2460.691495901
13/12/2022 18:56:27 | expiredJobsCron() - getting expired jobs 2022-12-13 18:56:27.1677365 +0500 +05 m=+2490.688231601
13/12/2022 18:56:57 | expiredJobsCron() - getting expired jobs 2022-12-13 18:56:57.1607727 +0500 +05 m=+2520.681267801
13/12/2022 18:57:27 | expiredJobsCron() - getting expired jobs 2022-12-13 18:57:27.1714781 +0500 +05 m=+2550.691973201
13/12/2022 18:57:57 | expiredJobsCron() - getting expired jobs 2022-12-13 18:57:57.1637345 +0500 +05 m=+2580.684229601
13/12/2022 18:58:27 | expiredJobsCron() - getting expired jobs 2022-12-13 18:58:27.1592008 +0500 +05 m=+2610.679695901
13/12/2022 18:58:57 | expiredJobsCron() - getting expired jobs 2022-12-13 18:58:57.1625135 +0500 +05 m=+2640.683008601
13/12/2022 18:59:27 | expiredJobsCron() - getting expired jobs 2022-12-13 18:59:27.160096 +0500 +05 m=+2670.680591101
13/12/2022 18:59:57 | expiredJobsCron() - getting expired jobs 2022-12-13 18:59:57.1600437 +0500 +05 m=+2700.680538801
13/12/2022 19:00:27 | expiredJobsCron() - getting expired jobs 2022-12-13 19:00:27.1585746 +0500 +05 m=+2730.679069701
13/12/2022 19:00:57 | expiredJobsCron() - getting expired jobs 2022-12-13 19:00:57.1669457 +0500 +05 m=+2760.687440801
13/12/2022 19:01:21 | AddListener() - `discount_removed` listener added
13/12/2022 19:01:21 | AddListener() - `add_discount` listener added
13/12/2022 19:01:21 | AddListener() - `auction_finished` listener added
13/12/2022 19:01:21 | AddListener() - `auction_removed` listener added
13/12/2022 19:01:21 | AddListener() - `permission_started` listener added
13/12/2022 19:01:21 | AddListener() - `permission_ended` listener added
13/12/2022 19:01:21 | channelCron() - Started at: 2022-12-13 19:01:21.4448867 +0500 +05 m=+0.695504101
13/12/2022 19:01:51 | expiredJobsCron() - getting expired jobs 2022-12-13 19:01:51.4582524 +0500 +05 m=+30.708869801
13/12/2022 19:02:21 | expiredJobsCron() - getting expired jobs 2022-12-13 19:02:21.4535699 +0500 +05 m=+60.704187301
13/12/2022 19:02:51 | expiredJobsCron() - getting expired jobs 2022-12-13 19:02:51.4593893 +0500 +05 m=+90.710006701
13/12/2022 19:03:21 | expiredJobsCron() - getting expired jobs 2022-12-13 19:03:21.4470651 +0500 +05 m=+120.697682501
13/12/2022 19:03:51 | expiredJobsCron() - getting expired jobs 2022-12-13 19:03:51.4503895 +0500 +05 m=+150.701006901
13/12/2022 19:04:21 | expiredJobsCron() - getting expired jobs 2022-12-13 19:04:21.4521862 +0500 +05 m=+180.702803601
13/12/2022 19:04:51 | expiredJobsCron() - getting expired jobs 2022-12-13 19:04:51.4622446 +0500 +05 m=+210.712862001
13/12/2022 19:05:21 | expiredJobsCron() - getting expired jobs 2022-12-13 19:05:21.4592665 +0500 +05 m=+240.709883901
13/12/2022 19:05:51 | expiredJobsCron() - getting expired jobs 2022-12-13 19:05:51.4537077 +0500 +05 m=+270.704325101
13/12/2022 19:06:21 | expiredJobsCron() - getting expired jobs 2022-12-13 19:06:21.4507625 +0500 +05 m=+300.701379901
13/12/2022 19:06:51 | expiredJobsCron() - getting expired jobs 2022-12-13 19:06:51.44922 +0500 +05 m=+330.699837401
13/12/2022 19:07:21 | expiredJobsCron() - getting expired jobs 2022-12-13 19:07:21.4592336 +0500 +05 m=+360.709851001
13/12/2022 19:07:51 | expiredJobsCron() - getting expired jobs 2022-12-13 19:07:51.4458453 +0500 +05 m=+390.696462701
13/12/2022 19:08:21 | expiredJobsCron() - getting expired jobs 2022-12-13 19:08:21.4481702 +0500 +05 m=+420.698787601
13/12/2022 19:08:51 | expiredJobsCron() - getting expired jobs 2022-12-13 19:08:51.4461103 +0500 +05 m=+450.696727701
13/12/2022 19:09:21 | expiredJobsCron() - getting expired jobs 2022-12-13 19:09:21.4590188 +0500 +05 m=+480.709636201
13/12/2022 19:09:51 | expiredJobsCron() - getting expired jobs 2022-12-13 19:09:51.4551249 +0500 +05 m=+510.705742301
13/12/2022 19:10:21 | expiredJobsCron() - getting expired jobs 2022-12-13 19:10:21.4584439 +0500 +05 m=+540.709061301
13/12/2022 19:10:51 | expiredJobsCron() - getting expired jobs 2022-12-13 19:10:51.4595568 +0500 +05 m=+570.710174201
13/12/2022 19:11:21 | expiredJobsCron() - getting expired jobs 2022-12-13 19:11:21.4588239 +0500 +05 m=+600.709441301
13/12/2022 19:11:51 | expiredJobsCron() - getting expired jobs 2022-12-13 19:11:51.4512417 +0500 +05 m=+630.701859101
13/12/2022 19:12:21 | expiredJobsCron() - getting expired jobs 2022-12-13 19:12:21.4534433 +0500 +05 m=+660.704060701
13/12/2022 19:12:51 | expiredJobsCron() - getting expired jobs 2022-12-13 19:12:51.4615074 +0500 +05 m=+690.712124801
13/12/2022 19:13:21 | expiredJobsCron() - getting expired jobs 2022-12-13 19:13:21.4550096 +0500 +05 m=+720.705627001
13/12/2022 19:13:51 | expiredJobsCron() - getting expired jobs 2022-12-13 19:13:51.4509591 +0500 +05 m=+750.701576501
13/12/2022 19:14:21 | expiredJobsCron() - getting expired jobs 2022-12-13 19:14:21.4515275 +0500 +05 m=+780.702144901
13/12/2022 19:14:51 | expiredJobsCron() - getting expired jobs 2022-12-13 19:14:51.4608882 +0500 +05 m=+810.711505601
13/12/2022 19:15:21 | expiredJobsCron() - getting expired jobs 2022-12-13 19:15:21.4492565 +0500 +05 m=+840.699873901
13/12/2022 19:15:51 | expiredJobsCron() - getting expired jobs 2022-12-13 19:15:51.4560978 +0500 +05 m=+870.706715201
13/12/2022 19:16:21 | expiredJobsCron() - getting expired jobs 2022-12-13 19:16:21.455397 +0500 +05 m=+900.706014401
13/12/2022 19:16:51 | expiredJobsCron() - getting expired jobs 2022-12-13 19:16:51.4526623 +0500 +05 m=+930.703279701
13/12/2022 19:17:21 | expiredJobsCron() - getting expired jobs 2022-12-13 19:17:21.4588231 +0500 +05 m=+960.709440501
13/12/2022 19:17:51 | expiredJobsCron() - getting expired jobs 2022-12-13 19:17:51.4492735 +0500 +05 m=+990.699890901
13/12/2022 19:18:21 | expiredJobsCron() - getting expired jobs 2022-12-13 19:18:21.458732 +0500 +05 m=+1020.709349401
13/12/2022 19:18:51 | expiredJobsCron() - getting expired jobs 2022-12-13 19:18:51.454696 +0500 +05 m=+1050.705313401
13/12/2022 19:19:21 | expiredJobsCron() - getting expired jobs 2022-12-13 19:19:21.4497276 +0500 +05 m=+1080.700345001
13/12/2022 19:19:51 | expiredJobsCron() - getting expired jobs 2022-12-13 19:19:51.4460324 +0500 +05 m=+1110.696649801
13/12/2022 19:20:21 | expiredJobsCron() - getting expired jobs 2022-12-13 19:20:21.4549774 +0500 +05 m=+1140.705594801
13/12/2022 19:20:51 | expiredJobsCron() - getting expired jobs 2022-12-13 19:20:51.4528121 +0500 +05 m=+1170.703429501
13/12/2022 19:21:21 | expiredJobsCron() - getting expired jobs 2022-12-13 19:21:21.4600566 +0500 +05 m=+1200.710674001
13/12/2022 19:21:51 | expiredJobsCron() - getting expired jobs 2022-12-13 19:21:51.4592606 +0500 +05 m=+1230.709878001
13/12/2022 19:22:21 | expiredJobsCron() - getting expired jobs 2022-12-13 19:22:21.4590296 +0500 +05 m=+1260.709647001
13/12/2022 19:22:51 | expiredJobsCron() - getting expired jobs 2022-12-13 19:22:51.449558 +0500 +05 m=+1290.700175401
13/12/2022 19:23:21 | expiredJobsCron() - getting expired jobs 2022-12-13 19:23:21.4481779 +0500 +05 m=+1320.698795301
13/12/2022 19:23:51 | expiredJobsCron() - getting expired jobs 2022-12-13 19:23:51.4506857 +0500 +05 m=+1350.701303101
13/12/2022 19:24:21 | expiredJobsCron() - getting expired jobs 2022-12-13 19:24:21.4704639 +0500 +05 m=+1380.721081301
13/12/2022 19:24:51 | expiredJobsCron() - getting expired jobs 2022-12-13 19:24:51.4473202 +0500 +05 m=+1410.697937601
13/12/2022 19:25:21 | expiredJobsCron() - getting expired jobs 2022-12-13 19:25:21.4567215 +0500 +05 m=+1440.707338901
13/12/2022 19:25:51 | expiredJobsCron() - getting expired jobs 2022-12-13 19:25:51.445309 +0500 +05 m=+1470.695926401
13/12/2022 19:26:21 | expiredJobsCron() - getting expired jobs 2022-12-13 19:26:21.4467715 +0500 +05 m=+1500.697388901
13/12/2022 19:26:51 | expiredJobsCron() - getting expired jobs 2022-12-13 19:26:51.4493932 +0500 +05 m=+1530.700010601
13/12/2022 19:27:21 | expiredJobsCron() - getting expired jobs 2022-12-13 19:27:21.4541364 +0500 +05 m=+1560.704753801
13/12/2022 19:27:51 | expiredJobsCron() - getting expired jobs 2022-12-13 19:27:51.4582198 +0500 +05 m=+1590.708837201
13/12/2022 19:28:21 | expiredJobsCron() - getting expired jobs 2022-12-13 19:28:21.4545229 +0500 +05 m=+1620.705140301
13/12/2022 19:28:51 | expiredJobsCron() - getting expired jobs 2022-12-13 19:28:51.4539733 +0500 +05 m=+1650.704590701
13/12/2022 19:29:21 | expiredJobsCron() - getting expired jobs 2022-12-13 19:29:21.455819 +0500 +05 m=+1680.706436401
13/12/2022 19:29:51 | expiredJobsCron() - getting expired jobs 2022-12-13 19:29:51.4455649 +0500 +05 m=+1710.696182301
13/12/2022 19:30:21 | expiredJobsCron() - getting expired jobs 2022-12-13 19:30:21.446337 +0500 +05 m=+1740.696954401
13/12/2022 19:30:51 | expiredJobsCron() - getting expired jobs 2022-12-13 19:30:51.4597016 +0500 +05 m=+1770.710319001
13/12/2022 19:31:21 | expiredJobsCron() - getting expired jobs 2022-12-13 19:31:21.4578881 +0500 +05 m=+1800.708505501
13/12/2022 19:31:51 | expiredJobsCron() - getting expired jobs 2022-12-13 19:31:51.4572465 +0500 +05 m=+1830.707863901
13/12/2022 19:32:21 | expiredJobsCron() - getting expired jobs 2022-12-13 19:32:21.4472888 +0500 +05 m=+1860.697906201
13/12/2022 19:32:51 | expiredJobsCron() - getting expired jobs 2022-12-13 19:32:51.4522997 +0500 +05 m=+1890.702917101
13/12/2022 19:33:21 | expiredJobsCron() - getting expired jobs 2022-12-13 19:33:21.4565344 +0500 +05 m=+1920.707151801
13/12/2022 19:33:51 | expiredJobsCron() - getting expired jobs 2022-12-13 19:33:51.4503992 +0500 +05 m=+1950.701016601
13/12/2022 19:34:21 | expiredJobsCron() - getting expired jobs 2022-12-13 19:34:21.4494667 +0500 +05 m=+1980.700084101
13/12/2022 19:34:51 | expiredJobsCron() - getting expired jobs 2022-12-13 19:34:51.445685 +0500 +05 m=+2010.696302401
13/12/2022 19:35:21 | expiredJobsCron() - getting expired jobs 2022-12-13 19:35:21.4494822 +0500 +05 m=+2040.700099601
13/12/2022 19:35:51 | expiredJobsCron() - getting expired jobs 2022-12-13 19:35:51.4496743 +0500 +05 m=+2070.700291701
13/12/2022 19:36:21 | expiredJobsCron() - getting expired jobs 2022-12-13 19:36:21.4557579 +0500 +05 m=+2100.706375301
13/12/2022 19:36:51 | expiredJobsCron() - getting expired jobs 2022-12-13 19:36:51.4567389 +0500 +05 m=+2130.707356301
13/12/2022 19:37:21 | expiredJobsCron() - getting expired jobs 2022-12-13 19:37:21.4455905 +0500 +05 m=+2160.696207901
13/12/2022 19:37:51 | expiredJobsCron() - getting expired jobs 2022-12-13 19:37:51.4459876 +0500 +05 m=+2190.696605001
13/12/2022 19:38:21 | expiredJobsCron() - getting expired jobs 2022-12-13 19:38:21.4543498 +0500 +05 m=+2220.704967201
13/12/2022 19:38:51 | expiredJobsCron() - getting expired jobs 2022-12-13 19:38:51.4538946 +0500 +05 m=+2250.704512001
13/12/2022 19:39:21 | expiredJobsCron() - getting expired jobs 2022-12-13 19:39:21.4485829 +0500 +05 m=+2280.699200301
13/12/2022 19:39:51 | expiredJobsCron() - getting expired jobs 2022-12-13 19:39:51.4504748 +0500 +05 m=+2310.701092201
13/12/2022 19:40:21 | expiredJobsCron() - getting expired jobs 2022-12-13 19:40:21.4545279 +0500 +05 m=+2340.705145301
13/12/2022 19:40:51 | expiredJobsCron() - getting expired jobs 2022-12-13 19:40:51.4475271 +0500 +05 m=+2370.698144501
13/12/2022 19:41:21 | expiredJobsCron() - getting expired jobs 2022-12-13 19:41:21.4548006 +0500 +05 m=+2400.705418001
13/12/2022 19:41:51 | expiredJobsCron() - getting expired jobs 2022-12-13 19:41:51.4519026 +0500 +05 m=+2430.702520001
13/12/2022 19:42:21 | expiredJobsCron() - getting expired jobs 2022-12-13 19:42:21.457856 +0500 +05 m=+2460.708473401
13/12/2022 19:42:51 | expiredJobsCron() - getting expired jobs 2022-12-13 19:42:51.4494522 +0500 +05 m=+2490.700069601
13/12/2022 19:43:21 | expiredJobsCron() - getting expired jobs 2022-12-13 19:43:21.458158 +0500 +05 m=+2520.708775401
13/12/2022 19:43:51 | expiredJobsCron() - getting expired jobs 2022-12-13 19:43:51.4464086 +0500 +05 m=+2550.697026001
13/12/2022 19:44:21 | expiredJobsCron() - getting expired jobs 2022-12-13 19:44:21.4598074 +0500 +05 m=+2580.710424801
13/12/2022 19:44:51 | expiredJobsCron() - getting expired jobs 2022-12-13 19:44:51.4577887 +0500 +05 m=+2610.708406101
13/12/2022 19:45:21 | expiredJobsCron() - getting expired jobs 2022-12-13 19:45:21.4559417 +0500 +05 m=+2640.706559101
13/12/2022 19:45:51 | expiredJobsCron() - getting expired jobs 2022-12-13 19:45:51.4596931 +0500 +05 m=+2670.710310501
13/12/2022 19:46:21 | expiredJobsCron() - getting expired jobs 2022-12-13 19:46:21.4545573 +0500 +05 m=+2700.705174701
13/12/2022 19:46:51 | expiredJobsCron() - getting expired jobs 2022-12-13 19:46:51.4588613 +0500 +05 m=+2730.709478701
13/12/2022 19:47:21 | expiredJobsCron() - getting expired jobs 2022-12-13 19:47:21.4480004 +0500 +05 m=+2760.698617801
13/12/2022 19:47:51 | expiredJobsCron() - getting expired jobs 2022-12-13 19:47:51.4546266 +0500 +05 m=+2790.705244001
13/12/2022 19:48:21 | expiredJobsCron() - getting expired jobs 2022-12-13 19:48:21.4541242 +0500 +05 m=+2820.704741601
13/12/2022 19:48:51 | expiredJobsCron() - getting expired jobs 2022-12-13 19:48:51.459595 +0500 +05 m=+2850.710212401
13/12/2022 19:49:21 | expiredJobsCron() - getting expired jobs 2022-12-13 19:49:21.4505187 +0500 +05 m=+2880.701136101
13/12/2022 19:49:51 | expiredJobsCron() - getting expired jobs 2022-12-13 19:49:51.4452789 +0500 +05 m=+2910.695896301
13/12/2022 19:50:21 | expiredJobsCron() - getting expired jobs 2022-12-13 19:50:21.4528052 +0500 +05 m=+2940.703422601
13/12/2022 19:50:51 | expiredJobsCron() - getting expired jobs 2022-12-13 19:50:51.4505034 +0500 +05 m=+2970.701120801
13/12/2022 19:51:21 | expiredJobsCron() - getting expired jobs 2022-12-13 19:51:21.4587596 +0500 +05 m=+3000.709377001
13/12/2022 19:51:51 | expiredJobsCron() - getting expired jobs 2022-12-13 19:51:51.4570167 +0500 +05 m=+3030.707634101
13/12/2022 19:52:21 | expiredJobsCron() - getting expired jobs 2022-12-13 19:52:21.4531383 +0500 +05 m=+3060.703755701
13/12/2022 19:52:51 | expiredJobsCron() - getting expired jobs 2022-12-13 19:52:51.4526912 +0500 +05 m=+3090.703308601
13/12/2022 19:53:21 | expiredJobsCron() - getting expired jobs 2022-12-13 19:53:21.4467704 +0500 +05 m=+3120.697387801
13/12/2022 19:53:51 | expiredJobsCron() - getting expired jobs 2022-12-13 19:53:51.4573528 +0500 +05 m=+3150.707970201
13/12/2022 19:54:21 | expiredJobsCron() - getting expired jobs 2022-12-13 19:54:21.448876 +0500 +05 m=+3180.699493401
13/12/2022 19:54:51 | expiredJobsCron() - getting expired jobs 2022-12-13 19:54:51.4567495 +0500 +05 m=+3210.707366901
13/12/2022 19:55:21 | expiredJobsCron() - getting expired jobs 2022-12-13 19:55:21.4518528 +0500 +05 m=+3240.702470201
13/12/2022 19:55:51 | expiredJobsCron() - getting expired jobs 2022-12-13 19:55:51.4605733 +0500 +05 m=+3270.711190701
13/12/2022 19:56:21 | expiredJobsCron() - getting expired jobs 2022-12-13 19:56:21.4489749 +0500 +05 m=+3300.699592301
13/12/2022 19:56:51 | expiredJobsCron() - getting expired jobs 2022-12-13 19:56:51.4489251 +0500 +05 m=+3330.699542501
13/12/2022 19:57:21 | expiredJobsCron() - getting expired jobs 2022-12-13 19:57:21.4528068 +0500 +05 m=+3360.703424201
13/12/2022 19:57:51 | expiredJobsCron() - getting expired jobs 2022-12-13 19:57:51.4578998 +0500 +05 m=+3390.708517201
13/12/2022 19:58:21 | expiredJobsCron() - getting expired jobs 2022-12-13 19:58:21.4584514 +0500 +05 m=+3420.709068801
13/12/2022 19:58:51 | expiredJobsCron() - getting expired jobs 2022-12-13 19:58:51.4546541 +0500 +05 m=+3450.705271501
13/12/2022 19:59:21 | expiredJobsCron() - getting expired jobs 2022-12-13 19:59:21.4471625 +0500 +05 m=+3480.697779901
13/12/2022 19:59:51 | expiredJobsCron() - getting expired jobs 2022-12-13 19:59:51.4533766 +0500 +05 m=+3510.703994001
13/12/2022 20:00:21 | expiredJobsCron() - getting expired jobs 2022-12-13 20:00:21.4572025 +0500 +05 m=+3540.707819901
13/12/2022 20:00:51 | expiredJobsCron() - getting expired jobs 2022-12-13 20:00:51.446409 +0500 +05 m=+3570.697026401
13/12/2022 20:01:21 | expiredJobsCron() - getting expired jobs 2022-12-13 20:01:21.4486301 +0500 +05 m=+3600.699247501
13/12/2022 20:01:51 | expiredJobsCron() - getting expired jobs 2022-12-13 20:01:51.4663605 +0500 +05 m=+3630.716977901
13/12/2022 20:02:21 | expiredJobsCron() - getting expired jobs 2022-12-13 20:02:21.4506534 +0500 +05 m=+3660.701270801
13/12/2022 20:02:51 | expiredJobsCron() - getting expired jobs 2022-12-13 20:02:51.4513952 +0500 +05 m=+3690.702012601
13/12/2022 20:03:21 | expiredJobsCron() - getting expired jobs 2022-12-13 20:03:21.4534229 +0500 +05 m=+3720.704040301
13/12/2022 20:03:51 | expiredJobsCron() - getting expired jobs 2022-12-13 20:03:51.4486738 +0500 +05 m=+3750.699291201
13/12/2022 20:04:33 | AddListener() - `discount_removed` listener added
13/12/2022 20:04:33 | AddListener() - `add_discount` listener added
13/12/2022 20:04:33 | AddListener() - `auction_finished` listener added
13/12/2022 20:04:33 | AddListener() - `auction_removed` listener added
13/12/2022 20:04:33 | AddListener() - `permission_started` listener added
13/12/2022 20:04:33 | AddListener() - `permission_ended` listener added
13/12/2022 20:04:33 | channelCron() - Started at: 2022-12-13 20:04:33.4105905 +0500 +05 m=+0.701668901
13/12/2022 20:05:03 | expiredJobsCron() - getting expired jobs 2022-12-13 20:05:03.418476 +0500 +05 m=+30.709554401
13/12/2022 20:05:33 | expiredJobsCron() - getting expired jobs 2022-12-13 20:05:33.4251181 +0500 +05 m=+60.716196501
13/12/2022 20:06:03 | expiredJobsCron() - getting expired jobs 2022-12-13 20:06:03.4181225 +0500 +05 m=+90.709200901
13/12/2022 20:06:33 | expiredJobsCron() - getting expired jobs 2022-12-13 20:06:33.4210702 +0500 +05 m=+120.712148601
13/12/2022 20:07:03 | expiredJobsCron() - getting expired jobs 2022-12-13 20:07:03.4203167 +0500 +05 m=+150.711395101
13/12/2022 20:07:30 | AddListener() - `discount_removed` listener added
13/12/2022 20:07:30 | AddListener() - `add_discount` listener added
13/12/2022 20:07:30 | AddListener() - `auction_finished` listener added
13/12/2022 20:07:30 | AddListener() - `auction_removed` listener added
13/12/2022 20:07:30 | AddListener() - `permission_started` listener added
13/12/2022 20:07:30 | AddListener() - `permission_ended` listener added
13/12/2022 20:07:30 | channelCron() - Started at: 2022-12-13 20:07:30.972509 +0500 +05 m=+0.679457001
13/12/2022 20:08:00 | expiredJobsCron() - getting expired jobs 2022-12-13 20:08:00.9843412 +0500 +05 m=+30.691289201
13/12/2022 20:08:30 | expiredJobsCron() - getting expired jobs 2022-12-13 20:08:30.976983 +0500 +05 m=+60.683931001
13/12/2022 20:09:00 | expiredJobsCron() - getting expired jobs 2022-12-13 20:09:00.9777638 +0500 +05 m=+90.684711801
13/12/2022 20:09:30 | expiredJobsCron() - getting expired jobs 2022-12-13 20:09:30.9780473 +0500 +05 m=+120.684995301
13/12/2022 20:10:00 | expiredJobsCron() - getting expired jobs 2022-12-13 20:10:00.974953 +0500 +05 m=+150.681901001
13/12/2022 20:10:30 | expiredJobsCron() - getting expired jobs 2022-12-13 20:10:30.9806934 +0500 +05 m=+180.687641401
13/12/2022 20:11:00 | expiredJobsCron() - getting expired jobs 2022-12-13 20:11:00.9736057 +0500 +05 m=+210.680553701
13/12/2022 20:11:39 | AddListener() - `discount_removed` listener added
13/12/2022 20:11:39 | AddListener() - `add_discount` listener added
13/12/2022 20:11:39 | AddListener() - `auction_finished` listener added
13/12/2022 20:11:39 | AddListener() - `auction_removed` listener added
13/12/2022 20:11:39 | AddListener() - `permission_started` listener added
13/12/2022 20:11:39 | AddListener() - `permission_ended` listener added
13/12/2022 20:11:39 | channelCron() - Started at: 2022-12-13 20:11:39.4155763 +0500 +05 m=+0.672469501
13/12/2022 20:12:09 | expiredJobsCron() - getting expired jobs 2022-12-13 20:12:09.4265279 +0500 +05 m=+30.683421101
13/12/2022 20:12:39 | expiredJobsCron() - getting expired jobs 2022-12-13 20:12:39.4223078 +0500 +05 m=+60.679201001
13/12/2022 20:13:09 | expiredJobsCron() - getting expired jobs 2022-12-13 20:13:09.4259008 +0500 +05 m=+90.682794001
13/12/2022 20:13:39 | expiredJobsCron() - getting expired jobs 2022-12-13 20:13:39.4176151 +0500 +05 m=+120.674508301
13/12/2022 20:14:09 | expiredJobsCron() - getting expired jobs 2022-12-13 20:14:09.4239904 +0500 +05 m=+150.680883601
13/12/2022 20:14:39 | expiredJobsCron() - getting expired jobs 2022-12-13 20:14:39.4186475 +0500 +05 m=+180.675540701
13/12/2022 20:15:09 | expiredJobsCron() - getting expired jobs 2022-12-13 20:15:09.424478 +0500 +05 m=+210.681371201
13/12/2022 20:15:39 | expiredJobsCron() - getting expired jobs 2022-12-13 20:15:39.4307196 +0500 +05 m=+240.687612801
13/12/2022 20:16:09 | expiredJobsCron() - getting expired jobs 2022-12-13 20:16:09.4200049 +0500 +05 m=+270.676898101
13/12/2022 20:16:39 | expiredJobsCron() - getting expired jobs 2022-12-13 20:16:39.4238069 +0500 +05 m=+300.680700101
13/12/2022 20:17:09 | expiredJobsCron() - getting expired jobs 2022-12-13 20:17:09.4300321 +0500 +05 m=+330.686925301
13/12/2022 20:17:39 | expiredJobsCron() - getting expired jobs 2022-12-13 20:17:39.4235853 +0500 +05 m=+360.680478501
13/12/2022 20:18:09 | expiredJobsCron() - getting expired jobs 2022-12-13 20:18:09.4299484 +0500 +05 m=+390.686841601
13/12/2022 20:18:39 | expiredJobsCron() - getting expired jobs 2022-12-13 20:18:39.4295244 +0500 +05 m=+420.686417601
13/12/2022 20:19:09 | expiredJobsCron() - getting expired jobs 2022-12-13 20:19:09.4208431 +0500 +05 m=+450.677736301
13/12/2022 20:19:39 | expiredJobsCron() - getting expired jobs 2022-12-13 20:19:39.4251748 +0500 +05 m=+480.682068001
13/12/2022 20:20:09 | expiredJobsCron() - getting expired jobs 2022-12-13 20:20:09.4205239 +0500 +05 m=+510.677417101
13/12/2022 20:20:39 | expiredJobsCron() - getting expired jobs 2022-12-13 20:20:39.419961 +0500 +05 m=+540.676854201
13/12/2022 20:21:09 | expiredJobsCron() - getting expired jobs 2022-12-13 20:21:09.4202629 +0500 +05 m=+570.677156101
13/12/2022 20:21:39 | expiredJobsCron() - getting expired jobs 2022-12-13 20:21:39.420566 +0500 +05 m=+600.677459201
13/12/2022 20:22:09 | expiredJobsCron() - getting expired jobs 2022-12-13 20:22:09.4244258 +0500 +05 m=+630.681319001
13/12/2022 20:22:39 | expiredJobsCron() - getting expired jobs 2022-12-13 20:22:39.4190632 +0500 +05 m=+660.675956401
13/12/2022 20:23:09 | expiredJobsCron() - getting expired jobs 2022-12-13 20:23:09.4296118 +0500 +05 m=+690.686505001
13/12/2022 20:23:39 | expiredJobsCron() - getting expired jobs 2022-12-13 20:23:39.4202228 +0500 +05 m=+720.677116001
13/12/2022 20:24:09 | expiredJobsCron() - getting expired jobs 2022-12-13 20:24:09.429519 +0500 +05 m=+750.686412201
13/12/2022 20:24:39 | expiredJobsCron() - getting expired jobs 2022-12-13 20:24:39.4234368 +0500 +05 m=+780.680330001
13/12/2022 20:25:09 | expiredJobsCron() - getting expired jobs 2022-12-13 20:25:09.4224339 +0500 +05 m=+810.679327101
13/12/2022 20:25:39 | expiredJobsCron() - getting expired jobs 2022-12-13 20:25:39.4158919 +0500 +05 m=+840.672785101
13/12/2022 20:26:09 | expiredJobsCron() - getting expired jobs 2022-12-13 20:26:09.4293069 +0500 +05 m=+870.686200101
13/12/2022 20:26:39 | expiredJobsCron() - getting expired jobs 2022-12-13 20:26:39.4171439 +0500 +05 m=+900.674037101
13/12/2022 20:27:09 | expiredJobsCron() - getting expired jobs 2022-12-13 20:27:09.425072 +0500 +05 m=+930.681965201
13/12/2022 20:27:39 | expiredJobsCron() - getting expired jobs 2022-12-13 20:27:39.4228165 +0500 +05 m=+960.679709701
13/12/2022 20:28:09 | expiredJobsCron() - getting expired jobs 2022-12-13 20:28:09.4208814 +0500 +05 m=+990.677774601
13/12/2022 20:28:39 | expiredJobsCron() - getting expired jobs 2022-12-13 20:28:39.4253148 +0500 +05 m=+1020.682208001
13/12/2022 20:29:09 | expiredJobsCron() - getting expired jobs 2022-12-13 20:29:09.4245884 +0500 +05 m=+1050.681481601
13/12/2022 20:29:39 | expiredJobsCron() - getting expired jobs 2022-12-13 20:29:39.4177553 +0500 +05 m=+1080.674648501
13/12/2022 20:30:09 | expiredJobsCron() - getting expired jobs 2022-12-13 20:30:09.4183755 +0500 +05 m=+1110.675268701
13/12/2022 20:30:39 | expiredJobsCron() - getting expired jobs 2022-12-13 20:30:39.4157007 +0500 +05 m=+1140.672593901
13/12/2022 20:31:09 | expiredJobsCron() - getting expired jobs 2022-12-13 20:31:09.4269903 +0500 +05 m=+1170.683883501
13/12/2022 20:31:39 | expiredJobsCron() - getting expired jobs 2022-12-13 20:31:39.4263931 +0500 +05 m=+1200.683286301
13/12/2022 20:32:09 | expiredJobsCron() - getting expired jobs 2022-12-13 20:32:09.4223369 +0500 +05 m=+1230.679230101
13/12/2022 20:32:39 | expiredJobsCron() - getting expired jobs 2022-12-13 20:32:39.4269104 +0500 +05 m=+1260.683803601
13/12/2022 20:33:09 | expiredJobsCron() - getting expired jobs 2022-12-13 20:33:09.4273015 +0500 +05 m=+1290.684194701
13/12/2022 20:33:39 | expiredJobsCron() - getting expired jobs 2022-12-13 20:33:39.418725 +0500 +05 m=+1320.675618201
13/12/2022 20:34:09 | expiredJobsCron() - getting expired jobs 2022-12-13 20:34:09.4240131 +0500 +05 m=+1350.680906301
13/12/2022 20:34:39 | expiredJobsCron() - getting expired jobs 2022-12-13 20:34:39.4186668 +0500 +05 m=+1380.675560001
13/12/2022 20:35:09 | expiredJobsCron() - getting expired jobs 2022-12-13 20:35:09.4193241 +0500 +05 m=+1410.676217301
13/12/2022 20:35:39 | expiredJobsCron() - getting expired jobs 2022-12-13 20:35:39.4158867 +0500 +05 m=+1440.672779901
13/12/2022 20:36:09 | expiredJobsCron() - getting expired jobs 2022-12-13 20:36:09.4164228 +0500 +05 m=+1470.673316001
13/12/2022 20:36:39 | expiredJobsCron() - getting expired jobs 2022-12-13 20:36:39.4298828 +0500 +05 m=+1500.686776001
13/12/2022 20:37:09 | expiredJobsCron() - getting expired jobs 2022-12-13 20:37:09.4175584 +0500 +05 m=+1530.674451601
13/12/2022 20:37:39 | expiredJobsCron() - getting expired jobs 2022-12-13 20:37:39.4303314 +0500 +05 m=+1560.687224601
13/12/2022 20:38:09 | expiredJobsCron() - getting expired jobs 2022-12-13 20:38:09.4289742 +0500 +05 m=+1590.685867401
