**************************************
  Name: OjoCronService
  Created at: 25/11/2022 19:24:56
**************************************

25/11/2022 19:24:56 | AddListener() - `discount_removed` listener added
25/11/2022 19:24:56 | AddListener() - `add_discount` listener added
25/11/2022 19:24:56 | AddListener() - `auction_finished` listener added
25/11/2022 19:24:56 | AddListener() - `auction_removed` listener added
25/11/2022 19:24:56 | AddListener() - `permission_started` listener added
25/11/2022 19:24:56 | AddListener() - `permission_ended` listener added
25/11/2022 19:24:56 | channelCron() - Started at: 2022-11-25 19:24:56.9283778 +0500 +05 m=+0.692572701
25/11/2022 19:25:26 | expiredJobsCron() - getting expired jobs 2022-11-25 19:25:26.9328882 +0500 +05 m=+30.697083101
25/11/2022 19:25:56 | expiredJobsCron() - getting expired jobs 2022-11-25 19:25:56.9429313 +0500 +05 m=+60.707126201
25/11/2022 19:26:26 | expiredJobsCron() - getting expired jobs 2022-11-25 19:26:26.93713 +0500 +05 m=+90.701324901
25/11/2022 19:26:56 | expiredJobsCron() - getting expired jobs 2022-11-25 19:26:56.9402134 +0500 +05 m=+120.704408301
25/11/2022 19:27:26 | expiredJobsCron() - getting expired jobs 2022-11-25 19:27:26.9430241 +0500 +05 m=+150.707219001
25/11/2022 19:27:56 | expiredJobsCron() - getting expired jobs 2022-11-25 19:27:56.9451775 +0500 +05 m=+180.709372401
25/11/2022 19:28:26 | expiredJobsCron() - getting expired jobs 2022-11-25 19:28:26.9380731 +0500 +05 m=+210.702268001
25/11/2022 19:28:56 | expiredJobsCron() - getting expired jobs 2022-11-25 19:28:56.9414783 +0500 +05 m=+240.705673201
25/11/2022 19:29:26 | expiredJobsCron() - getting expired jobs 2022-11-25 19:29:26.9385183 +0500 +05 m=+270.702713201
25/11/2022 19:29:56 | expiredJobsCron() - getting expired jobs 2022-11-25 19:29:56.9300603 +0500 +05 m=+300.694255201
25/11/2022 19:30:26 | expiredJobsCron() - getting expired jobs 2022-11-25 19:30:26.9398804 +0500 +05 m=+330.704075301
25/11/2022 19:32:28 | expiredJobsCron() - getting expired jobs 2022-11-25 19:32:28.3448454 +0500 +05 m=+90.699650101
25/11/2022 19:32:58 | expiredJobsCron() - getting expired jobs 2022-11-25 19:32:58.3338194 +0500 +05 m=+120.688624101
25/11/2022 19:33:28 | expiredJobsCron() - getting expired jobs 2022-11-25 19:33:28.3369806 +0500 +05 m=+150.691785301
25/11/2022 19:33:58 | expiredJobsCron() - getting expired jobs 2022-11-25 19:33:58.3406202 +0500 +05 m=+180.695424901
25/11/2022 19:35:28 | expiredJobsCron() - getting expired jobs 2022-11-25 19:35:28.3352339 +0500 +05 m=+270.690038601
25/11/2022 19:35:58 | expiredJobsCron() - getting expired jobs 2022-11-25 19:35:58.3387393 +0500 +05 m=+300.693544001
25/11/2022 19:36:28 | expiredJobsCron() - getting expired jobs 2022-11-25 19:36:28.335085 +0500 +05 m=+330.689889701
25/11/2022 19:36:58 | expiredJobsCron() - getting expired jobs 2022-11-25 19:36:58.3388058 +0500 +05 m=+360.693610501
25/11/2022 19:37:28 | expiredJobsCron() - getting expired jobs 2022-11-25 19:37:28.3428029 +0500 +05 m=+390.697607601
25/11/2022 19:37:58 | expiredJobsCron() - getting expired jobs 2022-11-25 19:37:58.3359819 +0500 +05 m=+420.690786601
25/11/2022 19:38:28 | expiredJobsCron() - getting expired jobs 2022-11-25 19:38:28.3474678 +0500 +05 m=+450.702272501
25/11/2022 19:38:58 | expiredJobsCron() - getting expired jobs 2022-11-25 19:38:58.3465555 +0500 +05 m=+480.701360201
25/11/2022 19:39:28 | expiredJobsCron() - getting expired jobs 2022-11-25 19:39:28.3400243 +0500 +05 m=+510.694829001
25/11/2022 19:39:58 | expiredJobsCron() - getting expired jobs 2022-11-25 19:39:58.3364096 +0500 +05 m=+540.691214301
25/11/2022 19:40:28 | expiredJobsCron() - getting expired jobs 2022-11-25 19:40:28.3429565 +0500 +05 m=+570.697761201
25/11/2022 19:40:58 | expiredJobsCron() - getting expired jobs 2022-11-25 19:40:58.3407061 +0500 +05 m=+600.695510801
25/11/2022 19:41:28 | expiredJobsCron() - getting expired jobs 2022-11-25 19:41:28.3360932 +0500 +05 m=+630.690897901
25/11/2022 19:41:58 | expiredJobsCron() - getting expired jobs 2022-11-25 19:41:58.3462118 +0500 +05 m=+660.701016501
25/11/2022 19:42:28 | expiredJobsCron() - getting expired jobs 2022-11-25 19:42:28.3367251 +0500 +05 m=+690.691529801
25/11/2022 19:42:58 | expiredJobsCron() - getting expired jobs 2022-11-25 19:42:58.3420827 +0500 +05 m=+720.696887401
25/11/2022 19:43:28 | expiredJobsCron() - getting expired jobs 2022-11-25 19:43:28.3428335 +0500 +05 m=+750.697638201
25/11/2022 19:43:58 | expiredJobsCron() - getting expired jobs 2022-11-25 19:43:58.3435772 +0500 +05 m=+780.698381901
25/11/2022 19:44:28 | expiredJobsCron() - getting expired jobs 2022-11-25 19:44:28.349002 +0500 +05 m=+810.703806701
25/11/2022 19:44:58 | expiredJobsCron() - getting expired jobs 2022-11-25 19:44:58.3419222 +0500 +05 m=+840.696726901
25/11/2022 19:45:28 | expiredJobsCron() - getting expired jobs 2022-11-25 19:45:28.3425059 +0500 +05 m=+870.697310601
25/11/2022 19:45:58 | expiredJobsCron() - getting expired jobs 2022-11-25 19:45:58.3369448 +0500 +05 m=+900.691749501
25/11/2022 19:46:28 | expiredJobsCron() - getting expired jobs 2022-11-25 19:46:28.3410017 +0500 +05 m=+930.695806401
25/11/2022 19:46:58 | expiredJobsCron() - getting expired jobs 2022-11-25 19:46:58.343885 +0500 +05 m=+960.698689701
25/11/2022 19:47:28 | expiredJobsCron() - getting expired jobs 2022-11-25 19:47:28.3328031 +0500 +05 m=+990.687607801
25/11/2022 19:47:58 | expiredJobsCron() - getting expired jobs 2022-11-25 19:47:58.3459467 +0500 +05 m=+1020.700751401
25/11/2022 19:48:28 | expiredJobsCron() - getting expired jobs 2022-11-25 19:48:28.3444736 +0500 +05 m=+1050.699278301
25/11/2022 19:48:58 | expiredJobsCron() - getting expired jobs 2022-11-25 19:48:58.3356984 +0500 +05 m=+1080.690503101
25/11/2022 19:49:28 | expiredJobsCron() - getting expired jobs 2022-11-25 19:49:28.3333022 +0500 +05 m=+1110.688106901
25/11/2022 19:49:58 | expiredJobsCron() - getting expired jobs 2022-11-25 19:49:58.3533755 +0500 +05 m=+1140.708180201
25/11/2022 19:50:28 | expiredJobsCron() - getting expired jobs 2022-11-25 19:50:28.3402852 +0500 +05 m=+1170.695089901
25/11/2022 19:50:58 | expiredJobsCron() - getting expired jobs 2022-11-25 19:50:58.341347 +0500 +05 m=+1200.696151701
25/11/2022 19:51:28 | expiredJobsCron() - getting expired jobs 2022-11-25 19:51:28.3388302 +0500 +05 m=+1230.693634901
25/11/2022 19:51:58 | expiredJobsCron() - getting expired jobs 2022-11-25 19:51:58.3382071 +0500 +05 m=+1260.693011801
25/11/2022 19:52:28 | expiredJobsCron() - getting expired jobs 2022-11-25 19:52:28.3363361 +0500 +05 m=+1290.691140801
25/11/2022 19:52:58 | expiredJobsCron() - getting expired jobs 2022-11-25 19:52:58.3335267 +0500 +05 m=+1320.688331401
25/11/2022 19:53:28 | expiredJobsCron() - getting expired jobs 2022-11-25 19:53:28.3368157 +0500 +05 m=+1350.691620401
25/11/2022 19:53:58 | expiredJobsCron() - getting expired jobs 2022-11-25 19:53:58.3417453 +0500 +05 m=+1380.696550001
25/11/2022 19:54:28 | expiredJobsCron() - getting expired jobs 2022-11-25 19:54:28.3411989 +0500 +05 m=+1410.696003601
25/11/2022 19:54:58 | expiredJobsCron() - getting expired jobs 2022-11-25 19:54:58.3383041 +0500 +05 m=+1440.693108801
25/11/2022 19:55:28 | expiredJobsCron() - getting expired jobs 2022-11-25 19:55:28.3450008 +0500 +05 m=+1470.699805501
25/11/2022 19:55:58 | expiredJobsCron() - getting expired jobs 2022-11-25 19:55:58.3355955 +0500 +05 m=+1500.690400201
25/11/2022 19:56:28 | expiredJobsCron() - getting expired jobs 2022-11-25 19:56:28.3406867 +0500 +05 m=+1530.695491401
25/11/2022 19:56:58 | expiredJobsCron() - getting expired jobs 2022-11-25 19:56:58.3393425 +0500 +05 m=+1560.694147201
25/11/2022 19:57:28 | expiredJobsCron() - getting expired jobs 2022-11-25 19:57:28.3389725 +0500 +05 m=+1590.693882701
25/11/2022 19:57:58 | expiredJobsCron() - getting expired jobs 2022-11-25 19:57:58.3456967 +0500 +05 m=+1620.700606901
25/11/2022 19:58:28 | expiredJobsCron() - getting expired jobs 2022-11-25 19:58:28.3466218 +0500 +05 m=+1650.701532001
25/11/2022 19:58:58 | expiredJobsCron() - getting expired jobs 2022-11-25 19:58:58.3465291 +0500 +05 m=+1680.701439301
25/11/2022 19:59:28 | expiredJobsCron() - getting expired jobs 2022-11-25 19:59:28.3388911 +0500 +05 m=+1710.693801301
25/11/2022 19:59:58 | expiredJobsCron() - getting expired jobs 2022-11-25 19:59:58.3389835 +0500 +05 m=+1740.693893701
25/11/2022 20:00:28 | expiredJobsCron() - getting expired jobs 2022-11-25 20:00:28.3362193 +0500 +05 m=+1770.691129501
25/11/2022 20:00:58 | expiredJobsCron() - getting expired jobs 2022-11-25 20:00:58.3428089 +0500 +05 m=+1800.697719101
25/11/2022 20:01:28 | expiredJobsCron() - getting expired jobs 2022-11-25 20:01:28.3345495 +0500 +05 m=+1830.689459701
25/11/2022 20:01:58 | expiredJobsCron() - getting expired jobs 2022-11-25 20:01:58.3367818 +0500 +05 m=+1860.691692001
25/11/2022 20:02:28 | expiredJobsCron() - getting expired jobs 2022-11-25 20:02:28.3359829 +0500 +05 m=+1890.690893101
25/11/2022 20:02:58 | expiredJobsCron() - getting expired jobs 2022-11-25 20:02:58.3433174 +0500 +05 m=+1920.698227601
25/11/2022 20:03:28 | expiredJobsCron() - getting expired jobs 2022-11-25 20:03:28.3352994 +0500 +05 m=+1950.690209601
25/11/2022 20:03:58 | expiredJobsCron() - getting expired jobs 2022-11-25 20:03:58.3437547 +0500 +05 m=+1980.698664901
25/11/2022 20:04:28 | expiredJobsCron() - getting expired jobs 2022-11-25 20:04:28.3449289 +0500 +05 m=+2010.699839101
25/11/2022 20:04:58 | expiredJobsCron() - getting expired jobs 2022-11-25 20:04:58.3350545 +0500 +05 m=+2040.689964701
25/11/2022 20:05:28 | expiredJobsCron() - getting expired jobs 2022-11-25 20:05:28.3455342 +0500 +05 m=+2070.700444401
25/11/2022 20:05:58 | expiredJobsCron() - getting expired jobs 2022-11-25 20:05:58.3448355 +0500 +05 m=+2100.699745701
25/11/2022 20:06:28 | expiredJobsCron() - getting expired jobs 2022-11-25 20:06:28.3397629 +0500 +05 m=+2130.694673101
25/11/2022 20:06:58 | expiredJobsCron() - getting expired jobs 2022-11-25 20:06:58.3380325 +0500 +05 m=+2160.692942701
25/11/2022 20:07:28 | expiredJobsCron() - getting expired jobs 2022-11-25 20:07:28.3380361 +0500 +05 m=+2190.692946301
25/11/2022 20:07:58 | expiredJobsCron() - getting expired jobs 2022-11-25 20:07:58.3432397 +0500 +05 m=+2220.698149901
25/11/2022 20:08:28 | expiredJobsCron() - getting expired jobs 2022-11-25 20:08:28.3398839 +0500 +05 m=+2250.694794101
25/11/2022 20:08:58 | expiredJobsCron() - getting expired jobs 2022-11-25 20:08:58.3468412 +0500 +05 m=+2280.701751401
25/11/2022 20:09:28 | expiredJobsCron() - getting expired jobs 2022-11-25 20:09:28.3451053 +0500 +05 m=+2310.700015501
25/11/2022 20:09:58 | expiredJobsCron() - getting expired jobs 2022-11-25 20:09:58.3386796 +0500 +05 m=+2340.693589801
25/11/2022 20:10:28 | expiredJobsCron() - getting expired jobs 2022-11-25 20:10:28.3329473 +0500 +05 m=+2370.687857501
25/11/2022 20:10:58 | expiredJobsCron() - getting expired jobs 2022-11-25 20:10:58.3449808 +0500 +05 m=+2400.699891001
25/11/2022 20:11:28 | expiredJobsCron() - getting expired jobs 2022-11-25 20:11:28.3409477 +0500 +05 m=+2430.695857901
25/11/2022 20:11:58 | expiredJobsCron() - getting expired jobs 2022-11-25 20:11:58.3423347 +0500 +05 m=+2460.697244901
25/11/2022 20:12:28 | expiredJobsCron() - getting expired jobs 2022-11-25 20:12:28.3468578 +0500 +05 m=+2490.701768001
25/11/2022 20:12:58 | expiredJobsCron() - getting expired jobs 2022-11-25 20:12:58.3445996 +0500 +05 m=+2520.699509801
25/11/2022 20:13:28 | expiredJobsCron() - getting expired jobs 2022-11-25 20:13:28.3467593 +0500 +05 m=+2550.701669501
25/11/2022 20:13:58 | expiredJobsCron() - getting expired jobs 2022-11-25 20:13:58.3412489 +0500 +05 m=+2580.696159101
25/11/2022 20:14:28 | expiredJobsCron() - getting expired jobs 2022-11-25 20:14:28.3338986 +0500 +05 m=+2610.688808801
25/11/2022 20:14:58 | expiredJobsCron() - getting expired jobs 2022-11-25 20:14:58.3475828 +0500 +05 m=+2640.702493001
25/11/2022 20:15:28 | expiredJobsCron() - getting expired jobs 2022-11-25 20:15:28.3349107 +0500 +05 m=+2670.689820901
25/11/2022 20:15:58 | expiredJobsCron() - getting expired jobs 2022-11-25 20:15:58.3337365 +0500 +05 m=+2700.688646701
25/11/2022 20:16:28 | expiredJobsCron() - getting expired jobs 2022-11-25 20:16:28.3437334 +0500 +05 m=+2730.698643601
25/11/2022 20:16:58 | expiredJobsCron() - getting expired jobs 2022-11-25 20:16:58.3452461 +0500 +05 m=+2760.700156301
25/11/2022 20:17:28 | expiredJobsCron() - getting expired jobs 2022-11-25 20:17:28.340843 +0500 +05 m=+2790.695753201
25/11/2022 20:17:58 | expiredJobsCron() - getting expired jobs 2022-11-25 20:17:58.3450133 +0500 +05 m=+2820.699923501
25/11/2022 20:18:28 | expiredJobsCron() - getting expired jobs 2022-11-25 20:18:28.3366576 +0500 +05 m=+2850.691567801
25/11/2022 20:18:58 | expiredJobsCron() - getting expired jobs 2022-11-25 20:18:58.3358322 +0500 +05 m=+2880.690742401
25/11/2022 20:19:28 | expiredJobsCron() - getting expired jobs 2022-11-25 20:19:28.3472709 +0500 +05 m=+2910.702181101
25/11/2022 20:19:58 | expiredJobsCron() - getting expired jobs 2022-11-25 20:19:58.3361196 +0500 +05 m=+2940.691029801
25/11/2022 20:20:28 | expiredJobsCron() - getting expired jobs 2022-11-25 20:20:28.3372152 +0500 +05 m=+2970.692125401
25/11/2022 20:20:58 | expiredJobsCron() - getting expired jobs 2022-11-25 20:20:58.3375188 +0500 +05 m=+3000.692429001
25/11/2022 20:21:28 | expiredJobsCron() - getting expired jobs 2022-11-25 20:21:28.3358573 +0500 +05 m=+3030.690767501
25/11/2022 20:21:58 | expiredJobsCron() - getting expired jobs 2022-11-25 20:21:58.3452201 +0500 +05 m=+3060.700130301
25/11/2022 20:22:28 | expiredJobsCron() - getting expired jobs 2022-11-25 20:22:28.3374428 +0500 +05 m=+3090.692353001
25/11/2022 20:22:58 | expiredJobsCron() - getting expired jobs 2022-11-25 20:22:58.3440194 +0500 +05 m=+3120.698929601
25/11/2022 20:23:28 | expiredJobsCron() - getting expired jobs 2022-11-25 20:23:28.3428041 +0500 +05 m=+3150.697714301
25/11/2022 20:23:58 | expiredJobsCron() - getting expired jobs 2022-11-25 20:23:58.3368233 +0500 +05 m=+3180.691733501
25/11/2022 20:24:28 | expiredJobsCron() - getting expired jobs 2022-11-25 20:24:28.3360474 +0500 +05 m=+3210.690957601
25/11/2022 20:24:58 | expiredJobsCron() - getting expired jobs 2022-11-25 20:24:58.3450967 +0500 +05 m=+3240.700006901
25/11/2022 20:25:28 | expiredJobsCron() - getting expired jobs 2022-11-25 20:25:28.3400885 +0500 +05 m=+3270.694998701
25/11/2022 20:25:58 | expiredJobsCron() - getting expired jobs 2022-11-25 20:25:58.3468312 +0500 +05 m=+3300.701741401
25/11/2022 20:26:28 | expiredJobsCron() - getting expired jobs 2022-11-25 20:26:28.3437002 +0500 +05 m=+3330.698610401
25/11/2022 20:26:58 | expiredJobsCron() - getting expired jobs 2022-11-25 20:26:58.3440462 +0500 +05 m=+3360.698956401
25/11/2022 20:27:28 | expiredJobsCron() - getting expired jobs 2022-11-25 20:27:28.3405067 +0500 +05 m=+3390.695416901
25/11/2022 20:27:58 | expiredJobsCron() - getting expired jobs 2022-11-25 20:27:58.3361749 +0500 +05 m=+3420.691085101
25/11/2022 20:28:28 | expiredJobsCron() - getting expired jobs 2022-11-25 20:28:28.3454938 +0500 +05 m=+3450.700404001
25/11/2022 20:28:58 | expiredJobsCron() - getting expired jobs 2022-11-25 20:28:58.3398643 +0500 +05 m=+3480.694774501
25/11/2022 20:29:28 | expiredJobsCron() - getting expired jobs 2022-11-25 20:29:28.3404487 +0500 +05 m=+3510.695358901
25/11/2022 20:29:58 | expiredJobsCron() - getting expired jobs 2022-11-25 20:29:58.3337856 +0500 +05 m=+3540.688695801
25/11/2022 20:30:28 | expiredJobsCron() - getting expired jobs 2022-11-25 20:30:28.3385942 +0500 +05 m=+3570.693504401
25/11/2022 20:30:58 | expiredJobsCron() - getting expired jobs 2022-11-25 20:30:58.3336866 +0500 +05 m=+3600.688596801
25/11/2022 20:31:28 | expiredJobsCron() - getting expired jobs 2022-11-25 20:31:28.3383901 +0500 +05 m=+3630.693300301
25/11/2022 20:31:58 | expiredJobsCron() - getting expired jobs 2022-11-25 20:31:58.3329861 +0500 +05 m=+3660.687896301
25/11/2022 20:32:28 | expiredJobsCron() - getting expired jobs 2022-11-25 20:32:28.3381711 +0500 +05 m=+3690.693081301
25/11/2022 20:32:58 | expiredJobsCron() - getting expired jobs 2022-11-25 20:32:58.3344784 +0500 +05 m=+3720.689388601
25/11/2022 20:33:28 | expiredJobsCron() - getting expired jobs 2022-11-25 20:33:28.343733 +0500 +05 m=+3750.698643201
25/11/2022 20:33:58 | expiredJobsCron() - getting expired jobs 2022-11-25 20:33:58.3391408 +0500 +05 m=+3780.694051001
25/11/2022 20:34:28 | expiredJobsCron() - getting expired jobs 2022-11-25 20:34:28.347331 +0500 +05 m=+3810.702241201
25/11/2022 20:34:58 | expiredJobsCron() - getting expired jobs 2022-11-25 20:34:58.3349587 +0500 +05 m=+3840.689868901
25/11/2022 20:35:28 | expiredJobsCron() - getting expired jobs 2022-11-25 20:35:28.33741 +0500 +05 m=+3870.692320201
25/11/2022 20:35:58 | expiredJobsCron() - getting expired jobs 2022-11-25 20:35:58.3397754 +0500 +05 m=+3900.694685601
25/11/2022 20:36:28 | expiredJobsCron() - getting expired jobs 2022-11-25 20:36:28.3416267 +0500 +05 m=+3930.696536901
25/11/2022 20:36:58 | expiredJobsCron() - getting expired jobs 2022-11-25 20:36:58.340842 +0500 +05 m=+3960.695752201
25/11/2022 20:37:28 | expiredJobsCron() - getting expired jobs 2022-11-25 20:37:28.3447674 +0500 +05 m=+3990.699677601
25/11/2022 20:37:58 | expiredJobsCron() - getting expired jobs 2022-11-25 20:37:58.3352877 +0500 +05 m=+4020.690197901
25/11/2022 20:38:28 | expiredJobsCron() - getting expired jobs 2022-11-25 20:38:28.3456433 +0500 +05 m=+4050.700553501
25/11/2022 20:38:58 | expiredJobsCron() - getting expired jobs 2022-11-25 20:38:58.3378945 +0500 +05 m=+4080.692804701
25/11/2022 20:39:28 | expiredJobsCron() - getting expired jobs 2022-11-25 20:39:28.3372673 +0500 +05 m=+4110.692177501
25/11/2022 20:39:58 | expiredJobsCron() - getting expired jobs 2022-11-25 20:39:58.3359724 +0500 +05 m=+4140.690882601
25/11/2022 20:40:28 | expiredJobsCron() - getting expired jobs 2022-11-25 20:40:28.3392337 +0500 +05 m=+4170.694143901
25/11/2022 20:40:58 | expiredJobsCron() - getting expired jobs 2022-11-25 20:40:58.3382885 +0500 +05 m=+4200.693198701
25/11/2022 20:41:28 | expiredJobsCron() - getting expired jobs 2022-11-25 20:41:28.3422136 +0500 +05 m=+4230.697123801
25/11/2022 20:41:58 | expiredJobsCron() - getting expired jobs 2022-11-25 20:41:58.3378001 +0500 +05 m=+4260.692710301
25/11/2022 20:42:28 | expiredJobsCron() - getting expired jobs 2022-11-25 20:42:28.3425905 +0500 +05 m=+4290.697500701
25/11/2022 20:42:58 | expiredJobsCron() - getting expired jobs 2022-11-25 20:42:58.3380366 +0500 +05 m=+4320.692946801
25/11/2022 20:43:28 | expiredJobsCron() - getting expired jobs 2022-11-25 20:43:28.3450059 +0500 +05 m=+4350.699916101
25/11/2022 20:43:58 | expiredJobsCron() - getting expired jobs 2022-11-25 20:43:58.3433553 +0500 +05 m=+4380.698265501
25/11/2022 20:44:28 | expiredJobsCron() - getting expired jobs 2022-11-25 20:44:28.3384202 +0500 +05 m=+4410.693330401
25/11/2022 20:44:58 | expiredJobsCron() - getting expired jobs 2022-11-25 20:44:58.3441625 +0500 +05 m=+4440.699072701
25/11/2022 20:45:28 | expiredJobsCron() - getting expired jobs 2022-11-25 20:45:28.3403414 +0500 +05 m=+4470.695251601
25/11/2022 20:45:58 | expiredJobsCron() - getting expired jobs 2022-11-25 20:45:58.3470897 +0500 +05 m=+4500.701999901
25/11/2022 20:46:28 | expiredJobsCron() - getting expired jobs 2022-11-25 20:46:28.3410343 +0500 +05 m=+4530.695944501
25/11/2022 20:46:58 | expiredJobsCron() - getting expired jobs 2022-11-25 20:46:58.34247 +0500 +05 m=+4560.697380201
25/11/2022 20:47:28 | expiredJobsCron() - getting expired jobs 2022-11-25 20:47:28.3464574 +0500 +05 m=+4590.701367601
25/11/2022 20:47:58 | expiredJobsCron() - getting expired jobs 2022-11-25 20:47:58.3467699 +0500 +05 m=+4620.701680101
25/11/2022 20:48:28 | expiredJobsCron() - getting expired jobs 2022-11-25 20:48:28.3432473 +0500 +05 m=+4650.698157501
25/11/2022 20:48:58 | expiredJobsCron() - getting expired jobs 2022-11-25 20:48:58.3421057 +0500 +05 m=+4680.697015901
25/11/2022 20:49:28 | expiredJobsCron() - getting expired jobs 2022-11-25 20:49:28.3370497 +0500 +05 m=+4710.691959901
25/11/2022 20:49:58 | expiredJobsCron() - getting expired jobs 2022-11-25 20:49:58.3438588 +0500 +05 m=+4740.698769001
25/11/2022 20:50:28 | expiredJobsCron() - getting expired jobs 2022-11-25 20:50:28.3450945 +0500 +05 m=+4770.700004701
25/11/2022 20:50:58 | expiredJobsCron() - getting expired jobs 2022-11-25 20:50:58.3398 +0500 +05 m=+4800.694710201
25/11/2022 20:51:28 | expiredJobsCron() - getting expired jobs 2022-11-25 20:51:28.3331697 +0500 +05 m=+4830.688079901
25/11/2022 20:51:58 | expiredJobsCron() - getting expired jobs 2022-11-25 20:51:58.3451405 +0500 +05 m=+4860.700050701
25/11/2022 20:52:28 | expiredJobsCron() - getting expired jobs 2022-11-25 20:52:28.3377063 +0500 +05 m=+4890.692616501
25/11/2022 20:52:58 | expiredJobsCron() - getting expired jobs 2022-11-25 20:52:58.3350288 +0500 +05 m=+4920.689939001
25/11/2022 20:53:28 | expiredJobsCron() - getting expired jobs 2022-11-25 20:53:28.3356703 +0500 +05 m=+4950.690580501
25/11/2022 20:53:58 | expiredJobsCron() - getting expired jobs 2022-11-25 20:53:58.3413179 +0500 +05 m=+4980.696228101
25/11/2022 20:54:28 | expiredJobsCron() - getting expired jobs 2022-11-25 20:54:28.3460834 +0500 +05 m=+5010.700993601
25/11/2022 20:54:58 | expiredJobsCron() - getting expired jobs 2022-11-25 20:54:58.34791 +0500 +05 m=+5040.702820201
25/11/2022 20:55:28 | expiredJobsCron() - getting expired jobs 2022-11-25 20:55:28.3353397 +0500 +05 m=+5070.690249901
25/11/2022 20:55:58 | expiredJobsCron() - getting expired jobs 2022-11-25 20:55:58.3399415 +0500 +05 m=+5100.694851701
25/11/2022 20:56:28 | expiredJobsCron() - getting expired jobs 2022-11-25 20:56:28.3345847 +0500 +05 m=+5130.689494901
25/11/2022 20:56:58 | expiredJobsCron() - getting expired jobs 2022-11-25 20:56:58.3339967 +0500 +05 m=+5160.688906901
25/11/2022 20:57:28 | expiredJobsCron() - getting expired jobs 2022-11-25 20:57:28.3363468 +0500 +05 m=+5190.691257001
25/11/2022 20:57:58 | expiredJobsCron() - getting expired jobs 2022-11-25 20:57:58.3353184 +0500 +05 m=+5220.690228601
25/11/2022 20:58:28 | expiredJobsCron() - getting expired jobs 2022-11-25 20:58:28.3461817 +0500 +05 m=+5250.701091901
25/11/2022 20:58:58 | expiredJobsCron() - getting expired jobs 2022-11-25 20:58:58.3349115 +0500 +05 m=+5280.689821701
25/11/2022 20:59:28 | expiredJobsCron() - getting expired jobs 2022-11-25 20:59:28.3471403 +0500 +05 m=+5310.702050501
25/11/2022 20:59:58 | expiredJobsCron() - getting expired jobs 2022-11-25 20:59:58.334729 +0500 +05 m=+5340.689639201
25/11/2022 21:00:28 | expiredJobsCron() - getting expired jobs 2022-11-25 21:00:28.3334404 +0500 +05 m=+5370.688350601
25/11/2022 21:00:58 | expiredJobsCron() - getting expired jobs 2022-11-25 21:00:58.3427228 +0500 +05 m=+5400.697633001
25/11/2022 21:01:28 | expiredJobsCron() - getting expired jobs 2022-11-25 21:01:28.3478144 +0500 +05 m=+5430.702724601
25/11/2022 21:01:58 | expiredJobsCron() - getting expired jobs 2022-11-25 21:01:58.3394662 +0500 +05 m=+5460.694376401
25/11/2022 21:02:28 | expiredJobsCron() - getting expired jobs 2022-11-25 21:02:28.3416099 +0500 +05 m=+5490.696520101
25/11/2022 21:02:58 | expiredJobsCron() - getting expired jobs 2022-11-25 21:02:58.343774 +0500 +05 m=+5520.698684201
25/11/2022 21:03:28 | expiredJobsCron() - getting expired jobs 2022-11-25 21:03:28.3477092 +0500 +05 m=+5550.702619401
25/11/2022 21:03:58 | expiredJobsCron() - getting expired jobs 2022-11-25 21:03:58.3405506 +0500 +05 m=+5580.695460801
25/11/2022 21:04:28 | expiredJobsCron() - getting expired jobs 2022-11-25 21:04:28.3385207 +0500 +05 m=+5610.693430901
25/11/2022 21:04:58 | expiredJobsCron() - getting expired jobs 2022-11-25 21:04:58.3404779 +0500 +05 m=+5640.695388101
25/11/2022 21:05:28 | expiredJobsCron() - getting expired jobs 2022-11-25 21:05:28.3386081 +0500 +05 m=+5670.693518301
25/11/2022 21:05:58 | expiredJobsCron() - getting expired jobs 2022-11-25 21:05:58.3376275 +0500 +05 m=+5700.692537701
25/11/2022 21:06:28 | expiredJobsCron() - getting expired jobs 2022-11-25 21:06:28.3416345 +0500 +05 m=+5730.696544701
25/11/2022 21:06:58 | expiredJobsCron() - getting expired jobs 2022-11-25 21:06:58.335134 +0500 +05 m=+5760.690044201
25/11/2022 21:07:28 | expiredJobsCron() - getting expired jobs 2022-11-25 21:07:28.3374235 +0500 +05 m=+5790.692333701
25/11/2022 21:07:58 | expiredJobsCron() - getting expired jobs 2022-11-25 21:07:58.3449951 +0500 +05 m=+5820.699905301
25/11/2022 21:08:28 | expiredJobsCron() - getting expired jobs 2022-11-25 21:08:28.339584 +0500 +05 m=+5850.694494201
25/11/2022 21:08:58 | expiredJobsCron() - getting expired jobs 2022-11-25 21:08:58.3475835 +0500 +05 m=+5880.702493701
25/11/2022 21:09:28 | expiredJobsCron() - getting expired jobs 2022-11-25 21:09:28.3447285 +0500 +05 m=+5910.699638701
25/11/2022 21:09:58 | expiredJobsCron() - getting expired jobs 2022-11-25 21:09:58.3367953 +0500 +05 m=+5940.691705501
25/11/2022 21:10:28 | expiredJobsCron() - getting expired jobs 2022-11-25 21:10:28.3438521 +0500 +05 m=+5970.698762301
25/11/2022 21:10:58 | expiredJobsCron() - getting expired jobs 2022-11-25 21:10:58.3362485 +0500 +05 m=+6000.691158701
25/11/2022 21:11:28 | expiredJobsCron() - getting expired jobs 2022-11-25 21:11:28.3385077 +0500 +05 m=+6030.693417901
25/11/2022 21:11:58 | expiredJobsCron() - getting expired jobs 2022-11-25 21:11:58.3381547 +0500 +05 m=+6060.693064901
25/11/2022 21:12:28 | expiredJobsCron() - getting expired jobs 2022-11-25 21:12:28.3455132 +0500 +05 m=+6090.700423401
25/11/2022 21:12:58 | expiredJobsCron() - getting expired jobs 2022-11-25 21:12:58.341052 +0500 +05 m=+6120.695962201
25/11/2022 21:13:28 | expiredJobsCron() - getting expired jobs 2022-11-25 21:13:28.3369975 +0500 +05 m=+6150.691907701
25/11/2022 21:13:58 | expiredJobsCron() - getting expired jobs 2022-11-25 21:13:58.3333639 +0500 +05 m=+6180.688274101
25/11/2022 21:14:28 | expiredJobsCron() - getting expired jobs 2022-11-25 21:14:28.3390336 +0500 +05 m=+6210.693943801
25/11/2022 21:14:58 | expiredJobsCron() - getting expired jobs 2022-11-25 21:14:58.3451685 +0500 +05 m=+6240.700078701
25/11/2022 21:15:28 | expiredJobsCron() - getting expired jobs 2022-11-25 21:15:28.3388402 +0500 +05 m=+6270.693750401
25/11/2022 21:15:58 | expiredJobsCron() - getting expired jobs 2022-11-25 21:15:58.341301 +0500 +05 m=+6300.696211201
25/11/2022 21:16:28 | expiredJobsCron() - getting expired jobs 2022-11-25 21:16:28.347274 +0500 +05 m=+6330.702184201
25/11/2022 21:16:58 | expiredJobsCron() - getting expired jobs 2022-11-25 21:16:58.3475587 +0500 +05 m=+6360.702468901
25/11/2022 21:17:28 | expiredJobsCron() - getting expired jobs 2022-11-25 21:17:28.3422139 +0500 +05 m=+6390.697124101
25/11/2022 21:17:58 | expiredJobsCron() - getting expired jobs 2022-11-25 21:17:58.3471082 +0500 +05 m=+6420.702018401
25/11/2022 21:18:28 | expiredJobsCron() - getting expired jobs 2022-11-25 21:18:28.3471616 +0500 +05 m=+6450.702071801
25/11/2022 21:18:58 | expiredJobsCron() - getting expired jobs 2022-11-25 21:18:58.3346939 +0500 +05 m=+6480.689604101
