**************************************
  Name: OjoCronService
  Created at: 07/12/2022 16:38:43
**************************************

07/12/2022 20:43:00 | AddListener() - `discount_removed` listener added
07/12/2022 20:43:00 | AddListener() - `add_discount` listener added
07/12/2022 20:43:00 | AddListener() - `auction_finished` listener added
07/12/2022 20:43:00 | AddListener() - `auction_removed` listener added
07/12/2022 20:43:00 | AddListener() - `permission_started` listener added
07/12/2022 20:43:00 | AddListener() - `permission_ended` listener added
07/12/2022 20:43:00 | channelCron() - Started at: 2022-12-07 20:43:00.0595452 +0500 +05 m=+0.680026301
07/12/2022 20:43:23 | AddListener() - `discount_removed` listener added
07/12/2022 20:43:23 | AddListener() - `add_discount` listener added
07/12/2022 20:43:23 | AddListener() - `auction_finished` listener added
07/12/2022 20:43:23 | AddListener() - `auction_removed` listener added
07/12/2022 20:43:23 | AddListener() - `permission_started` listener added
07/12/2022 20:43:23 | AddListener() - `permission_ended` listener added
07/12/2022 20:43:23 | channelCron() - Started at: 2022-12-07 20:43:23.7904316 +0500 +05 m=+0.669724301
07/12/2022 20:43:53 | expiredJobsCron() - getting expired jobs 2022-12-07 20:43:53.7918393 +0500 +05 m=+30.671132001
07/12/2022 20:44:23 | expiredJobsCron() - getting expired jobs 2022-12-07 20:44:23.7996115 +0500 +05 m=+60.678904201
07/12/2022 20:44:59 | AddListener() - `discount_removed` listener added
07/12/2022 20:44:59 | AddListener() - `add_discount` listener added
07/12/2022 20:44:59 | AddListener() - `auction_finished` listener added
07/12/2022 20:44:59 | AddListener() - `auction_removed` listener added
07/12/2022 20:44:59 | AddListener() - `permission_started` listener added
07/12/2022 20:44:59 | AddListener() - `permission_ended` listener added
07/12/2022 20:44:59 | channelCron() - Started at: 2022-12-07 20:44:59.9578138 +0500 +05 m=+0.682032801
07/12/2022 20:45:29 | expiredJobsCron() - getting expired jobs 2022-12-07 20:45:29.9633795 +0500 +05 m=+30.687598501
07/12/2022 20:45:59 | expiredJobsCron() - getting expired jobs 2022-12-07 20:45:59.9682391 +0500 +05 m=+60.692458101
07/12/2022 20:46:29 | expiredJobsCron() - getting expired jobs 2022-12-07 20:46:29.9705777 +0500 +05 m=+90.694796701
07/12/2022 20:46:59 | expiredJobsCron() - getting expired jobs 2022-12-07 20:46:59.9631807 +0500 +05 m=+120.687399701
07/12/2022 20:47:29 | expiredJobsCron() - getting expired jobs 2022-12-07 20:47:29.9624019 +0500 +05 m=+150.686620901
07/12/2022 20:47:59 | expiredJobsCron() - getting expired jobs 2022-12-07 20:47:59.9583124 +0500 +05 m=+180.682531401
07/12/2022 20:48:29 | expiredJobsCron() - getting expired jobs 2022-12-07 20:48:29.9622343 +0500 +05 m=+210.686453301
07/12/2022 20:48:59 | expiredJobsCron() - getting expired jobs 2022-12-07 20:48:59.9711564 +0500 +05 m=+240.695375401
07/12/2022 20:49:29 | expiredJobsCron() - getting expired jobs 2022-12-07 20:49:29.9692949 +0500 +05 m=+270.693513901
07/12/2022 20:49:59 | expiredJobsCron() - getting expired jobs 2022-12-07 20:49:59.9691797 +0500 +05 m=+300.693398701
07/12/2022 20:50:29 | expiredJobsCron() - getting expired jobs 2022-12-07 20:50:29.9671819 +0500 +05 m=+330.691400901
07/12/2022 20:50:59 | expiredJobsCron() - getting expired jobs 2022-12-07 20:50:59.962465 +0500 +05 m=+360.686684001
07/12/2022 20:51:29 | expiredJobsCron() - getting expired jobs 2022-12-07 20:51:29.9608896 +0500 +05 m=+390.685108601
07/12/2022 20:51:59 | expiredJobsCron() - getting expired jobs 2022-12-07 20:51:59.9596387 +0500 +05 m=+420.683857701
07/12/2022 20:52:29 | expiredJobsCron() - getting expired jobs 2022-12-07 20:52:29.9669427 +0500 +05 m=+450.691161701
07/12/2022 20:52:59 | expiredJobsCron() - getting expired jobs 2022-12-07 20:52:59.9610053 +0500 +05 m=+480.685224301
07/12/2022 20:53:36 | channelCron() - Started at: 2022-12-07 20:53:36.0154579 +0500 +05 m=+0.686144101
07/12/2022 20:53:36 | AddListener() - `discount_removed` listener added
07/12/2022 20:53:36 | AddListener() - `add_discount` listener added
07/12/2022 20:53:36 | AddListener() - `auction_finished` listener added
07/12/2022 20:53:36 | AddListener() - `auction_removed` listener added
07/12/2022 20:53:36 | AddListener() - `permission_started` listener added
07/12/2022 20:53:36 | AddListener() - `permission_ended` listener added
07/12/2022 20:54:06 | expiredJobsCron() - getting expired jobs 2022-12-07 20:54:06.0262568 +0500 +05 m=+30.696943001
07/12/2022 20:54:36 | expiredJobsCron() - getting expired jobs 2022-12-07 20:54:36.020181 +0500 +05 m=+60.690867201
07/12/2022 20:54:55 | AddListener() - `discount_removed` listener added
07/12/2022 20:54:55 | AddListener() - `add_discount` listener added
07/12/2022 20:54:55 | AddListener() - `auction_finished` listener added
07/12/2022 20:54:55 | AddListener() - `auction_removed` listener added
07/12/2022 20:54:55 | AddListener() - `permission_started` listener added
07/12/2022 20:54:55 | AddListener() - `permission_ended` listener added
07/12/2022 20:54:55 | channelCron() - Started at: 2022-12-07 20:54:55.0788755 +0500 +05 m=+0.671137901
07/12/2022 20:55:25 | expiredJobsCron() - getting expired jobs 2022-12-07 20:55:25.0914881 +0500 +05 m=+30.683750501
07/12/2022 20:55:55 | expiredJobsCron() - getting expired jobs 2022-12-07 20:55:55.0829309 +0500 +05 m=+60.675193301
07/12/2022 20:56:32 | AddListener() - `discount_removed` listener added
07/12/2022 20:56:32 | AddListener() - `add_discount` listener added
07/12/2022 20:56:32 | AddListener() - `auction_finished` listener added
07/12/2022 20:56:32 | AddListener() - `auction_removed` listener added
07/12/2022 20:56:32 | AddListener() - `permission_started` listener added
07/12/2022 20:56:32 | AddListener() - `permission_ended` listener added
07/12/2022 20:56:32 | channelCron() - Started at: 2022-12-07 20:56:32.0037438 +0500 +05 m=+0.700528001
07/12/2022 20:57:02 | expiredJobsCron() - getting expired jobs 2022-12-07 20:57:02.0180433 +0500 +05 m=+30.714827501
07/12/2022 20:57:32 | expiredJobsCron() - getting expired jobs 2022-12-07 20:57:32.0110691 +0500 +05 m=+60.707853301
07/12/2022 20:58:02 | expiredJobsCron() - getting expired jobs 2022-12-07 20:58:02.0057618 +0500 +05 m=+90.702546001
07/12/2022 20:58:32 | expiredJobsCron() - getting expired jobs 2022-12-07 20:58:32.013905 +0500 +05 m=+120.710689201
07/12/2022 20:59:02 | expiredJobsCron() - getting expired jobs 2022-12-07 20:59:02.0119449 +0500 +05 m=+150.708729101
07/12/2022 20:59:32 | expiredJobsCron() - getting expired jobs 2022-12-07 20:59:32.0125942 +0500 +05 m=+180.709378401
07/12/2022 21:00:02 | expiredJobsCron() - getting expired jobs 2022-12-07 21:00:02.0142921 +0500 +05 m=+210.711076301
07/12/2022 21:00:32 | expiredJobsCron() - getting expired jobs 2022-12-07 21:00:32.014704 +0500 +05 m=+240.711488201
07/12/2022 21:01:02 | expiredJobsCron() - getting expired jobs 2022-12-07 21:01:02.0093401 +0500 +05 m=+270.706124301
07/12/2022 21:01:32 | expiredJobsCron() - getting expired jobs 2022-12-07 21:01:32.0088711 +0500 +05 m=+300.705655301
07/12/2022 21:02:02 | expiredJobsCron() - getting expired jobs 2022-12-07 21:02:02.0087888 +0500 +05 m=+330.705573001
07/12/2022 21:02:32 | expiredJobsCron() - getting expired jobs 2022-12-07 21:02:32.0179268 +0500 +05 m=+360.714711001
07/12/2022 21:03:02 | expiredJobsCron() - getting expired jobs 2022-12-07 21:03:02.0120037 +0500 +05 m=+390.708787901
07/12/2022 21:03:32 | expiredJobsCron() - getting expired jobs 2022-12-07 21:03:32.009968 +0500 +05 m=+420.706752201
07/12/2022 21:04:02 | expiredJobsCron() - getting expired jobs 2022-12-07 21:04:02.0146396 +0500 +05 m=+450.711423801
07/12/2022 21:04:32 | expiredJobsCron() - getting expired jobs 2022-12-07 21:04:32.0191432 +0500 +05 m=+480.715927401
07/12/2022 21:05:02 | expiredJobsCron() - getting expired jobs 2022-12-07 21:05:02.0054537 +0500 +05 m=+510.702237901
07/12/2022 21:05:32 | expiredJobsCron() - getting expired jobs 2022-12-07 21:05:32.0091189 +0500 +05 m=+540.705903101
07/12/2022 21:06:02 | expiredJobsCron() - getting expired jobs 2022-12-07 21:06:02.0095004 +0500 +05 m=+570.706284601
07/12/2022 21:06:32 | expiredJobsCron() - getting expired jobs 2022-12-07 21:06:32.0145566 +0500 +05 m=+600.711340801
07/12/2022 21:07:02 | expiredJobsCron() - getting expired jobs 2022-12-07 21:07:02.0109554 +0500 +05 m=+630.707739601
07/12/2022 21:07:32 | expiredJobsCron() - getting expired jobs 2022-12-07 21:07:32.0051129 +0500 +05 m=+660.701897101
07/12/2022 21:08:02 | expiredJobsCron() - getting expired jobs 2022-12-07 21:08:02.0073597 +0500 +05 m=+690.704143901
07/12/2022 21:08:32 | expiredJobsCron() - getting expired jobs 2022-12-07 21:08:32.0096366 +0500 +05 m=+720.706420801
07/12/2022 21:09:02 | expiredJobsCron() - getting expired jobs 2022-12-07 21:09:02.0047352 +0500 +05 m=+750.701519401
07/12/2022 21:09:32 | expiredJobsCron() - getting expired jobs 2022-12-07 21:09:32.0144152 +0500 +05 m=+780.711199401
07/12/2022 21:09:44 | AddListener() - `discount_removed` listener added
07/12/2022 21:09:44 | AddListener() - `add_discount` listener added
07/12/2022 21:09:44 | AddListener() - `auction_finished` listener added
07/12/2022 21:09:44 | AddListener() - `auction_removed` listener added
07/12/2022 21:09:44 | AddListener() - `permission_started` listener added
07/12/2022 21:09:44 | AddListener() - `permission_ended` listener added
07/12/2022 21:09:44 | channelCron() - Started at: 2022-12-07 21:09:44.1652778 +0500 +05 m=+0.688299301
07/12/2022 21:10:14 | expiredJobsCron() - getting expired jobs 2022-12-07 21:10:14.1655363 +0500 +05 m=+30.688557801
07/12/2022 21:10:44 | expiredJobsCron() - getting expired jobs 2022-12-07 21:10:44.1667365 +0500 +05 m=+60.689758001
07/12/2022 21:11:14 | expiredJobsCron() - getting expired jobs 2022-12-07 21:11:14.1787483 +0500 +05 m=+90.701769801
07/12/2022 21:11:24 | AddListener() - `discount_removed` listener added
07/12/2022 21:11:24 | AddListener() - `add_discount` listener added
07/12/2022 21:11:24 | AddListener() - `auction_finished` listener added
07/12/2022 21:11:24 | AddListener() - `auction_removed` listener added
07/12/2022 21:11:24 | AddListener() - `permission_started` listener added
07/12/2022 21:11:24 | AddListener() - `permission_ended` listener added
07/12/2022 21:11:24 | channelCron() - Started at: 2022-12-07 21:11:24.9512649 +0500 +05 m=+0.677928101
07/12/2022 21:11:54 | expiredJobsCron() - getting expired jobs 2022-12-07 21:11:54.9527148 +0500 +05 m=+30.679378001
07/12/2022 21:12:24 | expiredJobsCron() - getting expired jobs 2022-12-07 21:12:24.9548917 +0500 +05 m=+60.681554901
07/12/2022 21:12:59 | AddListener() - `discount_removed` listener added
07/12/2022 21:12:59 | AddListener() - `add_discount` listener added
07/12/2022 21:12:59 | AddListener() - `auction_finished` listener added
07/12/2022 21:12:59 | AddListener() - `auction_removed` listener added
07/12/2022 21:12:59 | AddListener() - `permission_started` listener added
07/12/2022 21:12:59 | AddListener() - `permission_ended` listener added
07/12/2022 21:12:59 | channelCron() - Started at: 2022-12-07 21:12:59.770913 +0500 +05 m=+0.679149301
07/12/2022 21:13:29 | expiredJobsCron() - getting expired jobs 2022-12-07 21:13:29.7767205 +0500 +05 m=+30.684956801
07/12/2022 21:13:59 | expiredJobsCron() - getting expired jobs 2022-12-07 21:13:59.7758179 +0500 +05 m=+60.684054201
07/12/2022 21:14:29 | expiredJobsCron() - getting expired jobs 2022-12-07 21:14:29.7728707 +0500 +05 m=+90.681107001
07/12/2022 21:14:59 | expiredJobsCron() - getting expired jobs 2022-12-07 21:14:59.7838305 +0500 +05 m=+120.692066801
07/12/2022 21:15:29 | expiredJobsCron() - getting expired jobs 2022-12-07 21:15:29.7716259 +0500 +05 m=+150.679862201
07/12/2022 21:15:59 | expiredJobsCron() - getting expired jobs 2022-12-07 21:15:59.7762475 +0500 +05 m=+180.684483801
07/12/2022 21:16:29 | expiredJobsCron() - getting expired jobs 2022-12-07 21:16:29.7732132 +0500 +05 m=+210.681449501
