**************************************
  Name: OjoCronService
  Created at: 08/12/2022 14:56:23
**************************************

08/12/2022 14:56:24 | AddListener() - `discount_removed` listener added
08/12/2022 14:56:24 | AddListener() - `add_discount` listener added
08/12/2022 14:56:24 | AddListener() - `auction_finished` listener added
08/12/2022 14:56:24 | AddListener() - `auction_removed` listener added
08/12/2022 14:56:24 | AddListener() - `permission_started` listener added
08/12/2022 14:56:24 | AddListener() - `permission_ended` listener added
08/12/2022 14:56:24 | channelCron() - Started at: 2022-12-08 14:56:24.460962 +0500 +05 m=+1.824429201
08/12/2022 14:56:54 | expiredJobsCron() - getting expired jobs 2022-12-08 14:56:54.4613299 +0500 +05 m=+31.824797101
08/12/2022 14:57:24 | expiredJobsCron() - getting expired jobs 2022-12-08 14:57:24.5571834 +0500 +05 m=+61.920650601
08/12/2022 14:57:54 | expiredJobsCron() - getting expired jobs 2022-12-08 14:57:54.4796516 +0500 +05 m=+91.843118801
08/12/2022 14:58:24 | expiredJobsCron() - getting expired jobs 2022-12-08 14:58:24.4690798 +0500 +05 m=+121.832547001
08/12/2022 14:58:54 | expiredJobsCron() - getting expired jobs 2022-12-08 14:58:54.4642649 +0500 +05 m=+151.827732101
08/12/2022 14:59:24 | expiredJobsCron() - getting expired jobs 2022-12-08 14:59:24.4704732 +0500 +05 m=+181.833940401
08/12/2022 14:59:54 | expiredJobsCron() - getting expired jobs 2022-12-08 14:59:54.4621426 +0500 +05 m=+211.825609801
08/12/2022 15:00:24 | expiredJobsCron() - getting expired jobs 2022-12-08 15:00:24.4748922 +0500 +05 m=+241.838359401
08/12/2022 15:00:54 | expiredJobsCron() - getting expired jobs 2022-12-08 15:00:54.4735798 +0500 +05 m=+271.837047001
08/12/2022 15:01:24 | expiredJobsCron() - getting expired jobs 2022-12-08 15:01:24.4759178 +0500 +05 m=+301.839385001
08/12/2022 15:01:54 | expiredJobsCron() - getting expired jobs 2022-12-08 15:01:54.4649756 +0500 +05 m=+331.828442801
08/12/2022 15:02:24 | expiredJobsCron() - getting expired jobs 2022-12-08 15:02:24.469185 +0500 +05 m=+361.832652201
08/12/2022 15:02:54 | expiredJobsCron() - getting expired jobs 2022-12-08 15:02:54.4702392 +0500 +05 m=+391.833706401
08/12/2022 15:03:24 | expiredJobsCron() - getting expired jobs 2022-12-08 15:03:24.4730569 +0500 +05 m=+421.836524101
08/12/2022 15:03:54 | expiredJobsCron() - getting expired jobs 2022-12-08 15:03:54.4751871 +0500 +05 m=+451.838654301
08/12/2022 15:04:24 | expiredJobsCron() - getting expired jobs 2022-12-08 15:04:24.4708819 +0500 +05 m=+481.834349101
08/12/2022 15:04:54 | expiredJobsCron() - getting expired jobs 2022-12-08 15:04:54.4754532 +0500 +05 m=+511.838920401
08/12/2022 15:05:24 | expiredJobsCron() - getting expired jobs 2022-12-08 15:05:24.4668259 +0500 +05 m=+541.830293101
08/12/2022 15:05:54 | expiredJobsCron() - getting expired jobs 2022-12-08 15:05:54.4739415 +0500 +05 m=+571.837408701
08/12/2022 15:06:24 | expiredJobsCron() - getting expired jobs 2022-12-08 15:06:24.4732968 +0500 +05 m=+601.836764001
08/12/2022 15:06:54 | expiredJobsCron() - getting expired jobs 2022-12-08 15:06:54.5182019 +0500 +05 m=+631.881669101
08/12/2022 15:07:24 | expiredJobsCron() - getting expired jobs 2022-12-08 15:07:24.4616007 +0500 +05 m=+661.825067901
08/12/2022 15:07:54 | expiredJobsCron() - getting expired jobs 2022-12-08 15:07:54.4683665 +0500 +05 m=+691.831833701
08/12/2022 15:08:24 | expiredJobsCron() - getting expired jobs 2022-12-08 15:08:24.4758153 +0500 +05 m=+721.839282501
08/12/2022 15:08:54 | expiredJobsCron() - getting expired jobs 2022-12-08 15:08:54.4643706 +0500 +05 m=+751.827837801
08/12/2022 15:09:24 | expiredJobsCron() - getting expired jobs 2022-12-08 15:09:24.4631602 +0500 +05 m=+781.826627401
08/12/2022 15:09:54 | expiredJobsCron() - getting expired jobs 2022-12-08 15:09:54.4745518 +0500 +05 m=+811.838019001
08/12/2022 15:10:24 | expiredJobsCron() - getting expired jobs 2022-12-08 15:10:24.4754991 +0500 +05 m=+841.838966301
08/12/2022 15:10:54 | expiredJobsCron() - getting expired jobs 2022-12-08 15:10:54.4747161 +0500 +05 m=+871.838183301
08/12/2022 15:11:24 | expiredJobsCron() - getting expired jobs 2022-12-08 15:11:24.4668048 +0500 +05 m=+901.830272001
08/12/2022 15:11:54 | expiredJobsCron() - getting expired jobs 2022-12-08 15:11:54.4623484 +0500 +05 m=+931.825815601
08/12/2022 15:12:24 | expiredJobsCron() - getting expired jobs 2022-12-08 15:12:24.4620109 +0500 +05 m=+961.825478101
08/12/2022 15:12:54 | expiredJobsCron() - getting expired jobs 2022-12-08 15:12:54.5865216 +0500 +05 m=+991.949988801
08/12/2022 15:13:24 | expiredJobsCron() - getting expired jobs 2022-12-08 15:13:24.4924816 +0500 +05 m=+1021.855948801
08/12/2022 15:13:54 | expiredJobsCron() - getting expired jobs 2022-12-08 15:13:54.4622805 +0500 +05 m=+1051.825747701
08/12/2022 15:14:24 | expiredJobsCron() - getting expired jobs 2022-12-08 15:14:24.4645865 +0500 +05 m=+1081.828053701
08/12/2022 15:14:54 | expiredJobsCron() - getting expired jobs 2022-12-08 15:14:54.4627117 +0500 +05 m=+1111.826178901
08/12/2022 15:15:24 | expiredJobsCron() - getting expired jobs 2022-12-08 15:15:24.4680069 +0500 +05 m=+1141.831474101
08/12/2022 15:15:54 | expiredJobsCron() - getting expired jobs 2022-12-08 15:15:54.4708331 +0500 +05 m=+1171.834300301
08/12/2022 15:16:24 | expiredJobsCron() - getting expired jobs 2022-12-08 15:16:24.4688589 +0500 +05 m=+1201.832326101
08/12/2022 15:16:54 | expiredJobsCron() - getting expired jobs 2022-12-08 15:16:54.4685667 +0500 +05 m=+1231.832033901
08/12/2022 15:17:24 | expiredJobsCron() - getting expired jobs 2022-12-08 15:17:24.4653732 +0500 +05 m=+1261.828840401
08/12/2022 15:17:54 | expiredJobsCron() - getting expired jobs 2022-12-08 15:17:54.4715814 +0500 +05 m=+1291.835048601
08/12/2022 15:18:24 | expiredJobsCron() - getting expired jobs 2022-12-08 15:18:24.470375 +0500 +05 m=+1321.833842201
08/12/2022 15:18:54 | expiredJobsCron() - getting expired jobs 2022-12-08 15:18:54.4612229 +0500 +05 m=+1351.824690101
08/12/2022 15:19:24 | expiredJobsCron() - getting expired jobs 2022-12-08 15:19:24.4717027 +0500 +05 m=+1381.835169901
08/12/2022 15:19:54 | expiredJobsCron() - getting expired jobs 2022-12-08 15:19:54.4641936 +0500 +05 m=+1411.827660801
08/12/2022 15:20:24 | expiredJobsCron() - getting expired jobs 2022-12-08 15:20:24.4621484 +0500 +05 m=+1441.825615601
08/12/2022 15:20:54 | expiredJobsCron() - getting expired jobs 2022-12-08 15:20:54.4620284 +0500 +05 m=+1471.825495601
08/12/2022 15:21:24 | expiredJobsCron() - getting expired jobs 2022-12-08 15:21:24.4632267 +0500 +05 m=+1501.826693901
08/12/2022 15:21:54 | expiredJobsCron() - getting expired jobs 2022-12-08 15:21:54.4747633 +0500 +05 m=+1531.838230501
08/12/2022 15:22:24 | expiredJobsCron() - getting expired jobs 2022-12-08 15:22:24.4634938 +0500 +05 m=+1561.826961001
08/12/2022 15:22:54 | expiredJobsCron() - getting expired jobs 2022-12-08 15:22:54.4740161 +0500 +05 m=+1591.837483301
08/12/2022 15:23:24 | expiredJobsCron() - getting expired jobs 2022-12-08 15:23:24.4727039 +0500 +05 m=+1621.836171101
08/12/2022 15:23:54 | expiredJobsCron() - getting expired jobs 2022-12-08 15:23:54.4726572 +0500 +05 m=+1651.836124401
08/12/2022 15:24:24 | expiredJobsCron() - getting expired jobs 2022-12-08 15:24:24.4618855 +0500 +05 m=+1681.825352701
08/12/2022 15:24:54 | expiredJobsCron() - getting expired jobs 2022-12-08 15:24:54.474028 +0500 +05 m=+1711.837495201
08/12/2022 15:25:24 | expiredJobsCron() - getting expired jobs 2022-12-08 15:25:24.4697981 +0500 +05 m=+1741.833265301
08/12/2022 15:25:54 | expiredJobsCron() - getting expired jobs 2022-12-08 15:25:54.4686181 +0500 +05 m=+1771.832085301
08/12/2022 15:26:24 | expiredJobsCron() - getting expired jobs 2022-12-08 15:26:24.4740052 +0500 +05 m=+1801.837472401
08/12/2022 15:26:54 | expiredJobsCron() - getting expired jobs 2022-12-08 15:26:54.4745792 +0500 +05 m=+1831.838046401
08/12/2022 15:27:24 | expiredJobsCron() - getting expired jobs 2022-12-08 15:27:24.4731051 +0500 +05 m=+1861.836572301
08/12/2022 15:27:54 | expiredJobsCron() - getting expired jobs 2022-12-08 15:27:54.4733668 +0500 +05 m=+1891.836834001
08/12/2022 15:28:24 | expiredJobsCron() - getting expired jobs 2022-12-08 15:28:24.4648491 +0500 +05 m=+1921.828316301
08/12/2022 15:28:54 | expiredJobsCron() - getting expired jobs 2022-12-08 15:28:54.465858 +0500 +05 m=+1951.829325201
08/12/2022 15:29:24 | expiredJobsCron() - getting expired jobs 2022-12-08 15:29:24.466934 +0500 +05 m=+1981.830401201
08/12/2022 15:29:54 | expiredJobsCron() - getting expired jobs 2022-12-08 15:29:54.4623625 +0500 +05 m=+2011.825829701
08/12/2022 15:30:24 | expiredJobsCron() - getting expired jobs 2022-12-08 15:30:24.4696539 +0500 +05 m=+2041.833121101
08/12/2022 15:30:54 | expiredJobsCron() - getting expired jobs 2022-12-08 15:30:54.4744186 +0500 +05 m=+2071.837885801
08/12/2022 15:31:24 | expiredJobsCron() - getting expired jobs 2022-12-08 15:31:24.4659882 +0500 +05 m=+2101.829455401
08/12/2022 15:31:54 | expiredJobsCron() - getting expired jobs 2022-12-08 15:31:54.4676623 +0500 +05 m=+2131.831129501
08/12/2022 15:32:24 | expiredJobsCron() - getting expired jobs 2022-12-08 15:32:24.4661334 +0500 +05 m=+2161.829600601
08/12/2022 15:32:54 | expiredJobsCron() - getting expired jobs 2022-12-08 15:32:54.4726366 +0500 +05 m=+2191.836103801
08/12/2022 15:33:24 | expiredJobsCron() - getting expired jobs 2022-12-08 15:33:24.4697004 +0500 +05 m=+2221.833167601
08/12/2022 15:33:54 | expiredJobsCron() - getting expired jobs 2022-12-08 15:33:54.4627626 +0500 +05 m=+2251.826229801
08/12/2022 15:34:24 | expiredJobsCron() - getting expired jobs 2022-12-08 15:34:24.4643489 +0500 +05 m=+2281.827816101
08/12/2022 15:34:54 | expiredJobsCron() - getting expired jobs 2022-12-08 15:34:54.4718486 +0500 +05 m=+2311.835315801
08/12/2022 15:35:24 | expiredJobsCron() - getting expired jobs 2022-12-08 15:35:24.4656804 +0500 +05 m=+2341.829147601
08/12/2022 15:35:54 | expiredJobsCron() - getting expired jobs 2022-12-08 15:35:54.4702554 +0500 +05 m=+2371.833722601
08/12/2022 15:36:24 | expiredJobsCron() - getting expired jobs 2022-12-08 15:36:24.4695863 +0500 +05 m=+2401.833053501
08/12/2022 15:36:54 | expiredJobsCron() - getting expired jobs 2022-12-08 15:36:54.4756998 +0500 +05 m=+2431.839167001
08/12/2022 15:37:24 | expiredJobsCron() - getting expired jobs 2022-12-08 15:37:24.4726186 +0500 +05 m=+2461.836085801
08/12/2022 15:37:54 | expiredJobsCron() - getting expired jobs 2022-12-08 15:37:54.4729807 +0500 +05 m=+2491.836447901
08/12/2022 15:38:24 | expiredJobsCron() - getting expired jobs 2022-12-08 15:38:24.4749389 +0500 +05 m=+2521.838406101
08/12/2022 15:38:54 | expiredJobsCron() - getting expired jobs 2022-12-08 15:38:54.4768035 +0500 +05 m=+2551.840270701
08/12/2022 15:39:24 | expiredJobsCron() - getting expired jobs 2022-12-08 15:39:24.4722206 +0500 +05 m=+2581.835687801
08/12/2022 15:39:54 | expiredJobsCron() - getting expired jobs 2022-12-08 15:39:54.474879 +0500 +05 m=+2611.838346201
08/12/2022 15:40:24 | expiredJobsCron() - getting expired jobs 2022-12-08 15:40:24.4672336 +0500 +05 m=+2641.830700801
08/12/2022 15:40:54 | expiredJobsCron() - getting expired jobs 2022-12-08 15:40:54.4612522 +0500 +05 m=+2671.824719401
08/12/2022 15:41:24 | expiredJobsCron() - getting expired jobs 2022-12-08 15:41:24.473801 +0500 +05 m=+2701.837268201
08/12/2022 15:41:54 | expiredJobsCron() - getting expired jobs 2022-12-08 15:41:54.4690306 +0500 +05 m=+2731.832497801
08/12/2022 15:42:24 | expiredJobsCron() - getting expired jobs 2022-12-08 15:42:24.4761493 +0500 +05 m=+2761.839616501
08/12/2022 15:42:54 | expiredJobsCron() - getting expired jobs 2022-12-08 15:42:54.475024 +0500 +05 m=+2791.838491201
08/12/2022 15:43:24 | expiredJobsCron() - getting expired jobs 2022-12-08 15:43:24.4739138 +0500 +05 m=+2821.837381001
08/12/2022 15:43:54 | expiredJobsCron() - getting expired jobs 2022-12-08 15:43:54.4693244 +0500 +05 m=+2851.832791601
08/12/2022 15:44:24 | expiredJobsCron() - getting expired jobs 2022-12-08 15:44:24.4687302 +0500 +05 m=+2881.832197401
08/12/2022 15:44:54 | expiredJobsCron() - getting expired jobs 2022-12-08 15:44:54.4652715 +0500 +05 m=+2911.828738701
08/12/2022 15:45:24 | expiredJobsCron() - getting expired jobs 2022-12-08 15:45:24.4625207 +0500 +05 m=+2941.825987901
08/12/2022 15:45:54 | expiredJobsCron() - getting expired jobs 2022-12-08 15:45:54.4674807 +0500 +05 m=+2971.830947901
08/12/2022 15:46:24 | expiredJobsCron() - getting expired jobs 2022-12-08 15:46:24.4676194 +0500 +05 m=+3001.831086601
08/12/2022 15:46:54 | expiredJobsCron() - getting expired jobs 2022-12-08 15:46:54.4692214 +0500 +05 m=+3031.832688601
08/12/2022 15:47:24 | expiredJobsCron() - getting expired jobs 2022-12-08 15:47:24.4685423 +0500 +05 m=+3061.832009501
08/12/2022 15:47:54 | expiredJobsCron() - getting expired jobs 2022-12-08 15:47:54.461461 +0500 +05 m=+3091.824928201
08/12/2022 15:48:24 | expiredJobsCron() - getting expired jobs 2022-12-08 15:48:24.4752117 +0500 +05 m=+3121.838678901
08/12/2022 15:48:54 | expiredJobsCron() - getting expired jobs 2022-12-08 15:48:54.4728824 +0500 +05 m=+3151.836349601
08/12/2022 15:49:24 | expiredJobsCron() - getting expired jobs 2022-12-08 15:49:24.4745568 +0500 +05 m=+3181.838024001
08/12/2022 15:49:54 | expiredJobsCron() - getting expired jobs 2022-12-08 15:49:54.4734907 +0500 +05 m=+3211.836957901
08/12/2022 15:50:24 | expiredJobsCron() - getting expired jobs 2022-12-08 15:50:24.4717591 +0500 +05 m=+3241.835226301
08/12/2022 15:50:54 | expiredJobsCron() - getting expired jobs 2022-12-08 15:50:54.476362 +0500 +05 m=+3271.839829201
08/12/2022 15:51:24 | expiredJobsCron() - getting expired jobs 2022-12-08 15:51:24.4726037 +0500 +05 m=+3301.836070901
08/12/2022 15:51:54 | expiredJobsCron() - getting expired jobs 2022-12-08 15:51:54.4716648 +0500 +05 m=+3331.835132001
08/12/2022 15:52:24 | expiredJobsCron() - getting expired jobs 2022-12-08 15:52:24.4673142 +0500 +05 m=+3361.830781401
08/12/2022 15:52:54 | expiredJobsCron() - getting expired jobs 2022-12-08 15:52:54.4746987 +0500 +05 m=+3391.838165901
08/12/2022 15:53:24 | expiredJobsCron() - getting expired jobs 2022-12-08 15:53:24.4750565 +0500 +05 m=+3421.838523701
08/12/2022 15:53:54 | expiredJobsCron() - getting expired jobs 2022-12-08 15:53:54.4671641 +0500 +05 m=+3451.830631301
08/12/2022 15:54:24 | expiredJobsCron() - getting expired jobs 2022-12-08 15:54:24.4633949 +0500 +05 m=+3481.826862101
08/12/2022 15:54:54 | expiredJobsCron() - getting expired jobs 2022-12-08 15:54:54.4728108 +0500 +05 m=+3511.836278001
08/12/2022 15:55:24 | expiredJobsCron() - getting expired jobs 2022-12-08 15:55:24.4684946 +0500 +05 m=+3541.831961801
08/12/2022 15:55:54 | expiredJobsCron() - getting expired jobs 2022-12-08 15:55:54.4759462 +0500 +05 m=+3571.839413401
08/12/2022 15:56:24 | expiredJobsCron() - getting expired jobs 2022-12-08 15:56:24.470851 +0500 +05 m=+3601.834318201
08/12/2022 15:56:54 | expiredJobsCron() - getting expired jobs 2022-12-08 15:56:54.4632767 +0500 +05 m=+3631.826743901
08/12/2022 15:57:24 | expiredJobsCron() - getting expired jobs 2022-12-08 15:57:24.4759486 +0500 +05 m=+3661.839415801
08/12/2022 15:57:54 | expiredJobsCron() - getting expired jobs 2022-12-08 15:57:54.4686632 +0500 +05 m=+3691.832130401
08/12/2022 15:58:24 | expiredJobsCron() - getting expired jobs 2022-12-08 15:58:24.4644226 +0500 +05 m=+3721.827889801
08/12/2022 15:58:54 | expiredJobsCron() - getting expired jobs 2022-12-08 15:58:54.4749021 +0500 +05 m=+3751.838369301
08/12/2022 15:59:24 | expiredJobsCron() - getting expired jobs 2022-12-08 15:59:24.4761208 +0500 +05 m=+3781.839588001
08/12/2022 15:59:54 | expiredJobsCron() - getting expired jobs 2022-12-08 15:59:54.4648667 +0500 +05 m=+3811.828333901
08/12/2022 16:00:24 | expiredJobsCron() - getting expired jobs 2022-12-08 16:00:24.4700899 +0500 +05 m=+3841.833557101
08/12/2022 16:00:54 | expiredJobsCron() - getting expired jobs 2022-12-08 16:00:54.4677353 +0500 +05 m=+3871.831202501
08/12/2022 16:01:24 | expiredJobsCron() - getting expired jobs 2022-12-08 16:01:24.4702872 +0500 +05 m=+3901.833754401
08/12/2022 16:01:54 | expiredJobsCron() - getting expired jobs 2022-12-08 16:01:54.4755786 +0500 +05 m=+3931.839045801
08/12/2022 16:02:24 | expiredJobsCron() - getting expired jobs 2022-12-08 16:02:24.4629504 +0500 +05 m=+3961.826417601
08/12/2022 16:02:54 | expiredJobsCron() - getting expired jobs 2022-12-08 16:02:54.4743513 +0500 +05 m=+3991.837818501
08/12/2022 16:03:24 | expiredJobsCron() - getting expired jobs 2022-12-08 16:03:24.4677448 +0500 +05 m=+4021.831212001
08/12/2022 16:03:54 | expiredJobsCron() - getting expired jobs 2022-12-08 16:03:54.4745313 +0500 +05 m=+4051.837998501
08/12/2022 16:04:24 | expiredJobsCron() - getting expired jobs 2022-12-08 16:04:24.4615427 +0500 +05 m=+4081.825009901
08/12/2022 16:04:54 | expiredJobsCron() - getting expired jobs 2022-12-08 16:04:54.4727197 +0500 +05 m=+4111.836186901
08/12/2022 16:05:24 | expiredJobsCron() - getting expired jobs 2022-12-08 16:05:24.4721856 +0500 +05 m=+4141.835652801
08/12/2022 16:05:54 | expiredJobsCron() - getting expired jobs 2022-12-08 16:05:54.4619704 +0500 +05 m=+4171.825437601
08/12/2022 16:06:24 | expiredJobsCron() - getting expired jobs 2022-12-08 16:06:24.4702276 +0500 +05 m=+4201.833694801
08/12/2022 16:06:54 | expiredJobsCron() - getting expired jobs 2022-12-08 16:06:54.4634858 +0500 +05 m=+4231.826953001
08/12/2022 16:07:24 | expiredJobsCron() - getting expired jobs 2022-12-08 16:07:24.4631628 +0500 +05 m=+4261.826630001
08/12/2022 16:07:54 | expiredJobsCron() - getting expired jobs 2022-12-08 16:07:54.4759265 +0500 +05 m=+4291.839393701
08/12/2022 16:08:24 | expiredJobsCron() - getting expired jobs 2022-12-08 16:08:24.473518 +0500 +05 m=+4321.836985201
08/12/2022 16:08:54 | expiredJobsCron() - getting expired jobs 2022-12-08 16:08:54.4656747 +0500 +05 m=+4351.829141901
08/12/2022 16:09:24 | expiredJobsCron() - getting expired jobs 2022-12-08 16:09:24.4665607 +0500 +05 m=+4381.830027901
08/12/2022 16:09:54 | expiredJobsCron() - getting expired jobs 2022-12-08 16:09:54.4714305 +0500 +05 m=+4411.834897701
08/12/2022 16:10:24 | expiredJobsCron() - getting expired jobs 2022-12-08 16:10:24.4623623 +0500 +05 m=+4441.825829501
08/12/2022 16:10:54 | expiredJobsCron() - getting expired jobs 2022-12-08 16:10:54.4613543 +0500 +05 m=+4471.824821501
08/12/2022 16:11:24 | expiredJobsCron() - getting expired jobs 2022-12-08 16:11:24.4697308 +0500 +05 m=+4501.833198001
08/12/2022 16:11:54 | expiredJobsCron() - getting expired jobs 2022-12-08 16:11:54.4696074 +0500 +05 m=+4531.833074601
08/12/2022 16:12:24 | expiredJobsCron() - getting expired jobs 2022-12-08 16:12:24.4694029 +0500 +05 m=+4561.832870101
08/12/2022 16:12:54 | expiredJobsCron() - getting expired jobs 2022-12-08 16:12:54.466397 +0500 +05 m=+4591.829864201
08/12/2022 16:13:24 | expiredJobsCron() - getting expired jobs 2022-12-08 16:13:24.4657281 +0500 +05 m=+4621.829195301
08/12/2022 16:13:54 | expiredJobsCron() - getting expired jobs 2022-12-08 16:13:54.4680564 +0500 +05 m=+4651.831523601
08/12/2022 16:14:24 | expiredJobsCron() - getting expired jobs 2022-12-08 16:14:24.4685213 +0500 +05 m=+4681.831988501
08/12/2022 16:14:54 | expiredJobsCron() - getting expired jobs 2022-12-08 16:14:54.4656264 +0500 +05 m=+4711.829093601
08/12/2022 16:15:24 | expiredJobsCron() - getting expired jobs 2022-12-08 16:15:24.4680501 +0500 +05 m=+4741.831517301
08/12/2022 16:15:54 | expiredJobsCron() - getting expired jobs 2022-12-08 16:15:54.4653797 +0500 +05 m=+4771.828846901
08/12/2022 16:16:24 | expiredJobsCron() - getting expired jobs 2022-12-08 16:16:24.476055 +0500 +05 m=+4801.839522201
08/12/2022 16:16:54 | expiredJobsCron() - getting expired jobs 2022-12-08 16:16:54.4711799 +0500 +05 m=+4831.834647101
08/12/2022 16:17:24 | expiredJobsCron() - getting expired jobs 2022-12-08 16:17:24.4723824 +0500 +05 m=+4861.835849601
08/12/2022 16:17:54 | expiredJobsCron() - getting expired jobs 2022-12-08 16:17:54.4730553 +0500 +05 m=+4891.836522501
08/12/2022 16:18:24 | expiredJobsCron() - getting expired jobs 2022-12-08 16:18:24.4646709 +0500 +05 m=+4921.828138101
08/12/2022 16:18:54 | expiredJobsCron() - getting expired jobs 2022-12-08 16:18:54.4616864 +0500 +05 m=+4951.825153601
08/12/2022 16:19:24 | expiredJobsCron() - getting expired jobs 2022-12-08 16:19:24.4687757 +0500 +05 m=+4981.832242901
08/12/2022 16:19:54 | expiredJobsCron() - getting expired jobs 2022-12-08 16:19:54.4730218 +0500 +05 m=+5011.836489001
08/12/2022 16:20:24 | expiredJobsCron() - getting expired jobs 2022-12-08 16:20:24.4703454 +0500 +05 m=+5041.833812601
08/12/2022 16:20:54 | expiredJobsCron() - getting expired jobs 2022-12-08 16:20:54.4714196 +0500 +05 m=+5071.834886801
08/12/2022 16:21:24 | expiredJobsCron() - getting expired jobs 2022-12-08 16:21:24.4735474 +0500 +05 m=+5101.837014601
08/12/2022 16:21:54 | expiredJobsCron() - getting expired jobs 2022-12-08 16:21:54.4663239 +0500 +05 m=+5131.829791101
08/12/2022 16:22:24 | expiredJobsCron() - getting expired jobs 2022-12-08 16:22:24.4624328 +0500 +05 m=+5161.825900001
08/12/2022 16:22:54 | expiredJobsCron() - getting expired jobs 2022-12-08 16:22:54.4734291 +0500 +05 m=+5191.836896301
08/12/2022 16:23:24 | expiredJobsCron() - getting expired jobs 2022-12-08 16:23:24.4633991 +0500 +05 m=+5221.826866301
08/12/2022 16:23:54 | expiredJobsCron() - getting expired jobs 2022-12-08 16:23:54.4654795 +0500 +05 m=+5251.828946701
08/12/2022 16:24:24 | expiredJobsCron() - getting expired jobs 2022-12-08 16:24:24.4721226 +0500 +05 m=+5281.835589801
08/12/2022 16:24:54 | expiredJobsCron() - getting expired jobs 2022-12-08 16:24:54.4676174 +0500 +05 m=+5311.831084601
08/12/2022 16:25:24 | expiredJobsCron() - getting expired jobs 2022-12-08 16:25:24.4632245 +0500 +05 m=+5341.826691701
08/12/2022 16:25:54 | expiredJobsCron() - getting expired jobs 2022-12-08 16:25:54.4704606 +0500 +05 m=+5371.833927801
08/12/2022 16:26:24 | expiredJobsCron() - getting expired jobs 2022-12-08 16:26:24.4755939 +0500 +05 m=+5401.839061101
08/12/2022 16:26:54 | expiredJobsCron() - getting expired jobs 2022-12-08 16:26:54.4703107 +0500 +05 m=+5431.833777901
08/12/2022 16:27:24 | expiredJobsCron() - getting expired jobs 2022-12-08 16:27:24.4694025 +0500 +05 m=+5461.832869701
08/12/2022 16:27:54 | expiredJobsCron() - getting expired jobs 2022-12-08 16:27:54.4701446 +0500 +05 m=+5491.833611801
08/12/2022 16:28:24 | expiredJobsCron() - getting expired jobs 2022-12-08 16:28:24.4723828 +0500 +05 m=+5521.835850001
08/12/2022 16:28:54 | expiredJobsCron() - getting expired jobs 2022-12-08 16:28:54.4742117 +0500 +05 m=+5551.837678901
08/12/2022 16:29:24 | expiredJobsCron() - getting expired jobs 2022-12-08 16:29:24.4666939 +0500 +05 m=+5581.830161101
08/12/2022 16:29:54 | expiredJobsCron() - getting expired jobs 2022-12-08 16:29:54.4711259 +0500 +05 m=+5611.834593101
08/12/2022 16:30:24 | expiredJobsCron() - getting expired jobs 2022-12-08 16:30:24.465891 +0500 +05 m=+5641.829358201
08/12/2022 16:30:54 | expiredJobsCron() - getting expired jobs 2022-12-08 16:30:54.461726 +0500 +05 m=+5671.825193201
08/12/2022 16:31:24 | expiredJobsCron() - getting expired jobs 2022-12-08 16:31:24.4673293 +0500 +05 m=+5701.830796501
08/12/2022 16:31:54 | expiredJobsCron() - getting expired jobs 2022-12-08 16:31:54.4745415 +0500 +05 m=+5731.838008701
08/12/2022 16:32:24 | expiredJobsCron() - getting expired jobs 2022-12-08 16:32:24.4641284 +0500 +05 m=+5761.827595601
08/12/2022 16:32:54 | expiredJobsCron() - getting expired jobs 2022-12-08 16:32:54.4750314 +0500 +05 m=+5791.838498601
08/12/2022 16:33:24 | expiredJobsCron() - getting expired jobs 2022-12-08 16:33:24.4632162 +0500 +05 m=+5821.826683401
08/12/2022 16:33:54 | expiredJobsCron() - getting expired jobs 2022-12-08 16:33:54.4720837 +0500 +05 m=+5851.835550901
08/12/2022 16:34:24 | expiredJobsCron() - getting expired jobs 2022-12-08 16:34:24.4614574 +0500 +05 m=+5881.824924601
08/12/2022 16:34:54 | expiredJobsCron() - getting expired jobs 2022-12-08 16:34:54.4718699 +0500 +05 m=+5911.835337101
08/12/2022 16:35:24 | expiredJobsCron() - getting expired jobs 2022-12-08 16:35:24.4702863 +0500 +05 m=+5941.833753501
08/12/2022 16:35:54 | expiredJobsCron() - getting expired jobs 2022-12-08 16:35:54.4674735 +0500 +05 m=+5971.830940701
08/12/2022 16:36:24 | expiredJobsCron() - getting expired jobs 2022-12-08 16:36:24.470096 +0500 +05 m=+6001.833563201
08/12/2022 16:36:54 | expiredJobsCron() - getting expired jobs 2022-12-08 16:36:54.4698235 +0500 +05 m=+6031.833290701
08/12/2022 16:37:24 | expiredJobsCron() - getting expired jobs 2022-12-08 16:37:24.4620654 +0500 +05 m=+6061.825532601
08/12/2022 16:37:54 | expiredJobsCron() - getting expired jobs 2022-12-08 16:37:54.4692885 +0500 +05 m=+6091.832755701
08/12/2022 16:38:24 | expiredJobsCron() - getting expired jobs 2022-12-08 16:38:24.4616504 +0500 +05 m=+6121.825117601
08/12/2022 16:38:54 | expiredJobsCron() - getting expired jobs 2022-12-08 16:38:54.4640963 +0500 +05 m=+6151.827563501
08/12/2022 16:39:24 | expiredJobsCron() - getting expired jobs 2022-12-08 16:39:24.4680389 +0500 +05 m=+6181.831506101
08/12/2022 16:39:54 | expiredJobsCron() - getting expired jobs 2022-12-08 16:39:54.472469 +0500 +05 m=+6211.835936201
08/12/2022 16:40:24 | expiredJobsCron() - getting expired jobs 2022-12-08 16:40:24.471871 +0500 +05 m=+6241.835338201
08/12/2022 16:40:54 | expiredJobsCron() - getting expired jobs 2022-12-08 16:40:54.4643212 +0500 +05 m=+6271.827788401
08/12/2022 16:41:24 | expiredJobsCron() - getting expired jobs 2022-12-08 16:41:24.4669946 +0500 +05 m=+6301.830461801
08/12/2022 16:41:54 | expiredJobsCron() - getting expired jobs 2022-12-08 16:41:54.4715567 +0500 +05 m=+6331.835023901
08/12/2022 16:42:24 | expiredJobsCron() - getting expired jobs 2022-12-08 16:42:24.4614159 +0500 +05 m=+6361.824883101
08/12/2022 16:42:54 | expiredJobsCron() - getting expired jobs 2022-12-08 16:42:54.4619574 +0500 +05 m=+6391.825424601
08/12/2022 16:43:24 | expiredJobsCron() - getting expired jobs 2022-12-08 16:43:24.4689343 +0500 +05 m=+6421.832401501
08/12/2022 16:43:54 | expiredJobsCron() - getting expired jobs 2022-12-08 16:43:54.4662863 +0500 +05 m=+6451.829753501
08/12/2022 16:44:24 | expiredJobsCron() - getting expired jobs 2022-12-08 16:44:24.4732646 +0500 +05 m=+6481.836731801
08/12/2022 16:44:54 | expiredJobsCron() - getting expired jobs 2022-12-08 16:44:54.4615427 +0500 +05 m=+6511.825009901
08/12/2022 16:45:24 | expiredJobsCron() - getting expired jobs 2022-12-08 16:45:24.4687911 +0500 +05 m=+6541.832258301
08/12/2022 16:45:54 | expiredJobsCron() - getting expired jobs 2022-12-08 16:45:54.4756032 +0500 +05 m=+6571.839070401
08/12/2022 16:46:24 | expiredJobsCron() - getting expired jobs 2022-12-08 16:46:24.4664635 +0500 +05 m=+6601.829930701
08/12/2022 16:46:54 | expiredJobsCron() - getting expired jobs 2022-12-08 16:46:54.4668783 +0500 +05 m=+6631.830345501
08/12/2022 16:47:24 | expiredJobsCron() - getting expired jobs 2022-12-08 16:47:24.4751057 +0500 +05 m=+6661.838572901
08/12/2022 16:47:54 | expiredJobsCron() - getting expired jobs 2022-12-08 16:47:54.465443 +0500 +05 m=+6691.828910201
08/12/2022 16:48:24 | expiredJobsCron() - getting expired jobs 2022-12-08 16:48:24.4693682 +0500 +05 m=+6721.832835401
08/12/2022 16:48:54 | expiredJobsCron() - getting expired jobs 2022-12-08 16:48:54.4660291 +0500 +05 m=+6751.829496301
08/12/2022 16:49:24 | expiredJobsCron() - getting expired jobs 2022-12-08 16:49:24.4753942 +0500 +05 m=+6781.838861401
08/12/2022 16:49:54 | expiredJobsCron() - getting expired jobs 2022-12-08 16:49:54.4687828 +0500 +05 m=+6811.832250001
08/12/2022 16:50:24 | expiredJobsCron() - getting expired jobs 2022-12-08 16:50:24.4688923 +0500 +05 m=+6841.832359501
08/12/2022 16:50:54 | expiredJobsCron() - getting expired jobs 2022-12-08 16:50:54.4699337 +0500 +05 m=+6871.833400901
08/12/2022 16:51:24 | expiredJobsCron() - getting expired jobs 2022-12-08 16:51:24.4648119 +0500 +05 m=+6901.828279101
08/12/2022 16:51:54 | expiredJobsCron() - getting expired jobs 2022-12-08 16:51:54.4741624 +0500 +05 m=+6931.837629601
08/12/2022 16:52:24 | expiredJobsCron() - getting expired jobs 2022-12-08 16:52:24.4638053 +0500 +05 m=+6961.827272501
08/12/2022 16:52:54 | expiredJobsCron() - getting expired jobs 2022-12-08 16:52:54.4743065 +0500 +05 m=+6991.837773701
08/12/2022 16:53:24 | expiredJobsCron() - getting expired jobs 2022-12-08 16:53:24.4732316 +0500 +05 m=+7021.836698801
08/12/2022 16:53:54 | expiredJobsCron() - getting expired jobs 2022-12-08 16:53:54.4723367 +0500 +05 m=+7051.835803901
08/12/2022 16:54:24 | expiredJobsCron() - getting expired jobs 2022-12-08 16:54:24.4710604 +0500 +05 m=+7081.834527601
08/12/2022 16:54:54 | expiredJobsCron() - getting expired jobs 2022-12-08 16:54:54.4665689 +0500 +05 m=+7111.830036101
08/12/2022 16:55:24 | expiredJobsCron() - getting expired jobs 2022-12-08 16:55:24.4683735 +0500 +05 m=+7141.831840701
08/12/2022 16:55:54 | expiredJobsCron() - getting expired jobs 2022-12-08 16:55:54.4639186 +0500 +05 m=+7171.827385801
08/12/2022 16:56:24 | expiredJobsCron() - getting expired jobs 2022-12-08 16:56:24.4611895 +0500 +05 m=+7201.824656701
08/12/2022 16:56:54 | expiredJobsCron() - getting expired jobs 2022-12-08 16:56:54.4756309 +0500 +05 m=+7231.839098101
08/12/2022 16:57:24 | expiredJobsCron() - getting expired jobs 2022-12-08 16:57:24.462513 +0500 +05 m=+7261.825980201
08/12/2022 16:57:54 | expiredJobsCron() - getting expired jobs 2022-12-08 16:57:54.4709152 +0500 +05 m=+7291.834382401
08/12/2022 16:58:24 | expiredJobsCron() - getting expired jobs 2022-12-08 16:58:24.4710644 +0500 +05 m=+7321.834531601
08/12/2022 16:58:54 | expiredJobsCron() - getting expired jobs 2022-12-08 16:58:54.4750899 +0500 +05 m=+7351.838557101
08/12/2022 16:59:24 | expiredJobsCron() - getting expired jobs 2022-12-08 16:59:24.4634688 +0500 +05 m=+7381.826936001
08/12/2022 16:59:54 | expiredJobsCron() - getting expired jobs 2022-12-08 16:59:54.4739953 +0500 +05 m=+7411.837462501
08/12/2022 17:00:24 | expiredJobsCron() - getting expired jobs 2022-12-08 17:00:24.464372 +0500 +05 m=+7441.827839201
08/12/2022 17:00:54 | expiredJobsCron() - getting expired jobs 2022-12-08 17:00:54.4697071 +0500 +05 m=+7471.833174301
08/12/2022 17:01:24 | expiredJobsCron() - getting expired jobs 2022-12-08 17:01:24.468791 +0500 +05 m=+7501.832258201
08/12/2022 17:01:54 | expiredJobsCron() - getting expired jobs 2022-12-08 17:01:54.4697431 +0500 +05 m=+7531.833210301
08/12/2022 17:02:24 | expiredJobsCron() - getting expired jobs 2022-12-08 17:02:24.4713543 +0500 +05 m=+7561.834821501
08/12/2022 17:02:54 | expiredJobsCron() - getting expired jobs 2022-12-08 17:02:54.462996 +0500 +05 m=+7591.826463201
08/12/2022 17:03:24 | expiredJobsCron() - getting expired jobs 2022-12-08 17:03:24.472337 +0500 +05 m=+7621.835804201
08/12/2022 17:03:54 | expiredJobsCron() - getting expired jobs 2022-12-08 17:03:54.4664844 +0500 +05 m=+7651.829951601
08/12/2022 17:04:24 | expiredJobsCron() - getting expired jobs 2022-12-08 17:04:24.4726335 +0500 +05 m=+7681.836100701
08/12/2022 17:04:54 | expiredJobsCron() - getting expired jobs 2022-12-08 17:04:54.4727396 +0500 +05 m=+7711.836206801
08/12/2022 17:05:24 | expiredJobsCron() - getting expired jobs 2022-12-08 17:05:24.4744478 +0500 +05 m=+7741.837915001
08/12/2022 17:05:54 | expiredJobsCron() - getting expired jobs 2022-12-08 17:05:54.4650236 +0500 +05 m=+7771.828490801
08/12/2022 17:06:24 | expiredJobsCron() - getting expired jobs 2022-12-08 17:06:24.4632468 +0500 +05 m=+7801.826714001
08/12/2022 17:06:54 | expiredJobsCron() - getting expired jobs 2022-12-08 17:06:54.4702994 +0500 +05 m=+7831.833766601
08/12/2022 17:07:24 | expiredJobsCron() - getting expired jobs 2022-12-08 17:07:24.4681523 +0500 +05 m=+7861.831619501
08/12/2022 17:07:54 | expiredJobsCron() - getting expired jobs 2022-12-08 17:07:54.4611889 +0500 +05 m=+7891.824656101
08/12/2022 17:08:24 | expiredJobsCron() - getting expired jobs 2022-12-08 17:08:24.4645255 +0500 +05 m=+7921.827992701
08/12/2022 17:08:54 | expiredJobsCron() - getting expired jobs 2022-12-08 17:08:54.4697664 +0500 +05 m=+7951.833233601
08/12/2022 17:09:24 | expiredJobsCron() - getting expired jobs 2022-12-08 17:09:24.4719193 +0500 +05 m=+7981.835386501
08/12/2022 17:09:54 | expiredJobsCron() - getting expired jobs 2022-12-08 17:09:54.4745516 +0500 +05 m=+8011.838018801
08/12/2022 17:10:24 | expiredJobsCron() - getting expired jobs 2022-12-08 17:10:24.471908 +0500 +05 m=+8041.835375201
08/12/2022 17:10:54 | expiredJobsCron() - getting expired jobs 2022-12-08 17:10:54.4627466 +0500 +05 m=+8071.826213801
08/12/2022 17:11:24 | expiredJobsCron() - getting expired jobs 2022-12-08 17:11:24.4630575 +0500 +05 m=+8101.826524701
08/12/2022 17:11:54 | expiredJobsCron() - getting expired jobs 2022-12-08 17:11:54.4739543 +0500 +05 m=+8131.837421501
08/12/2022 17:12:24 | expiredJobsCron() - getting expired jobs 2022-12-08 17:12:24.4629031 +0500 +05 m=+8161.826370301
08/12/2022 17:12:54 | expiredJobsCron() - getting expired jobs 2022-12-08 17:12:54.4711525 +0500 +05 m=+8191.834619701
08/12/2022 17:13:24 | expiredJobsCron() - getting expired jobs 2022-12-08 17:13:24.4674516 +0500 +05 m=+8221.830918801
08/12/2022 17:13:54 | expiredJobsCron() - getting expired jobs 2022-12-08 17:13:54.465258 +0500 +05 m=+8251.828725201
08/12/2022 17:14:24 | expiredJobsCron() - getting expired jobs 2022-12-08 17:14:24.467104 +0500 +05 m=+8281.830571201
08/12/2022 17:14:54 | expiredJobsCron() - getting expired jobs 2022-12-08 17:14:54.4642651 +0500 +05 m=+8311.827732301
08/12/2022 17:15:24 | expiredJobsCron() - getting expired jobs 2022-12-08 17:15:24.4749661 +0500 +05 m=+8341.838433301
08/12/2022 17:15:54 | expiredJobsCron() - getting expired jobs 2022-12-08 17:15:54.4618745 +0500 +05 m=+8371.825341701
08/12/2022 17:16:24 | expiredJobsCron() - getting expired jobs 2022-12-08 17:16:24.4650994 +0500 +05 m=+8401.828566601
08/12/2022 17:16:54 | expiredJobsCron() - getting expired jobs 2022-12-08 17:16:54.4675547 +0500 +05 m=+8431.831021901
08/12/2022 17:17:24 | expiredJobsCron() - getting expired jobs 2022-12-08 17:17:24.4733932 +0500 +05 m=+8461.836860401
08/12/2022 17:17:54 | expiredJobsCron() - getting expired jobs 2022-12-08 17:17:54.4688584 +0500 +05 m=+8491.832325601
08/12/2022 17:18:24 | expiredJobsCron() - getting expired jobs 2022-12-08 17:18:24.4702892 +0500 +05 m=+8521.833756401
08/12/2022 17:18:54 | expiredJobsCron() - getting expired jobs 2022-12-08 17:18:54.4651253 +0500 +05 m=+8551.828592501
08/12/2022 17:19:24 | expiredJobsCron() - getting expired jobs 2022-12-08 17:19:24.4648689 +0500 +05 m=+8581.828336101
08/12/2022 17:19:54 | expiredJobsCron() - getting expired jobs 2022-12-08 17:19:54.4720239 +0500 +05 m=+8611.835491101
08/12/2022 17:20:24 | expiredJobsCron() - getting expired jobs 2022-12-08 17:20:24.4699329 +0500 +05 m=+8641.833400101
08/12/2022 17:20:54 | expiredJobsCron() - getting expired jobs 2022-12-08 17:20:54.4689877 +0500 +05 m=+8671.832454901
08/12/2022 17:21:24 | expiredJobsCron() - getting expired jobs 2022-12-08 17:21:24.4705923 +0500 +05 m=+8701.834059501
08/12/2022 17:21:54 | expiredJobsCron() - getting expired jobs 2022-12-08 17:21:54.4720718 +0500 +05 m=+8731.835539001
08/12/2022 17:22:24 | expiredJobsCron() - getting expired jobs 2022-12-08 17:22:24.4733247 +0500 +05 m=+8761.836791901
08/12/2022 17:22:54 | expiredJobsCron() - getting expired jobs 2022-12-08 17:22:54.4707027 +0500 +05 m=+8791.834169901
08/12/2022 17:23:24 | expiredJobsCron() - getting expired jobs 2022-12-08 17:23:24.4628169 +0500 +05 m=+8821.826284101
08/12/2022 17:23:54 | expiredJobsCron() - getting expired jobs 2022-12-08 17:23:54.4728378 +0500 +05 m=+8851.836305001
08/12/2022 17:24:24 | expiredJobsCron() - getting expired jobs 2022-12-08 17:24:24.4687126 +0500 +05 m=+8881.832179801
08/12/2022 17:24:54 | expiredJobsCron() - getting expired jobs 2022-12-08 17:24:54.4709412 +0500 +05 m=+8911.834408401
08/12/2022 17:25:24 | expiredJobsCron() - getting expired jobs 2022-12-08 17:25:24.4650735 +0500 +05 m=+8941.828540701
08/12/2022 17:25:54 | expiredJobsCron() - getting expired jobs 2022-12-08 17:25:54.4633605 +0500 +05 m=+8971.826827701
08/12/2022 17:26:24 | expiredJobsCron() - getting expired jobs 2022-12-08 17:26:24.4643563 +0500 +05 m=+9001.827823501
08/12/2022 17:26:54 | expiredJobsCron() - getting expired jobs 2022-12-08 17:26:54.4720705 +0500 +05 m=+9031.835537701
08/12/2022 17:27:24 | expiredJobsCron() - getting expired jobs 2022-12-08 17:27:24.4680919 +0500 +05 m=+9061.831559101
08/12/2022 17:27:54 | expiredJobsCron() - getting expired jobs 2022-12-08 17:27:54.4746679 +0500 +05 m=+9091.838135101
08/12/2022 17:28:24 | expiredJobsCron() - getting expired jobs 2022-12-08 17:28:24.4653241 +0500 +05 m=+9121.828791301
08/12/2022 17:28:54 | expiredJobsCron() - getting expired jobs 2022-12-08 17:28:54.4706218 +0500 +05 m=+9151.834089001
08/12/2022 17:29:24 | expiredJobsCron() - getting expired jobs 2022-12-08 17:29:24.471382 +0500 +05 m=+9181.834849201
08/12/2022 17:29:54 | expiredJobsCron() - getting expired jobs 2022-12-08 17:29:54.4652162 +0500 +05 m=+9211.828683401
08/12/2022 17:30:24 | expiredJobsCron() - getting expired jobs 2022-12-08 17:30:24.476198 +0500 +05 m=+9241.839665201
08/12/2022 17:30:54 | expiredJobsCron() - getting expired jobs 2022-12-08 17:30:54.4730978 +0500 +05 m=+9271.836565001
08/12/2022 17:31:24 | expiredJobsCron() - getting expired jobs 2022-12-08 17:31:24.4755335 +0500 +05 m=+9301.839000701
08/12/2022 17:31:54 | expiredJobsCron() - getting expired jobs 2022-12-08 17:31:54.4741247 +0500 +05 m=+9331.837591901
08/12/2022 17:32:24 | expiredJobsCron() - getting expired jobs 2022-12-08 17:32:24.4634974 +0500 +05 m=+9361.826964601
08/12/2022 17:32:54 | expiredJobsCron() - getting expired jobs 2022-12-08 17:32:54.4749524 +0500 +05 m=+9391.838419601
08/12/2022 17:33:24 | expiredJobsCron() - getting expired jobs 2022-12-08 17:33:24.4650257 +0500 +05 m=+9421.828492901
08/12/2022 17:33:54 | expiredJobsCron() - getting expired jobs 2022-12-08 17:33:54.4685947 +0500 +05 m=+9451.832061901
08/12/2022 17:34:24 | expiredJobsCron() - getting expired jobs 2022-12-08 17:34:24.4707372 +0500 +05 m=+9481.834204401
08/12/2022 17:34:54 | expiredJobsCron() - getting expired jobs 2022-12-08 17:34:54.4738953 +0500 +05 m=+9511.837362501
08/12/2022 17:35:24 | expiredJobsCron() - getting expired jobs 2022-12-08 17:35:24.465979 +0500 +05 m=+9541.829446201
08/12/2022 17:35:54 | expiredJobsCron() - getting expired jobs 2022-12-08 17:35:54.4727234 +0500 +05 m=+9571.836190601
08/12/2022 17:36:24 | expiredJobsCron() - getting expired jobs 2022-12-08 17:36:24.4659597 +0500 +05 m=+9601.829426901
08/12/2022 17:36:54 | expiredJobsCron() - getting expired jobs 2022-12-08 17:36:54.4692973 +0500 +05 m=+9631.832764501
08/12/2022 17:37:24 | expiredJobsCron() - getting expired jobs 2022-12-08 17:37:24.4736032 +0500 +05 m=+9661.837070401
08/12/2022 17:37:54 | expiredJobsCron() - getting expired jobs 2022-12-08 17:37:54.4729929 +0500 +05 m=+9691.836460101
08/12/2022 17:38:24 | expiredJobsCron() - getting expired jobs 2022-12-08 17:38:24.4660279 +0500 +05 m=+9721.829495101
08/12/2022 17:38:54 | expiredJobsCron() - getting expired jobs 2022-12-08 17:38:54.4756161 +0500 +05 m=+9751.839083301
08/12/2022 17:39:24 | expiredJobsCron() - getting expired jobs 2022-12-08 17:39:24.465734 +0500 +05 m=+9781.829201201
08/12/2022 17:39:54 | expiredJobsCron() - getting expired jobs 2022-12-08 17:39:54.4740288 +0500 +05 m=+9811.837496001
08/12/2022 17:40:24 | expiredJobsCron() - getting expired jobs 2022-12-08 17:40:24.4680031 +0500 +05 m=+9841.831470301
08/12/2022 17:40:54 | expiredJobsCron() - getting expired jobs 2022-12-08 17:40:54.4708442 +0500 +05 m=+9871.834311401
08/12/2022 17:41:24 | expiredJobsCron() - getting expired jobs 2022-12-08 17:41:24.4692131 +0500 +05 m=+9901.832680301
08/12/2022 17:41:54 | expiredJobsCron() - getting expired jobs 2022-12-08 17:41:54.4721607 +0500 +05 m=+9931.835627901
08/12/2022 17:42:24 | expiredJobsCron() - getting expired jobs 2022-12-08 17:42:24.4697199 +0500 +05 m=+9961.833187101
08/12/2022 17:42:54 | expiredJobsCron() - getting expired jobs 2022-12-08 17:42:54.4672616 +0500 +05 m=+9991.830728801
08/12/2022 17:43:24 | expiredJobsCron() - getting expired jobs 2022-12-08 17:43:24.471511 +0500 +05 m=+10021.834978201
08/12/2022 17:43:54 | expiredJobsCron() - getting expired jobs 2022-12-08 17:43:54.4614342 +0500 +05 m=+10051.824901401
08/12/2022 17:44:24 | expiredJobsCron() - getting expired jobs 2022-12-08 17:44:24.467617 +0500 +05 m=+10081.831084201
08/12/2022 17:44:54 | expiredJobsCron() - getting expired jobs 2022-12-08 17:44:54.4722358 +0500 +05 m=+10111.835703001
08/12/2022 17:45:24 | expiredJobsCron() - getting expired jobs 2022-12-08 17:45:24.4628616 +0500 +05 m=+10141.826328801
08/12/2022 17:45:54 | expiredJobsCron() - getting expired jobs 2022-12-08 17:45:54.4692942 +0500 +05 m=+10171.832761401
08/12/2022 17:46:24 | expiredJobsCron() - getting expired jobs 2022-12-08 17:46:24.4742232 +0500 +05 m=+10201.837690401
08/12/2022 17:46:54 | expiredJobsCron() - getting expired jobs 2022-12-08 17:46:54.4736362 +0500 +05 m=+10231.837103401
08/12/2022 17:47:24 | expiredJobsCron() - getting expired jobs 2022-12-08 17:47:24.4697862 +0500 +05 m=+10261.833253401
08/12/2022 17:47:54 | expiredJobsCron() - getting expired jobs 2022-12-08 17:47:54.4626501 +0500 +05 m=+10291.826117301
08/12/2022 17:48:24 | expiredJobsCron() - getting expired jobs 2022-12-08 17:48:24.4626463 +0500 +05 m=+10321.826113501
08/12/2022 17:48:54 | expiredJobsCron() - getting expired jobs 2022-12-08 17:48:54.4765456 +0500 +05 m=+10351.840012801
08/12/2022 17:49:24 | expiredJobsCron() - getting expired jobs 2022-12-08 17:49:24.4667408 +0500 +05 m=+10381.830208001
08/12/2022 17:49:54 | expiredJobsCron() - getting expired jobs 2022-12-08 17:49:54.4647719 +0500 +05 m=+10411.828239101
08/12/2022 17:50:24 | expiredJobsCron() - getting expired jobs 2022-12-08 17:50:24.4718994 +0500 +05 m=+10441.835366601
08/12/2022 17:50:54 | expiredJobsCron() - getting expired jobs 2022-12-08 17:50:54.4747789 +0500 +05 m=+10471.838246101
08/12/2022 17:51:24 | expiredJobsCron() - getting expired jobs 2022-12-08 17:51:24.4689448 +0500 +05 m=+10501.832412001
08/12/2022 17:51:54 | expiredJobsCron() - getting expired jobs 2022-12-08 17:51:54.4729835 +0500 +05 m=+10531.836450701
08/12/2022 17:52:24 | expiredJobsCron() - getting expired jobs 2022-12-08 17:52:24.4685997 +0500 +05 m=+10561.832066901
08/12/2022 17:52:54 | expiredJobsCron() - getting expired jobs 2022-12-08 17:52:54.463419 +0500 +05 m=+10591.826886201
08/12/2022 17:53:24 | expiredJobsCron() - getting expired jobs 2022-12-08 17:53:24.4615479 +0500 +05 m=+10621.825015101
08/12/2022 17:53:54 | expiredJobsCron() - getting expired jobs 2022-12-08 17:53:54.4716491 +0500 +05 m=+10651.835116301
08/12/2022 17:54:24 | expiredJobsCron() - getting expired jobs 2022-12-08 17:54:24.4703177 +0500 +05 m=+10681.833784901
08/12/2022 17:54:54 | expiredJobsCron() - getting expired jobs 2022-12-08 17:54:54.4649999 +0500 +05 m=+10711.828467101
08/12/2022 17:55:24 | expiredJobsCron() - getting expired jobs 2022-12-08 17:55:24.4721364 +0500 +05 m=+10741.835603601
08/12/2022 17:55:54 | expiredJobsCron() - getting expired jobs 2022-12-08 17:55:54.4716655 +0500 +05 m=+10771.835132701
08/12/2022 17:56:24 | expiredJobsCron() - getting expired jobs 2022-12-08 17:56:24.4704714 +0500 +05 m=+10801.833938601
08/12/2022 17:56:54 | expiredJobsCron() - getting expired jobs 2022-12-08 17:56:54.4648158 +0500 +05 m=+10831.828283001
08/12/2022 17:57:24 | expiredJobsCron() - getting expired jobs 2022-12-08 17:57:24.4627881 +0500 +05 m=+10861.826255301
08/12/2022 17:57:54 | expiredJobsCron() - getting expired jobs 2022-12-08 17:57:54.4647619 +0500 +05 m=+10891.828229101
08/12/2022 17:58:24 | expiredJobsCron() - getting expired jobs 2022-12-08 17:58:24.4744711 +0500 +05 m=+10921.837938301
08/12/2022 17:58:54 | expiredJobsCron() - getting expired jobs 2022-12-08 17:58:54.4667955 +0500 +05 m=+10951.830262701
08/12/2022 17:59:24 | expiredJobsCron() - getting expired jobs 2022-12-08 17:59:24.4746378 +0500 +05 m=+10981.838105001
08/12/2022 17:59:54 | expiredJobsCron() - getting expired jobs 2022-12-08 17:59:54.4630847 +0500 +05 m=+11011.826551901
08/12/2022 18:00:24 | expiredJobsCron() - getting expired jobs 2022-12-08 18:00:24.4707374 +0500 +05 m=+11041.834204601
08/12/2022 18:00:54 | expiredJobsCron() - getting expired jobs 2022-12-08 18:00:54.4694508 +0500 +05 m=+11071.832918001
08/12/2022 18:01:24 | expiredJobsCron() - getting expired jobs 2022-12-08 18:01:24.4671789 +0500 +05 m=+11101.830646101
08/12/2022 18:01:54 | expiredJobsCron() - getting expired jobs 2022-12-08 18:01:54.4634256 +0500 +05 m=+11131.826892801
08/12/2022 18:02:24 | expiredJobsCron() - getting expired jobs 2022-12-08 18:02:24.4659065 +0500 +05 m=+11161.829373701
08/12/2022 18:02:54 | expiredJobsCron() - getting expired jobs 2022-12-08 18:02:54.470403 +0500 +05 m=+11191.833870201
08/12/2022 18:03:24 | expiredJobsCron() - getting expired jobs 2022-12-08 18:03:24.4717747 +0500 +05 m=+11221.835241901
08/12/2022 18:03:54 | expiredJobsCron() - getting expired jobs 2022-12-08 18:03:54.4689792 +0500 +05 m=+11251.832446401
08/12/2022 18:04:24 | expiredJobsCron() - getting expired jobs 2022-12-08 18:04:24.4736587 +0500 +05 m=+11281.837125901
08/12/2022 18:04:54 | expiredJobsCron() - getting expired jobs 2022-12-08 18:04:54.4748488 +0500 +05 m=+11311.838316001
08/12/2022 18:05:24 | expiredJobsCron() - getting expired jobs 2022-12-08 18:05:24.4617962 +0500 +05 m=+11341.825263401
08/12/2022 18:05:54 | expiredJobsCron() - getting expired jobs 2022-12-08 18:05:54.4760209 +0500 +05 m=+11371.839488101
08/12/2022 18:06:24 | expiredJobsCron() - getting expired jobs 2022-12-08 18:06:24.4701496 +0500 +05 m=+11401.833616801
08/12/2022 18:06:54 | expiredJobsCron() - getting expired jobs 2022-12-08 18:06:54.4684824 +0500 +05 m=+11431.831949601
08/12/2022 18:07:24 | expiredJobsCron() - getting expired jobs 2022-12-08 18:07:24.467742 +0500 +05 m=+11461.831209201
08/12/2022 18:07:54 | expiredJobsCron() - getting expired jobs 2022-12-08 18:07:54.4728281 +0500 +05 m=+11491.836295301
08/12/2022 18:08:24 | expiredJobsCron() - getting expired jobs 2022-12-08 18:08:24.4657108 +0500 +05 m=+11521.829178001
08/12/2022 18:08:54 | expiredJobsCron() - getting expired jobs 2022-12-08 18:08:54.472592 +0500 +05 m=+11551.836059201
08/12/2022 18:09:24 | expiredJobsCron() - getting expired jobs 2022-12-08 18:09:24.4743227 +0500 +05 m=+11581.837789901
08/12/2022 18:09:54 | expiredJobsCron() - getting expired jobs 2022-12-08 18:09:54.4755931 +0500 +05 m=+11611.839060301
08/12/2022 18:10:24 | expiredJobsCron() - getting expired jobs 2022-12-08 18:10:24.4689974 +0500 +05 m=+11641.832464601
08/12/2022 18:10:54 | expiredJobsCron() - getting expired jobs 2022-12-08 18:10:54.4648365 +0500 +05 m=+11671.828303701
08/12/2022 18:11:24 | expiredJobsCron() - getting expired jobs 2022-12-08 18:11:24.4615207 +0500 +05 m=+11701.824987901
08/12/2022 18:11:54 | expiredJobsCron() - getting expired jobs 2022-12-08 18:11:54.4705618 +0500 +05 m=+11731.834029001
08/12/2022 18:12:24 | expiredJobsCron() - getting expired jobs 2022-12-08 18:12:24.468422 +0500 +05 m=+11761.831889201
08/12/2022 18:12:54 | expiredJobsCron() - getting expired jobs 2022-12-08 18:12:54.4620213 +0500 +05 m=+11791.825488501
08/12/2022 18:13:24 | expiredJobsCron() - getting expired jobs 2022-12-08 18:13:24.4629416 +0500 +05 m=+11821.826408801
08/12/2022 18:13:54 | expiredJobsCron() - getting expired jobs 2022-12-08 18:13:54.4745958 +0500 +05 m=+11851.838063001
08/12/2022 18:14:24 | expiredJobsCron() - getting expired jobs 2022-12-08 18:14:24.4717459 +0500 +05 m=+11881.835213101
08/12/2022 18:14:54 | expiredJobsCron() - getting expired jobs 2022-12-08 18:14:54.4713064 +0500 +05 m=+11911.834773601
08/12/2022 18:15:24 | expiredJobsCron() - getting expired jobs 2022-12-08 18:15:24.4748081 +0500 +05 m=+11941.838275301
08/12/2022 18:15:54 | expiredJobsCron() - getting expired jobs 2022-12-08 18:15:54.4751612 +0500 +05 m=+11971.838628401
08/12/2022 18:16:24 | expiredJobsCron() - getting expired jobs 2022-12-08 18:16:24.4694516 +0500 +05 m=+12001.832918801
08/12/2022 18:16:54 | expiredJobsCron() - getting expired jobs 2022-12-08 18:16:54.4647043 +0500 +05 m=+12031.828171501
08/12/2022 18:17:24 | expiredJobsCron() - getting expired jobs 2022-12-08 18:17:24.47074 +0500 +05 m=+12061.834207201
08/12/2022 18:17:54 | expiredJobsCron() - getting expired jobs 2022-12-08 18:17:54.4752905 +0500 +05 m=+12091.838757701
08/12/2022 18:18:24 | expiredJobsCron() - getting expired jobs 2022-12-08 18:18:24.4702767 +0500 +05 m=+12121.833743901
08/12/2022 18:18:54 | expiredJobsCron() - getting expired jobs 2022-12-08 18:18:54.4611494 +0500 +05 m=+12151.824616601
08/12/2022 18:19:24 | expiredJobsCron() - getting expired jobs 2022-12-08 18:19:24.4705343 +0500 +05 m=+12181.834001501
08/12/2022 18:19:54 | expiredJobsCron() - getting expired jobs 2022-12-08 18:19:54.4652079 +0500 +05 m=+12211.828675101
08/12/2022 18:20:24 | expiredJobsCron() - getting expired jobs 2022-12-08 18:20:24.4687026 +0500 +05 m=+12241.832169801
08/12/2022 18:20:54 | expiredJobsCron() - getting expired jobs 2022-12-08 18:20:54.465381 +0500 +05 m=+12271.828848201
08/12/2022 18:21:24 | expiredJobsCron() - getting expired jobs 2022-12-08 18:21:24.4642902 +0500 +05 m=+12301.827757401
08/12/2022 18:21:54 | expiredJobsCron() - getting expired jobs 2022-12-08 18:21:54.4740074 +0500 +05 m=+12331.837474601
08/12/2022 18:22:24 | expiredJobsCron() - getting expired jobs 2022-12-08 18:22:24.4692958 +0500 +05 m=+12361.832763001
08/12/2022 18:22:54 | expiredJobsCron() - getting expired jobs 2022-12-08 18:22:54.4685393 +0500 +05 m=+12391.832006501
08/12/2022 18:23:24 | expiredJobsCron() - getting expired jobs 2022-12-08 18:23:24.4706106 +0500 +05 m=+12421.834077801
08/12/2022 18:23:54 | expiredJobsCron() - getting expired jobs 2022-12-08 18:23:54.4659508 +0500 +05 m=+12451.829418001
08/12/2022 18:24:24 | expiredJobsCron() - getting expired jobs 2022-12-08 18:24:24.4694016 +0500 +05 m=+12481.832868801
08/12/2022 18:24:54 | expiredJobsCron() - getting expired jobs 2022-12-08 18:24:54.4649219 +0500 +05 m=+12511.828389101
08/12/2022 18:25:24 | expiredJobsCron() - getting expired jobs 2022-12-08 18:25:24.4720186 +0500 +05 m=+12541.835485801
08/12/2022 18:25:54 | expiredJobsCron() - getting expired jobs 2022-12-08 18:25:54.4644357 +0500 +05 m=+12571.827902901
08/12/2022 18:26:24 | expiredJobsCron() - getting expired jobs 2022-12-08 18:26:24.461854 +0500 +05 m=+12601.825321201
08/12/2022 18:26:54 | expiredJobsCron() - getting expired jobs 2022-12-08 18:26:54.4670624 +0500 +05 m=+12631.830529601
08/12/2022 18:27:24 | expiredJobsCron() - getting expired jobs 2022-12-08 18:27:24.4674536 +0500 +05 m=+12661.830920801
08/12/2022 18:27:54 | expiredJobsCron() - getting expired jobs 2022-12-08 18:27:54.4750456 +0500 +05 m=+12691.838512801
08/12/2022 18:28:24 | expiredJobsCron() - getting expired jobs 2022-12-08 18:28:24.470998 +0500 +05 m=+12721.834465201
08/12/2022 18:28:54 | expiredJobsCron() - getting expired jobs 2022-12-08 18:28:54.4710823 +0500 +05 m=+12751.834549501
08/12/2022 18:29:24 | expiredJobsCron() - getting expired jobs 2022-12-08 18:29:24.4643059 +0500 +05 m=+12781.827773101
08/12/2022 18:29:54 | expiredJobsCron() - getting expired jobs 2022-12-08 18:29:54.4633797 +0500 +05 m=+12811.826846901
08/12/2022 18:30:24 | expiredJobsCron() - getting expired jobs 2022-12-08 18:30:24.4754615 +0500 +05 m=+12841.838928701
08/12/2022 18:30:54 | expiredJobsCron() - getting expired jobs 2022-12-08 18:30:54.470886 +0500 +05 m=+12871.834353201
08/12/2022 18:31:24 | expiredJobsCron() - getting expired jobs 2022-12-08 18:31:24.467556 +0500 +05 m=+12901.831023201
08/12/2022 18:31:54 | expiredJobsCron() - getting expired jobs 2022-12-08 18:31:54.468206 +0500 +05 m=+12931.831673201
08/12/2022 18:32:24 | expiredJobsCron() - getting expired jobs 2022-12-08 18:32:24.4703559 +0500 +05 m=+12961.833823101
08/12/2022 18:32:54 | expiredJobsCron() - getting expired jobs 2022-12-08 18:32:54.4750304 +0500 +05 m=+12991.838497601
08/12/2022 18:33:24 | expiredJobsCron() - getting expired jobs 2022-12-08 18:33:24.4726479 +0500 +05 m=+13021.836115101
08/12/2022 18:33:54 | expiredJobsCron() - getting expired jobs 2022-12-08 18:33:54.476159 +0500 +05 m=+13051.839626201
08/12/2022 18:34:24 | expiredJobsCron() - getting expired jobs 2022-12-08 18:34:24.4701035 +0500 +05 m=+13081.833570701
08/12/2022 18:34:54 | expiredJobsCron() - getting expired jobs 2022-12-08 18:34:54.4674894 +0500 +05 m=+13111.830956601
08/12/2022 18:35:24 | expiredJobsCron() - getting expired jobs 2022-12-08 18:35:24.4765733 +0500 +05 m=+13141.840040501
08/12/2022 18:35:54 | expiredJobsCron() - getting expired jobs 2022-12-08 18:35:54.4740706 +0500 +05 m=+13171.837537801
08/12/2022 18:36:24 | expiredJobsCron() - getting expired jobs 2022-12-08 18:36:24.4618602 +0500 +05 m=+13201.825327401
08/12/2022 18:36:54 | expiredJobsCron() - getting expired jobs 2022-12-08 18:36:54.4702077 +0500 +05 m=+13231.833674901
08/12/2022 18:37:24 | expiredJobsCron() - getting expired jobs 2022-12-08 18:37:24.4690869 +0500 +05 m=+13261.832554101
08/12/2022 18:37:54 | expiredJobsCron() - getting expired jobs 2022-12-08 18:37:54.4716474 +0500 +05 m=+13291.835114601
08/12/2022 18:38:24 | expiredJobsCron() - getting expired jobs 2022-12-08 18:38:24.4749781 +0500 +05 m=+13321.838445301
08/12/2022 18:38:54 | expiredJobsCron() - getting expired jobs 2022-12-08 18:38:54.4669926 +0500 +05 m=+13351.830459801
08/12/2022 18:39:24 | expiredJobsCron() - getting expired jobs 2022-12-08 18:39:24.4711072 +0500 +05 m=+13381.834574401
08/12/2022 18:39:54 | expiredJobsCron() - getting expired jobs 2022-12-08 18:39:54.4759082 +0500 +05 m=+13411.839375401
08/12/2022 18:40:24 | expiredJobsCron() - getting expired jobs 2022-12-08 18:40:24.4719283 +0500 +05 m=+13441.835395501
08/12/2022 18:40:54 | expiredJobsCron() - getting expired jobs 2022-12-08 18:40:54.4624191 +0500 +05 m=+13471.825886301
08/12/2022 18:41:24 | expiredJobsCron() - getting expired jobs 2022-12-08 18:41:24.4755962 +0500 +05 m=+13501.839063401
08/12/2022 18:41:54 | expiredJobsCron() - getting expired jobs 2022-12-08 18:41:54.4652146 +0500 +05 m=+13531.828681801
08/12/2022 18:42:24 | expiredJobsCron() - getting expired jobs 2022-12-08 18:42:24.471126 +0500 +05 m=+13561.834593201
08/12/2022 18:42:54 | expiredJobsCron() - getting expired jobs 2022-12-08 18:42:54.4692698 +0500 +05 m=+13591.832737001
08/12/2022 18:43:24 | expiredJobsCron() - getting expired jobs 2022-12-08 18:43:24.4756294 +0500 +05 m=+13621.839096601
08/12/2022 18:43:54 | expiredJobsCron() - getting expired jobs 2022-12-08 18:43:54.4640636 +0500 +05 m=+13651.827530801
08/12/2022 18:44:24 | expiredJobsCron() - getting expired jobs 2022-12-08 18:44:24.4710824 +0500 +05 m=+13681.834549601
08/12/2022 18:44:54 | expiredJobsCron() - getting expired jobs 2022-12-08 18:44:54.4669962 +0500 +05 m=+13711.830463401
08/12/2022 18:45:24 | expiredJobsCron() - getting expired jobs 2022-12-08 18:45:24.4639889 +0500 +05 m=+13741.827456101
08/12/2022 18:45:54 | expiredJobsCron() - getting expired jobs 2022-12-08 18:45:54.465489 +0500 +05 m=+13771.828956201
08/12/2022 18:46:24 | expiredJobsCron() - getting expired jobs 2022-12-08 18:46:24.4700033 +0500 +05 m=+13801.833470501
08/12/2022 18:46:54 | expiredJobsCron() - getting expired jobs 2022-12-08 18:46:54.4611851 +0500 +05 m=+13831.824652301
08/12/2022 18:47:24 | expiredJobsCron() - getting expired jobs 2022-12-08 18:47:24.4699275 +0500 +05 m=+13861.833394701
08/12/2022 18:47:54 | expiredJobsCron() - getting expired jobs 2022-12-08 18:47:54.4731061 +0500 +05 m=+13891.836573301
08/12/2022 18:48:24 | expiredJobsCron() - getting expired jobs 2022-12-08 18:48:24.4694534 +0500 +05 m=+13921.832920601
08/12/2022 18:48:54 | expiredJobsCron() - getting expired jobs 2022-12-08 18:48:54.4750047 +0500 +05 m=+13951.838471901
08/12/2022 18:49:24 | expiredJobsCron() - getting expired jobs 2022-12-08 18:49:24.4715458 +0500 +05 m=+13981.835013001
08/12/2022 18:49:54 | expiredJobsCron() - getting expired jobs 2022-12-08 18:49:54.4651064 +0500 +05 m=+14011.828573601
08/12/2022 18:50:24 | expiredJobsCron() - getting expired jobs 2022-12-08 18:50:24.4617278 +0500 +05 m=+14041.825195001
08/12/2022 18:50:54 | expiredJobsCron() - getting expired jobs 2022-12-08 18:50:54.4666623 +0500 +05 m=+14071.830129501
08/12/2022 18:51:24 | expiredJobsCron() - getting expired jobs 2022-12-08 18:51:24.4656213 +0500 +05 m=+14101.829088501
08/12/2022 18:51:54 | expiredJobsCron() - getting expired jobs 2022-12-08 18:51:54.462586 +0500 +05 m=+14131.826053201
08/12/2022 18:52:24 | expiredJobsCron() - getting expired jobs 2022-12-08 18:52:24.4706693 +0500 +05 m=+14161.834136501
08/12/2022 18:52:54 | expiredJobsCron() - getting expired jobs 2022-12-08 18:52:54.470148 +0500 +05 m=+14191.833615201
08/12/2022 18:53:24 | expiredJobsCron() - getting expired jobs 2022-12-08 18:53:24.465326 +0500 +05 m=+14221.828793201
08/12/2022 18:53:54 | expiredJobsCron() - getting expired jobs 2022-12-08 18:53:54.4619446 +0500 +05 m=+14251.825411801
08/12/2022 18:54:24 | expiredJobsCron() - getting expired jobs 2022-12-08 18:54:24.4710711 +0500 +05 m=+14281.834538301
08/12/2022 18:54:54 | expiredJobsCron() - getting expired jobs 2022-12-08 18:54:54.4674577 +0500 +05 m=+14311.830924901
08/12/2022 18:55:24 | expiredJobsCron() - getting expired jobs 2022-12-08 18:55:24.4667094 +0500 +05 m=+14341.830176601
08/12/2022 18:55:54 | expiredJobsCron() - getting expired jobs 2022-12-08 18:55:54.4756674 +0500 +05 m=+14371.839134601
08/12/2022 18:56:24 | expiredJobsCron() - getting expired jobs 2022-12-08 18:56:24.4641165 +0500 +05 m=+14401.827583701
08/12/2022 18:56:54 | expiredJobsCron() - getting expired jobs 2022-12-08 18:56:54.468156 +0500 +05 m=+14431.831623201
08/12/2022 18:57:24 | expiredJobsCron() - getting expired jobs 2022-12-08 18:57:24.4645366 +0500 +05 m=+14461.828003801
08/12/2022 18:57:54 | expiredJobsCron() - getting expired jobs 2022-12-08 18:57:54.4725994 +0500 +05 m=+14491.836066601
08/12/2022 18:58:24 | expiredJobsCron() - getting expired jobs 2022-12-08 18:58:24.4631712 +0500 +05 m=+14521.826638401
08/12/2022 18:58:54 | expiredJobsCron() - getting expired jobs 2022-12-08 18:58:54.4630425 +0500 +05 m=+14551.826509701
08/12/2022 18:59:24 | expiredJobsCron() - getting expired jobs 2022-12-08 18:59:24.4684147 +0500 +05 m=+14581.831881901
08/12/2022 18:59:54 | expiredJobsCron() - getting expired jobs 2022-12-08 18:59:54.4641585 +0500 +05 m=+14611.827625701
08/12/2022 19:00:24 | expiredJobsCron() - getting expired jobs 2022-12-08 19:00:24.4661039 +0500 +05 m=+14641.829571101
08/12/2022 19:00:54 | expiredJobsCron() - getting expired jobs 2022-12-08 19:00:54.4780896 +0500 +05 m=+14671.841556801
08/12/2022 19:01:24 | expiredJobsCron() - getting expired jobs 2022-12-08 19:01:24.4616552 +0500 +05 m=+14701.825122401
08/12/2022 19:01:54 | expiredJobsCron() - getting expired jobs 2022-12-08 19:01:54.4645049 +0500 +05 m=+14731.827972101
08/12/2022 19:02:24 | expiredJobsCron() - getting expired jobs 2022-12-08 19:02:24.4717987 +0500 +05 m=+14761.835265901
08/12/2022 19:02:54 | expiredJobsCron() - getting expired jobs 2022-12-08 19:02:54.4684168 +0500 +05 m=+14791.831884001
08/12/2022 19:03:24 | expiredJobsCron() - getting expired jobs 2022-12-08 19:03:24.4687209 +0500 +05 m=+14821.832188101
08/12/2022 19:03:54 | expiredJobsCron() - getting expired jobs 2022-12-08 19:03:54.4668791 +0500 +05 m=+14851.830346301
08/12/2022 19:04:24 | expiredJobsCron() - getting expired jobs 2022-12-08 19:04:24.472078 +0500 +05 m=+14881.835545201
08/12/2022 19:04:54 | expiredJobsCron() - getting expired jobs 2022-12-08 19:04:54.4707611 +0500 +05 m=+14911.834228301
08/12/2022 19:05:24 | expiredJobsCron() - getting expired jobs 2022-12-08 19:05:24.4739075 +0500 +05 m=+14941.837374701
08/12/2022 19:05:54 | expiredJobsCron() - getting expired jobs 2022-12-08 19:05:54.4643785 +0500 +05 m=+14971.827845701
08/12/2022 19:06:24 | expiredJobsCron() - getting expired jobs 2022-12-08 19:06:24.4675076 +0500 +05 m=+15001.830974801
08/12/2022 19:06:54 | expiredJobsCron() - getting expired jobs 2022-12-08 19:06:54.4724922 +0500 +05 m=+15031.835959401
08/12/2022 19:07:24 | expiredJobsCron() - getting expired jobs 2022-12-08 19:07:24.4753461 +0500 +05 m=+15061.838813301
08/12/2022 19:07:54 | expiredJobsCron() - getting expired jobs 2022-12-08 19:07:54.4679697 +0500 +05 m=+15091.831436901
08/12/2022 19:08:24 | expiredJobsCron() - getting expired jobs 2022-12-08 19:08:24.4861729 +0500 +05 m=+15121.849640101
08/12/2022 19:08:54 | expiredJobsCron() - getting expired jobs 2022-12-08 19:08:54.4732955 +0500 +05 m=+15151.836762701
08/12/2022 19:09:24 | expiredJobsCron() - getting expired jobs 2022-12-08 19:09:24.4747463 +0500 +05 m=+15181.838213501
08/12/2022 19:09:54 | expiredJobsCron() - getting expired jobs 2022-12-08 19:09:54.4618788 +0500 +05 m=+15211.825346001
08/12/2022 19:10:24 | expiredJobsCron() - getting expired jobs 2022-12-08 19:10:24.4650247 +0500 +05 m=+15241.828491901
08/12/2022 19:10:54 | expiredJobsCron() - getting expired jobs 2022-12-08 19:10:54.4697189 +0500 +05 m=+15271.833186101
08/12/2022 19:11:24 | expiredJobsCron() - getting expired jobs 2022-12-08 19:11:24.4721957 +0500 +05 m=+15301.835662901
08/12/2022 19:11:54 | expiredJobsCron() - getting expired jobs 2022-12-08 19:11:54.4642891 +0500 +05 m=+15331.827756301
08/12/2022 19:12:24 | expiredJobsCron() - getting expired jobs 2022-12-08 19:12:24.4662019 +0500 +05 m=+15361.829669101
08/12/2022 19:12:54 | expiredJobsCron() - getting expired jobs 2022-12-08 19:12:54.4664226 +0500 +05 m=+15391.829889801
08/12/2022 19:13:24 | expiredJobsCron() - getting expired jobs 2022-12-08 19:13:24.4738189 +0500 +05 m=+15421.837286101
08/12/2022 19:13:54 | expiredJobsCron() - getting expired jobs 2022-12-08 19:13:54.4677794 +0500 +05 m=+15451.831246601
08/12/2022 19:14:24 | expiredJobsCron() - getting expired jobs 2022-12-08 19:14:24.4762201 +0500 +05 m=+15481.839687301
08/12/2022 19:14:54 | expiredJobsCron() - getting expired jobs 2022-12-08 19:14:54.4626929 +0500 +05 m=+15511.826160101
08/12/2022 19:15:24 | expiredJobsCron() - getting expired jobs 2022-12-08 19:15:24.4698896 +0500 +05 m=+15541.833356801
08/12/2022 19:15:54 | expiredJobsCron() - getting expired jobs 2022-12-08 19:15:54.4673467 +0500 +05 m=+15571.830813901
08/12/2022 19:16:24 | expiredJobsCron() - getting expired jobs 2022-12-08 19:16:24.4717437 +0500 +05 m=+15601.835210901
08/12/2022 19:16:54 | expiredJobsCron() - getting expired jobs 2022-12-08 19:16:54.4728601 +0500 +05 m=+15631.836327301
08/12/2022 19:17:24 | expiredJobsCron() - getting expired jobs 2022-12-08 19:17:24.4611505 +0500 +05 m=+15661.824617701
08/12/2022 19:17:54 | expiredJobsCron() - getting expired jobs 2022-12-08 19:17:54.4745701 +0500 +05 m=+15691.838037301
08/12/2022 19:18:24 | expiredJobsCron() - getting expired jobs 2022-12-08 19:18:24.4718627 +0500 +05 m=+15721.835329901
08/12/2022 19:18:54 | expiredJobsCron() - getting expired jobs 2022-12-08 19:18:54.4730666 +0500 +05 m=+15751.836533801
08/12/2022 19:19:24 | expiredJobsCron() - getting expired jobs 2022-12-08 19:19:24.4698493 +0500 +05 m=+15781.833316501
08/12/2022 19:19:54 | expiredJobsCron() - getting expired jobs 2022-12-08 19:19:54.4634835 +0500 +05 m=+15811.826950701
08/12/2022 19:20:24 | expiredJobsCron() - getting expired jobs 2022-12-08 19:20:24.4764552 +0500 +05 m=+15841.839922401
08/12/2022 19:20:54 | expiredJobsCron() - getting expired jobs 2022-12-08 19:20:54.4816706 +0500 +05 m=+15871.845137801
08/12/2022 19:21:24 | expiredJobsCron() - getting expired jobs 2022-12-08 19:21:24.4738901 +0500 +05 m=+15901.837357301
08/12/2022 19:21:54 | expiredJobsCron() - getting expired jobs 2022-12-08 19:21:54.464103 +0500 +05 m=+15931.827570201
08/12/2022 19:22:24 | expiredJobsCron() - getting expired jobs 2022-12-08 19:22:24.4628358 +0500 +05 m=+15961.826303001
08/12/2022 19:22:54 | expiredJobsCron() - getting expired jobs 2022-12-08 19:22:54.4752435 +0500 +05 m=+15991.838710701
08/12/2022 19:23:24 | expiredJobsCron() - getting expired jobs 2022-12-08 19:23:24.4700848 +0500 +05 m=+16021.833552001
08/12/2022 19:23:54 | expiredJobsCron() - getting expired jobs 2022-12-08 19:23:54.4757757 +0500 +05 m=+16051.839242901
08/12/2022 19:24:24 | expiredJobsCron() - getting expired jobs 2022-12-08 19:24:24.4655362 +0500 +05 m=+16081.829003401
08/12/2022 19:24:54 | expiredJobsCron() - getting expired jobs 2022-12-08 19:24:54.472706 +0500 +05 m=+16111.836173201
08/12/2022 19:25:24 | expiredJobsCron() - getting expired jobs 2022-12-08 19:25:24.4637787 +0500 +05 m=+16141.827245901
08/12/2022 19:25:54 | expiredJobsCron() - getting expired jobs 2022-12-08 19:25:54.4686312 +0500 +05 m=+16171.832098401
08/12/2022 19:26:24 | expiredJobsCron() - getting expired jobs 2022-12-08 19:26:24.4732485 +0500 +05 m=+16201.836715701
08/12/2022 19:26:54 | expiredJobsCron() - getting expired jobs 2022-12-08 19:26:54.4677282 +0500 +05 m=+16231.831195401
08/12/2022 19:27:24 | expiredJobsCron() - getting expired jobs 2022-12-08 19:27:24.4681917 +0500 +05 m=+16261.831658901
08/12/2022 19:27:54 | expiredJobsCron() - getting expired jobs 2022-12-08 19:27:54.4649574 +0500 +05 m=+16291.828424601
08/12/2022 19:28:24 | expiredJobsCron() - getting expired jobs 2022-12-08 19:28:24.4714951 +0500 +05 m=+16321.834962301
08/12/2022 19:28:54 | expiredJobsCron() - getting expired jobs 2022-12-08 19:28:54.470902 +0500 +05 m=+16351.834369201
08/12/2022 19:29:24 | expiredJobsCron() - getting expired jobs 2022-12-08 19:29:24.4645349 +0500 +05 m=+16381.828002101
08/12/2022 19:29:54 | expiredJobsCron() - getting expired jobs 2022-12-08 19:29:54.4737171 +0500 +05 m=+16411.837184301
08/12/2022 19:30:24 | expiredJobsCron() - getting expired jobs 2022-12-08 19:30:24.465844 +0500 +05 m=+16441.829311201
08/12/2022 19:30:54 | expiredJobsCron() - getting expired jobs 2022-12-08 19:30:54.4743479 +0500 +05 m=+16471.837815101
08/12/2022 19:31:24 | expiredJobsCron() - getting expired jobs 2022-12-08 19:31:24.4723765 +0500 +05 m=+16501.835843701
08/12/2022 19:31:54 | expiredJobsCron() - getting expired jobs 2022-12-08 19:31:54.4760956 +0500 +05 m=+16531.839562801
08/12/2022 19:32:24 | expiredJobsCron() - getting expired jobs 2022-12-08 19:32:24.4662856 +0500 +05 m=+16561.829752801
08/12/2022 19:32:54 | expiredJobsCron() - getting expired jobs 2022-12-08 19:32:54.473704 +0500 +05 m=+16591.837171201
08/12/2022 19:33:24 | expiredJobsCron() - getting expired jobs 2022-12-08 19:33:24.463959 +0500 +05 m=+16621.827426201
08/12/2022 19:33:54 | expiredJobsCron() - getting expired jobs 2022-12-08 19:33:54.467792 +0500 +05 m=+16651.831259201
08/12/2022 19:34:24 | expiredJobsCron() - getting expired jobs 2022-12-08 19:34:24.4714398 +0500 +05 m=+16681.834907001
08/12/2022 19:34:54 | expiredJobsCron() - getting expired jobs 2022-12-08 19:34:54.4695043 +0500 +05 m=+16711.832971501
08/12/2022 19:35:24 | expiredJobsCron() - getting expired jobs 2022-12-08 19:35:24.4638619 +0500 +05 m=+16741.827329101
08/12/2022 19:35:54 | expiredJobsCron() - getting expired jobs 2022-12-08 19:35:54.472055 +0500 +05 m=+16771.835522201
08/12/2022 19:36:24 | expiredJobsCron() - getting expired jobs 2022-12-08 19:36:24.4633018 +0500 +05 m=+16801.826769001
08/12/2022 19:36:54 | expiredJobsCron() - getting expired jobs 2022-12-08 19:36:54.4672143 +0500 +05 m=+16831.830681501
08/12/2022 19:37:24 | expiredJobsCron() - getting expired jobs 2022-12-08 19:37:24.4716282 +0500 +05 m=+16861.835095401
08/12/2022 19:37:54 | expiredJobsCron() - getting expired jobs 2022-12-08 19:37:54.4754877 +0500 +05 m=+16891.838954901
08/12/2022 19:38:24 | expiredJobsCron() - getting expired jobs 2022-12-08 19:38:24.4745534 +0500 +05 m=+16921.838020601
08/12/2022 19:38:54 | expiredJobsCron() - getting expired jobs 2022-12-08 19:38:54.4734672 +0500 +05 m=+16951.836934401
08/12/2022 19:39:24 | expiredJobsCron() - getting expired jobs 2022-12-08 19:39:24.4700229 +0500 +05 m=+16981.833490101
08/12/2022 19:39:54 | expiredJobsCron() - getting expired jobs 2022-12-08 19:39:54.4701062 +0500 +05 m=+17011.833573401
08/12/2022 19:40:24 | expiredJobsCron() - getting expired jobs 2022-12-08 19:40:24.4621307 +0500 +05 m=+17041.825597901
08/12/2022 19:40:54 | expiredJobsCron() - getting expired jobs 2022-12-08 19:40:54.4695341 +0500 +05 m=+17071.833001301
08/12/2022 19:41:24 | expiredJobsCron() - getting expired jobs 2022-12-08 19:41:24.4656468 +0500 +05 m=+17101.829114001
08/12/2022 19:41:54 | expiredJobsCron() - getting expired jobs 2022-12-08 19:41:54.4735953 +0500 +05 m=+17131.837062501
08/12/2022 19:42:24 | expiredJobsCron() - getting expired jobs 2022-12-08 19:42:24.4709082 +0500 +05 m=+17161.834375401
08/12/2022 19:42:54 | expiredJobsCron() - getting expired jobs 2022-12-08 19:42:54.461978 +0500 +05 m=+17191.825445201
08/12/2022 19:43:24 | expiredJobsCron() - getting expired jobs 2022-12-08 19:43:24.4675472 +0500 +05 m=+17221.831014401
08/12/2022 19:43:54 | expiredJobsCron() - getting expired jobs 2022-12-08 19:43:54.4690742 +0500 +05 m=+17251.832541401
08/12/2022 19:44:24 | expiredJobsCron() - getting expired jobs 2022-12-08 19:44:24.4701667 +0500 +05 m=+17281.833633901
08/12/2022 19:44:54 | expiredJobsCron() - getting expired jobs 2022-12-08 19:44:54.4621671 +0500 +05 m=+17311.825634301
08/12/2022 19:45:24 | expiredJobsCron() - getting expired jobs 2022-12-08 19:45:24.4762046 +0500 +05 m=+17341.839671801
08/12/2022 19:45:54 | expiredJobsCron() - getting expired jobs 2022-12-08 19:45:54.4738062 +0500 +05 m=+17371.837273401
08/12/2022 19:46:24 | expiredJobsCron() - getting expired jobs 2022-12-08 19:46:24.4758135 +0500 +05 m=+17401.839280701
08/12/2022 19:46:54 | expiredJobsCron() - getting expired jobs 2022-12-08 19:46:54.47509 +0500 +05 m=+17431.838557201
08/12/2022 19:47:24 | expiredJobsCron() - getting expired jobs 2022-12-08 19:47:24.4641284 +0500 +05 m=+17461.827595601
08/12/2022 19:47:54 | expiredJobsCron() - getting expired jobs 2022-12-08 19:47:54.4662926 +0500 +05 m=+17491.829759801
08/12/2022 19:48:24 | expiredJobsCron() - getting expired jobs 2022-12-08 19:48:24.4685686 +0500 +05 m=+17521.832035801
08/12/2022 19:48:54 | expiredJobsCron() - getting expired jobs 2022-12-08 19:48:54.4643751 +0500 +05 m=+17551.827842301
08/12/2022 19:49:24 | expiredJobsCron() - getting expired jobs 2022-12-08 19:49:24.462548 +0500 +05 m=+17581.826015201
08/12/2022 19:49:54 | expiredJobsCron() - getting expired jobs 2022-12-08 19:49:54.4672268 +0500 +05 m=+17611.830694001
08/12/2022 19:50:24 | expiredJobsCron() - getting expired jobs 2022-12-08 19:50:24.4697771 +0500 +05 m=+17641.833244301
08/12/2022 19:50:54 | expiredJobsCron() - getting expired jobs 2022-12-08 19:50:54.4647092 +0500 +05 m=+17671.828176401
08/12/2022 19:51:24 | expiredJobsCron() - getting expired jobs 2022-12-08 19:51:24.4738931 +0500 +05 m=+17701.837360301
08/12/2022 19:51:54 | expiredJobsCron() - getting expired jobs 2022-12-08 19:51:54.4667543 +0500 +05 m=+17731.830221501
08/12/2022 19:52:24 | expiredJobsCron() - getting expired jobs 2022-12-08 19:52:24.4613539 +0500 +05 m=+17761.824821101
08/12/2022 19:52:54 | expiredJobsCron() - getting expired jobs 2022-12-08 19:52:54.4633201 +0500 +05 m=+17791.826787301
08/12/2022 19:53:24 | expiredJobsCron() - getting expired jobs 2022-12-08 19:53:24.4682194 +0500 +05 m=+17821.831686601
08/12/2022 19:53:54 | expiredJobsCron() - getting expired jobs 2022-12-08 19:53:54.4755891 +0500 +05 m=+17851.839056301
08/12/2022 19:54:24 | expiredJobsCron() - getting expired jobs 2022-12-08 19:54:24.4633731 +0500 +05 m=+17881.826840301
08/12/2022 19:54:54 | expiredJobsCron() - getting expired jobs 2022-12-08 19:54:54.4663616 +0500 +05 m=+17911.829828801
08/12/2022 19:55:24 | expiredJobsCron() - getting expired jobs 2022-12-08 19:55:24.4723713 +0500 +05 m=+17941.835838501
08/12/2022 19:55:54 | expiredJobsCron() - getting expired jobs 2022-12-08 19:55:54.465084 +0500 +05 m=+17971.828551201
08/12/2022 19:56:24 | expiredJobsCron() - getting expired jobs 2022-12-08 19:56:24.4647433 +0500 +05 m=+18001.828210501
08/12/2022 19:56:54 | expiredJobsCron() - getting expired jobs 2022-12-08 19:56:54.469738 +0500 +05 m=+18031.833205201
08/12/2022 19:57:24 | expiredJobsCron() - getting expired jobs 2022-12-08 19:57:24.4706777 +0500 +05 m=+18061.834144901
08/12/2022 19:57:54 | expiredJobsCron() - getting expired jobs 2022-12-08 19:57:54.4655334 +0500 +05 m=+18091.829000601
08/12/2022 19:58:24 | expiredJobsCron() - getting expired jobs 2022-12-08 19:58:24.4636951 +0500 +05 m=+18121.827162301
08/12/2022 19:58:54 | expiredJobsCron() - getting expired jobs 2022-12-08 19:58:54.4727578 +0500 +05 m=+18151.836225001
08/12/2022 20:00:16 | AddListener() - `discount_removed` listener added
08/12/2022 20:00:16 | AddListener() - `add_discount` listener added
08/12/2022 20:00:16 | AddListener() - `auction_finished` listener added
08/12/2022 20:00:16 | AddListener() - `auction_removed` listener added
08/12/2022 20:00:16 | AddListener() - `permission_started` listener added
08/12/2022 20:00:16 | AddListener() - `permission_ended` listener added
08/12/2022 20:00:16 | channelCron() - Started at: 2022-12-08 20:00:16.7012979 +0500 +05 m=+0.717500801
08/12/2022 20:00:46 | expiredJobsCron() - getting expired jobs 2022-12-08 20:00:46.7084842 +0500 +05 m=+30.724687101
08/12/2022 20:01:16 | expiredJobsCron() - getting expired jobs 2022-12-08 20:01:16.7047413 +0500 +05 m=+60.720944201
08/12/2022 20:01:46 | expiredJobsCron() - getting expired jobs 2022-12-08 20:01:46.703665 +0500 +05 m=+90.719867901
08/12/2022 20:02:16 | expiredJobsCron() - getting expired jobs 2022-12-08 20:02:16.7114747 +0500 +05 m=+120.727677601
08/12/2022 20:02:46 | expiredJobsCron() - getting expired jobs 2022-12-08 20:02:46.7062879 +0500 +05 m=+150.722490801
08/12/2022 20:03:16 | expiredJobsCron() - getting expired jobs 2022-12-08 20:03:16.70421 +0500 +05 m=+180.720412901
08/12/2022 20:03:46 | expiredJobsCron() - getting expired jobs 2022-12-08 20:03:46.702669 +0500 +05 m=+210.718871901
08/12/2022 20:04:15 | expiredJobsCron() - getting expired jobs 2022-12-08 20:04:15.5567342 +0500 +05 m=+240.725841701
08/12/2022 20:04:45 | expiredJobsCron() - getting expired jobs 2022-12-08 20:04:45.5614727 +0500 +05 m=+270.730580201
08/12/2022 20:05:15 | expiredJobsCron() - getting expired jobs 2022-12-08 20:05:15.5558742 +0500 +05 m=+300.724981701
08/12/2022 20:05:45 | expiredJobsCron() - getting expired jobs 2022-12-08 20:05:45.5538696 +0500 +05 m=+330.722977101
08/12/2022 20:06:15 | expiredJobsCron() - getting expired jobs 2022-12-08 20:06:15.5616339 +0500 +05 m=+360.730741401
08/12/2022 20:06:45 | expiredJobsCron() - getting expired jobs 2022-12-08 20:06:45.5602749 +0500 +05 m=+390.729382401
08/12/2022 20:07:15 | expiredJobsCron() - getting expired jobs 2022-12-08 20:07:15.5537031 +0500 +05 m=+420.722810601
