**************************************
  Name: OjoCronService
  Created at: 09/12/2022 17:51:22
**************************************

09/12/2022 17:51:23 | AddListener() - `discount_removed` listener added
09/12/2022 17:51:23 | AddListener() - `add_discount` listener added
09/12/2022 17:51:23 | AddListener() - `auction_finished` listener added
09/12/2022 17:51:23 | AddListener() - `auction_removed` listener added
09/12/2022 17:51:23 | channelCron() - Started at: 2022-12-09 17:51:23.4073642 +0500 +05 m=+0.786166101
09/12/2022 17:51:23 | AddListener() - `permission_started` listener added
09/12/2022 17:51:23 | AddListener() - `permission_ended` listener added
09/12/2022 17:51:53 | expiredJobsCron() - getting expired jobs 2022-12-09 17:51:53.4112957 +0500 +05 m=+30.790097601
09/12/2022 17:52:23 | expiredJobsCron() - getting expired jobs 2022-12-09 17:52:23.422976 +0500 +05 m=+60.801777901
09/12/2022 17:52:53 | expiredJobsCron() - getting expired jobs 2022-12-09 17:52:53.4185642 +0500 +05 m=+90.797366101
09/12/2022 17:53:23 | expiredJobsCron() - getting expired jobs 2022-12-09 17:53:23.4137187 +0500 +05 m=+120.792520601
09/12/2022 17:53:53 | expiredJobsCron() - getting expired jobs 2022-12-09 17:53:53.4151938 +0500 +05 m=+150.793995701
09/12/2022 17:54:23 | expiredJobsCron() - getting expired jobs 2022-12-09 17:54:23.4192522 +0500 +05 m=+180.798054101
09/12/2022 17:54:53 | expiredJobsCron() - getting expired jobs 2022-12-09 17:54:53.4222398 +0500 +05 m=+210.801041701
09/12/2022 17:55:23 | expiredJobsCron() - getting expired jobs 2022-12-09 17:55:23.4231267 +0500 +05 m=+240.801928601
09/12/2022 17:55:53 | expiredJobsCron() - getting expired jobs 2022-12-09 17:55:53.4195243 +0500 +05 m=+270.798326201
09/12/2022 17:56:23 | expiredJobsCron() - getting expired jobs 2022-12-09 17:56:23.4147647 +0500 +05 m=+300.793566601
09/12/2022 17:56:53 | expiredJobsCron() - getting expired jobs 2022-12-09 17:56:53.4117024 +0500 +05 m=+330.790504301
09/12/2022 17:57:23 | expiredJobsCron() - getting expired jobs 2022-12-09 17:57:23.4215078 +0500 +05 m=+360.800309701
09/12/2022 17:57:53 | expiredJobsCron() - getting expired jobs 2022-12-09 17:57:53.4173358 +0500 +05 m=+390.796137701
09/12/2022 17:58:23 | expiredJobsCron() - getting expired jobs 2022-12-09 17:58:23.4078089 +0500 +05 m=+420.786610801
09/12/2022 17:58:53 | expiredJobsCron() - getting expired jobs 2022-12-09 17:58:53.4076349 +0500 +05 m=+450.786436801
09/12/2022 17:59:23 | expiredJobsCron() - getting expired jobs 2022-12-09 17:59:23.4099905 +0500 +05 m=+480.788792401
09/12/2022 17:59:53 | expiredJobsCron() - getting expired jobs 2022-12-09 17:59:53.4172179 +0500 +05 m=+510.796019801
09/12/2022 18:00:23 | expiredJobsCron() - getting expired jobs 2022-12-09 18:00:23.4114373 +0500 +05 m=+540.790239201
09/12/2022 18:00:53 | expiredJobsCron() - getting expired jobs 2022-12-09 18:00:53.4088477 +0500 +05 m=+570.787649601
09/12/2022 18:01:23 | expiredJobsCron() - getting expired jobs 2022-12-09 18:01:23.4145 +0500 +05 m=+600.793301901
09/12/2022 18:01:53 | expiredJobsCron() - getting expired jobs 2022-12-09 18:01:53.4084219 +0500 +05 m=+630.787223801
09/12/2022 18:02:23 | expiredJobsCron() - getting expired jobs 2022-12-09 18:02:23.4179445 +0500 +05 m=+660.796746401
09/12/2022 18:02:53 | expiredJobsCron() - getting expired jobs 2022-12-09 18:02:53.411374 +0500 +05 m=+690.790175901
09/12/2022 18:03:23 | expiredJobsCron() - getting expired jobs 2022-12-09 18:03:23.4152668 +0500 +05 m=+720.794068701
09/12/2022 18:03:53 | expiredJobsCron() - getting expired jobs 2022-12-09 18:03:53.4094252 +0500 +05 m=+750.788227101
09/12/2022 18:04:23 | expiredJobsCron() - getting expired jobs 2022-12-09 18:04:23.4130976 +0500 +05 m=+780.791899501
09/12/2022 18:04:53 | expiredJobsCron() - getting expired jobs 2022-12-09 18:04:53.4202036 +0500 +05 m=+810.799005501
09/12/2022 18:05:23 | expiredJobsCron() - getting expired jobs 2022-12-09 18:05:23.4186113 +0500 +05 m=+840.797413201
09/12/2022 18:05:53 | expiredJobsCron() - getting expired jobs 2022-12-09 18:05:53.4187066 +0500 +05 m=+870.797508501
09/12/2022 18:06:23 | expiredJobsCron() - getting expired jobs 2022-12-09 18:06:23.4105397 +0500 +05 m=+900.789341601
09/12/2022 18:06:53 | expiredJobsCron() - getting expired jobs 2022-12-09 18:06:53.4164411 +0500 +05 m=+930.795243001
09/12/2022 18:07:23 | expiredJobsCron() - getting expired jobs 2022-12-09 18:07:23.4205037 +0500 +05 m=+960.799305601
09/12/2022 18:07:53 | expiredJobsCron() - getting expired jobs 2022-12-09 18:07:53.4180969 +0500 +05 m=+990.796898801
09/12/2022 18:08:23 | expiredJobsCron() - getting expired jobs 2022-12-09 18:08:23.4171811 +0500 +05 m=+1020.795983001
09/12/2022 18:08:53 | expiredJobsCron() - getting expired jobs 2022-12-09 18:08:53.4154433 +0500 +05 m=+1050.794245201
09/12/2022 18:09:23 | expiredJobsCron() - getting expired jobs 2022-12-09 18:09:23.4161833 +0500 +05 m=+1080.794985201
09/12/2022 18:09:53 | expiredJobsCron() - getting expired jobs 2022-12-09 18:09:53.4107299 +0500 +05 m=+1110.789531801
09/12/2022 18:10:23 | expiredJobsCron() - getting expired jobs 2022-12-09 18:10:23.4074621 +0500 +05 m=+1140.786264001
09/12/2022 18:10:53 | expiredJobsCron() - getting expired jobs 2022-12-09 18:10:53.413997 +0500 +05 m=+1170.792798901
09/12/2022 18:11:23 | expiredJobsCron() - getting expired jobs 2022-12-09 18:11:23.4172139 +0500 +05 m=+1200.796015801
09/12/2022 18:11:53 | expiredJobsCron() - getting expired jobs 2022-12-09 18:11:53.4119394 +0500 +05 m=+1230.790741301
09/12/2022 18:12:23 | expiredJobsCron() - getting expired jobs 2022-12-09 18:12:23.4220475 +0500 +05 m=+1260.800849401
09/12/2022 18:12:53 | expiredJobsCron() - getting expired jobs 2022-12-09 18:12:53.4184909 +0500 +05 m=+1290.797292801
09/12/2022 18:13:23 | expiredJobsCron() - getting expired jobs 2022-12-09 18:13:23.4097607 +0500 +05 m=+1320.788562601
09/12/2022 18:13:53 | expiredJobsCron() - getting expired jobs 2022-12-09 18:13:53.4156301 +0500 +05 m=+1350.794432001
09/12/2022 18:14:23 | expiredJobsCron() - getting expired jobs 2022-12-09 18:14:23.4161437 +0500 +05 m=+1380.794945601
09/12/2022 18:14:53 | expiredJobsCron() - getting expired jobs 2022-12-09 18:14:53.4179927 +0500 +05 m=+1410.796794601
09/12/2022 18:15:23 | expiredJobsCron() - getting expired jobs 2022-12-09 18:15:23.4134107 +0500 +05 m=+1440.792212601
09/12/2022 18:15:53 | expiredJobsCron() - getting expired jobs 2022-12-09 18:15:53.4203442 +0500 +05 m=+1470.799146101
09/12/2022 18:16:23 | expiredJobsCron() - getting expired jobs 2022-12-09 18:16:23.421846 +0500 +05 m=+1500.800647901
09/12/2022 18:16:53 | expiredJobsCron() - getting expired jobs 2022-12-09 18:16:53.420802 +0500 +05 m=+1530.799603901
09/12/2022 18:17:23 | expiredJobsCron() - getting expired jobs 2022-12-09 18:17:23.4216854 +0500 +05 m=+1560.800487301
09/12/2022 18:17:53 | expiredJobsCron() - getting expired jobs 2022-12-09 18:17:53.4129838 +0500 +05 m=+1590.791785701
09/12/2022 18:18:23 | expiredJobsCron() - getting expired jobs 2022-12-09 18:18:23.412339 +0500 +05 m=+1620.791140901
09/12/2022 18:18:53 | expiredJobsCron() - getting expired jobs 2022-12-09 18:18:53.417057 +0500 +05 m=+1650.795858901
09/12/2022 18:19:23 | expiredJobsCron() - getting expired jobs 2022-12-09 18:19:23.4096869 +0500 +05 m=+1680.788488801
09/12/2022 18:19:53 | expiredJobsCron() - getting expired jobs 2022-12-09 18:19:53.4151506 +0500 +05 m=+1710.793952501
09/12/2022 18:20:23 | expiredJobsCron() - getting expired jobs 2022-12-09 18:20:23.4199225 +0500 +05 m=+1740.798724401
09/12/2022 18:20:53 | expiredJobsCron() - getting expired jobs 2022-12-09 18:20:53.4127174 +0500 +05 m=+1770.791519301
09/12/2022 18:21:23 | expiredJobsCron() - getting expired jobs 2022-12-09 18:21:23.412835 +0500 +05 m=+1800.791636901
09/12/2022 18:21:53 | expiredJobsCron() - getting expired jobs 2022-12-09 18:21:53.4134284 +0500 +05 m=+1830.792230301
09/12/2022 18:22:23 | expiredJobsCron() - getting expired jobs 2022-12-09 18:22:23.4103388 +0500 +05 m=+1860.789140701
09/12/2022 18:22:53 | expiredJobsCron() - getting expired jobs 2022-12-09 18:22:53.419929 +0500 +05 m=+1890.798730901
09/12/2022 18:23:23 | expiredJobsCron() - getting expired jobs 2022-12-09 18:23:23.4120822 +0500 +05 m=+1920.790884101
09/12/2022 18:23:53 | expiredJobsCron() - getting expired jobs 2022-12-09 18:23:53.4126759 +0500 +05 m=+1950.791477801
09/12/2022 18:24:23 | expiredJobsCron() - getting expired jobs 2022-12-09 18:24:23.4082639 +0500 +05 m=+1980.787065801
09/12/2022 18:24:53 | expiredJobsCron() - getting expired jobs 2022-12-09 18:24:53.4152709 +0500 +05 m=+2010.794072801
09/12/2022 18:25:23 | expiredJobsCron() - getting expired jobs 2022-12-09 18:25:23.4145443 +0500 +05 m=+2040.793346201
09/12/2022 18:25:53 | expiredJobsCron() - getting expired jobs 2022-12-09 18:25:53.4215173 +0500 +05 m=+2070.800319201
09/12/2022 18:26:23 | expiredJobsCron() - getting expired jobs 2022-12-09 18:26:23.4203364 +0500 +05 m=+2100.799138301
09/12/2022 18:26:53 | expiredJobsCron() - getting expired jobs 2022-12-09 18:26:53.4093915 +0500 +05 m=+2130.788193401
09/12/2022 18:27:23 | expiredJobsCron() - getting expired jobs 2022-12-09 18:27:23.4122561 +0500 +05 m=+2160.791058001
09/12/2022 18:27:53 | expiredJobsCron() - getting expired jobs 2022-12-09 18:27:53.4123669 +0500 +05 m=+2190.791168801
09/12/2022 18:28:23 | expiredJobsCron() - getting expired jobs 2022-12-09 18:28:23.4158482 +0500 +05 m=+2220.794650101
09/12/2022 18:28:53 | expiredJobsCron() - getting expired jobs 2022-12-09 18:28:53.4102332 +0500 +05 m=+2250.789035101
09/12/2022 18:29:23 | expiredJobsCron() - getting expired jobs 2022-12-09 18:29:23.4084841 +0500 +05 m=+2280.787286001
09/12/2022 18:29:53 | expiredJobsCron() - getting expired jobs 2022-12-09 18:29:53.4188744 +0500 +05 m=+2310.797676301
09/12/2022 18:30:23 | expiredJobsCron() - getting expired jobs 2022-12-09 18:30:23.4164885 +0500 +05 m=+2340.795290401
09/12/2022 18:30:53 | expiredJobsCron() - getting expired jobs 2022-12-09 18:30:53.4312436 +0500 +05 m=+2370.810045501
09/12/2022 18:31:23 | expiredJobsCron() - getting expired jobs 2022-12-09 18:31:23.4174546 +0500 +05 m=+2400.796256501
09/12/2022 18:31:53 | expiredJobsCron() - getting expired jobs 2022-12-09 18:31:53.4154163 +0500 +05 m=+2430.794218201
09/12/2022 18:32:23 | expiredJobsCron() - getting expired jobs 2022-12-09 18:32:23.4124779 +0500 +05 m=+2460.791279801
09/12/2022 18:32:53 | expiredJobsCron() - getting expired jobs 2022-12-09 18:32:53.4152826 +0500 +05 m=+2490.794084501
09/12/2022 18:33:23 | expiredJobsCron() - getting expired jobs 2022-12-09 18:33:23.4143399 +0500 +05 m=+2520.793141801
09/12/2022 18:33:53 | expiredJobsCron() - getting expired jobs 2022-12-09 18:33:53.4150936 +0500 +05 m=+2550.793895501
09/12/2022 18:34:23 | expiredJobsCron() - getting expired jobs 2022-12-09 18:34:23.420732 +0500 +05 m=+2580.799533901
09/12/2022 18:34:53 | expiredJobsCron() - getting expired jobs 2022-12-09 18:34:53.4219251 +0500 +05 m=+2610.800727001
09/12/2022 18:35:23 | expiredJobsCron() - getting expired jobs 2022-12-09 18:35:23.4076181 +0500 +05 m=+2640.786420001
09/12/2022 18:35:53 | expiredJobsCron() - getting expired jobs 2022-12-09 18:35:53.4119713 +0500 +05 m=+2670.790773201
09/12/2022 18:36:23 | expiredJobsCron() - getting expired jobs 2022-12-09 18:36:23.4180647 +0500 +05 m=+2700.796866601
09/12/2022 18:36:53 | expiredJobsCron() - getting expired jobs 2022-12-09 18:36:53.4188441 +0500 +05 m=+2730.797646001
09/12/2022 18:37:23 | expiredJobsCron() - getting expired jobs 2022-12-09 18:37:23.4127322 +0500 +05 m=+2760.791534101
09/12/2022 18:37:53 | expiredJobsCron() - getting expired jobs 2022-12-09 18:37:53.4211365 +0500 +05 m=+2790.799938401
09/12/2022 18:38:23 | expiredJobsCron() - getting expired jobs 2022-12-09 18:38:23.4202031 +0500 +05 m=+2820.799005001
09/12/2022 18:38:53 | expiredJobsCron() - getting expired jobs 2022-12-09 18:38:53.4189196 +0500 +05 m=+2850.797721501
09/12/2022 18:39:23 | expiredJobsCron() - getting expired jobs 2022-12-09 18:39:23.4182647 +0500 +05 m=+2880.797066601
09/12/2022 18:39:53 | expiredJobsCron() - getting expired jobs 2022-12-09 18:39:53.4092225 +0500 +05 m=+2910.788024401
09/12/2022 18:40:23 | expiredJobsCron() - getting expired jobs 2022-12-09 18:40:23.4164022 +0500 +05 m=+2940.795204101
09/12/2022 18:40:53 | expiredJobsCron() - getting expired jobs 2022-12-09 18:40:53.41753 +0500 +05 m=+2970.796331901
09/12/2022 18:41:23 | expiredJobsCron() - getting expired jobs 2022-12-09 18:41:23.4099773 +0500 +05 m=+3000.788779201
09/12/2022 18:41:53 | expiredJobsCron() - getting expired jobs 2022-12-09 18:41:53.4124561 +0500 +05 m=+3030.791258001
09/12/2022 18:42:23 | expiredJobsCron() - getting expired jobs 2022-12-09 18:42:23.4154584 +0500 +05 m=+3060.794260301
09/12/2022 18:42:53 | expiredJobsCron() - getting expired jobs 2022-12-09 18:42:53.4105976 +0500 +05 m=+3090.789399501
09/12/2022 18:43:23 | expiredJobsCron() - getting expired jobs 2022-12-09 18:43:23.4214056 +0500 +05 m=+3120.800207501
09/12/2022 18:43:53 | expiredJobsCron() - getting expired jobs 2022-12-09 18:43:53.420889 +0500 +05 m=+3150.799690901
09/12/2022 18:44:23 | expiredJobsCron() - getting expired jobs 2022-12-09 18:44:23.4159093 +0500 +05 m=+3180.794711201
09/12/2022 18:44:53 | expiredJobsCron() - getting expired jobs 2022-12-09 18:44:53.4148264 +0500 +05 m=+3210.793628301
09/12/2022 18:45:23 | expiredJobsCron() - getting expired jobs 2022-12-09 18:45:23.420111 +0500 +05 m=+3240.798912901
09/12/2022 18:45:53 | expiredJobsCron() - getting expired jobs 2022-12-09 18:45:53.4121681 +0500 +05 m=+3270.790970001
09/12/2022 18:46:23 | expiredJobsCron() - getting expired jobs 2022-12-09 18:46:23.422519 +0500 +05 m=+3300.801320901
09/12/2022 18:46:53 | expiredJobsCron() - getting expired jobs 2022-12-09 18:46:53.4154174 +0500 +05 m=+3330.794219301
09/12/2022 18:47:23 | expiredJobsCron() - getting expired jobs 2022-12-09 18:47:23.4167008 +0500 +05 m=+3360.795502701
09/12/2022 18:47:53 | expiredJobsCron() - getting expired jobs 2022-12-09 18:47:53.4167927 +0500 +05 m=+3390.795594601
09/12/2022 18:48:23 | expiredJobsCron() - getting expired jobs 2022-12-09 18:48:23.4218727 +0500 +05 m=+3420.800674601
09/12/2022 18:48:53 | expiredJobsCron() - getting expired jobs 2022-12-09 18:48:53.419214 +0500 +05 m=+3450.798015901
09/12/2022 18:49:23 | expiredJobsCron() - getting expired jobs 2022-12-09 18:49:23.4219154 +0500 +05 m=+3480.800717301
09/12/2022 18:49:53 | expiredJobsCron() - getting expired jobs 2022-12-09 18:49:53.4101932 +0500 +05 m=+3510.788995101
09/12/2022 18:50:23 | expiredJobsCron() - getting expired jobs 2022-12-09 18:50:23.4169293 +0500 +05 m=+3540.795731201
09/12/2022 18:50:53 | expiredJobsCron() - getting expired jobs 2022-12-09 18:50:53.4126914 +0500 +05 m=+3570.791493301
09/12/2022 18:51:23 | expiredJobsCron() - getting expired jobs 2022-12-09 18:51:23.4192499 +0500 +05 m=+3600.798051801
09/12/2022 18:51:53 | expiredJobsCron() - getting expired jobs 2022-12-09 18:51:53.4201128 +0500 +05 m=+3630.798914701
09/12/2022 18:52:23 | expiredJobsCron() - getting expired jobs 2022-12-09 18:52:23.4112551 +0500 +05 m=+3660.790057001
09/12/2022 18:52:53 | expiredJobsCron() - getting expired jobs 2022-12-09 18:52:53.4212955 +0500 +05 m=+3690.800097401
09/12/2022 18:53:23 | expiredJobsCron() - getting expired jobs 2022-12-09 18:53:23.4088505 +0500 +05 m=+3720.787652401
09/12/2022 18:53:53 | expiredJobsCron() - getting expired jobs 2022-12-09 18:53:53.4150614 +0500 +05 m=+3750.793863301
09/12/2022 18:54:23 | expiredJobsCron() - getting expired jobs 2022-12-09 18:54:23.4120865 +0500 +05 m=+3780.790888401
09/12/2022 18:54:53 | expiredJobsCron() - getting expired jobs 2022-12-09 18:54:53.4150876 +0500 +05 m=+3810.793889501
09/12/2022 18:55:23 | expiredJobsCron() - getting expired jobs 2022-12-09 18:55:23.4212962 +0500 +05 m=+3840.800098101
09/12/2022 18:55:53 | expiredJobsCron() - getting expired jobs 2022-12-09 18:55:53.4124021 +0500 +05 m=+3870.791204001
09/12/2022 18:56:23 | expiredJobsCron() - getting expired jobs 2022-12-09 18:56:23.4120908 +0500 +05 m=+3900.790892701
09/12/2022 18:56:53 | expiredJobsCron() - getting expired jobs 2022-12-09 18:56:53.4129822 +0500 +05 m=+3930.791784101
09/12/2022 18:57:23 | expiredJobsCron() - getting expired jobs 2022-12-09 18:57:23.4158512 +0500 +05 m=+3960.794653101
09/12/2022 18:57:53 | expiredJobsCron() - getting expired jobs 2022-12-09 18:57:53.4167345 +0500 +05 m=+3990.795536401
09/12/2022 18:58:23 | expiredJobsCron() - getting expired jobs 2022-12-09 18:58:23.408433 +0500 +05 m=+4020.787234901
09/12/2022 18:58:53 | expiredJobsCron() - getting expired jobs 2022-12-09 18:58:53.4154962 +0500 +05 m=+4050.794298101
09/12/2022 18:59:23 | expiredJobsCron() - getting expired jobs 2022-12-09 18:59:23.4178896 +0500 +05 m=+4080.796691501
09/12/2022 18:59:53 | expiredJobsCron() - getting expired jobs 2022-12-09 18:59:53.4114104 +0500 +05 m=+4110.790212301
09/12/2022 19:00:23 | expiredJobsCron() - getting expired jobs 2022-12-09 19:00:23.4091122 +0500 +05 m=+4140.787914101
09/12/2022 19:00:53 | expiredJobsCron() - getting expired jobs 2022-12-09 19:00:53.4118013 +0500 +05 m=+4170.790603201
09/12/2022 19:01:23 | expiredJobsCron() - getting expired jobs 2022-12-09 19:01:23.4121925 +0500 +05 m=+4200.790994401
09/12/2022 19:01:53 | expiredJobsCron() - getting expired jobs 2022-12-09 19:01:53.4144751 +0500 +05 m=+4230.793277001
09/12/2022 19:02:23 | expiredJobsCron() - getting expired jobs 2022-12-09 19:02:23.408324 +0500 +05 m=+4260.787125901
09/12/2022 19:02:53 | expiredJobsCron() - getting expired jobs 2022-12-09 19:02:53.4221696 +0500 +05 m=+4290.800971501
09/12/2022 19:03:23 | expiredJobsCron() - getting expired jobs 2022-12-09 19:03:23.407977 +0500 +05 m=+4320.786778901
09/12/2022 19:03:53 | expiredJobsCron() - getting expired jobs 2022-12-09 19:03:53.4205082 +0500 +05 m=+4350.799310101
09/12/2022 19:04:23 | expiredJobsCron() - getting expired jobs 2022-12-09 19:04:23.4082379 +0500 +05 m=+4380.787039801
09/12/2022 19:04:53 | expiredJobsCron() - getting expired jobs 2022-12-09 19:04:53.4191737 +0500 +05 m=+4410.797975601
09/12/2022 19:05:23 | expiredJobsCron() - getting expired jobs 2022-12-09 19:05:23.4199384 +0500 +05 m=+4440.798740301
09/12/2022 19:05:53 | expiredJobsCron() - getting expired jobs 2022-12-09 19:05:53.4192269 +0500 +05 m=+4470.798028801
09/12/2022 19:06:23 | expiredJobsCron() - getting expired jobs 2022-12-09 19:06:23.4149699 +0500 +05 m=+4500.793771801
09/12/2022 19:06:53 | expiredJobsCron() - getting expired jobs 2022-12-09 19:06:53.4122601 +0500 +05 m=+4530.791062001
09/12/2022 19:07:23 | expiredJobsCron() - getting expired jobs 2022-12-09 19:07:23.4100928 +0500 +05 m=+4560.788894701
09/12/2022 19:07:53 | expiredJobsCron() - getting expired jobs 2022-12-09 19:07:53.4162137 +0500 +05 m=+4590.795015601
09/12/2022 19:08:23 | expiredJobsCron() - getting expired jobs 2022-12-09 19:08:23.4088849 +0500 +05 m=+4620.787686801
09/12/2022 19:08:53 | expiredJobsCron() - getting expired jobs 2022-12-09 19:08:53.4080041 +0500 +05 m=+4650.786806001
09/12/2022 19:09:23 | expiredJobsCron() - getting expired jobs 2022-12-09 19:09:23.4135163 +0500 +05 m=+4680.792318201
09/12/2022 19:09:53 | expiredJobsCron() - getting expired jobs 2022-12-09 19:09:53.4073692 +0500 +05 m=+4710.786171101
09/12/2022 19:10:23 | expiredJobsCron() - getting expired jobs 2022-12-09 19:10:23.4201986 +0500 +05 m=+4740.799000501
09/12/2022 19:10:53 | expiredJobsCron() - getting expired jobs 2022-12-09 19:10:53.4133589 +0500 +05 m=+4770.792160801
09/12/2022 19:11:23 | expiredJobsCron() - getting expired jobs 2022-12-09 19:11:23.4206989 +0500 +05 m=+4800.799500801
09/12/2022 19:11:53 | expiredJobsCron() - getting expired jobs 2022-12-09 19:11:53.422135 +0500 +05 m=+4830.800936901
09/12/2022 19:12:23 | expiredJobsCron() - getting expired jobs 2022-12-09 19:12:23.4150476 +0500 +05 m=+4860.793849501
09/12/2022 19:12:53 | expiredJobsCron() - getting expired jobs 2022-12-09 19:12:53.4186127 +0500 +05 m=+4890.797414601
09/12/2022 19:13:23 | expiredJobsCron() - getting expired jobs 2022-12-09 19:13:23.4295837 +0500 +05 m=+4920.808385601
09/12/2022 19:13:53 | expiredJobsCron() - getting expired jobs 2022-12-09 19:13:53.423873 +0500 +05 m=+4950.802674901
09/12/2022 19:14:23 | expiredJobsCron() - getting expired jobs 2022-12-09 19:14:23.4188906 +0500 +05 m=+4980.797692501
09/12/2022 19:14:53 | expiredJobsCron() - getting expired jobs 2022-12-09 19:14:53.42494 +0500 +05 m=+5010.803741901
09/12/2022 19:15:23 | expiredJobsCron() - getting expired jobs 2022-12-09 19:15:23.4217473 +0500 +05 m=+5040.800549201
09/12/2022 19:15:53 | expiredJobsCron() - getting expired jobs 2022-12-09 19:15:53.4157642 +0500 +05 m=+5070.794566101
09/12/2022 19:16:23 | expiredJobsCron() - getting expired jobs 2022-12-09 19:16:23.4205233 +0500 +05 m=+5100.799325201
09/12/2022 19:16:53 | expiredJobsCron() - getting expired jobs 2022-12-09 19:16:53.4129638 +0500 +05 m=+5130.791765701
09/12/2022 19:17:23 | expiredJobsCron() - getting expired jobs 2022-12-09 19:17:23.4080679 +0500 +05 m=+5160.786869801
09/12/2022 19:18:44 | AddListener() - `discount_removed` listener added
09/12/2022 19:18:44 | AddListener() - `add_discount` listener added
09/12/2022 19:18:44 | AddListener() - `auction_finished` listener added
09/12/2022 19:18:44 | AddListener() - `auction_removed` listener added
09/12/2022 19:18:44 | AddListener() - `permission_started` listener added
09/12/2022 19:18:44 | AddListener() - `permission_ended` listener added
09/12/2022 19:18:44 | channelCron() - Started at: 2022-12-09 19:18:44.2474821 +0500 +05 m=+0.699177301
09/12/2022 19:19:24 | AddListener() - `discount_removed` listener added
09/12/2022 19:19:24 | AddListener() - `add_discount` listener added
09/12/2022 19:19:24 | AddListener() - `auction_finished` listener added
09/12/2022 19:19:24 | AddListener() - `auction_removed` listener added
09/12/2022 19:19:24 | AddListener() - `permission_started` listener added
09/12/2022 19:19:24 | AddListener() - `permission_ended` listener added
09/12/2022 19:19:24 | channelCron() - Started at: 2022-12-09 19:19:24.4084576 +0500 +05 m=+0.692781001
09/12/2022 19:19:54 | expiredJobsCron() - getting expired jobs 2022-12-09 19:19:54.4155067 +0500 +05 m=+30.699830101
09/12/2022 19:20:24 | expiredJobsCron() - getting expired jobs 2022-12-09 19:20:24.4259159 +0500 +05 m=+60.710239301
09/12/2022 19:20:54 | expiredJobsCron() - getting expired jobs 2022-12-09 19:20:54.4217476 +0500 +05 m=+90.706071001
09/12/2022 19:21:24 | expiredJobsCron() - getting expired jobs 2022-12-09 19:21:24.4146772 +0500 +05 m=+120.699000601
09/12/2022 19:21:54 | expiredJobsCron() - getting expired jobs 2022-12-09 19:21:54.4211377 +0500 +05 m=+150.705461101
09/12/2022 19:22:24 | expiredJobsCron() - getting expired jobs 2022-12-09 19:22:24.4187337 +0500 +05 m=+180.703057101
09/12/2022 19:22:54 | expiredJobsCron() - getting expired jobs 2022-12-09 19:22:54.4313815 +0500 +05 m=+210.715704901
09/12/2022 19:23:24 | expiredJobsCron() - getting expired jobs 2022-12-09 19:23:24.4184454 +0500 +05 m=+240.702768801
09/12/2022 19:23:54 | expiredJobsCron() - getting expired jobs 2022-12-09 19:23:54.4162494 +0500 +05 m=+270.700572801
09/12/2022 19:24:24 | expiredJobsCron() - getting expired jobs 2022-12-09 19:24:24.4214798 +0500 +05 m=+300.705803201
09/12/2022 19:24:54 | expiredJobsCron() - getting expired jobs 2022-12-09 19:24:54.4107123 +0500 +05 m=+330.695035701
09/12/2022 19:25:24 | expiredJobsCron() - getting expired jobs 2022-12-09 19:25:24.4164552 +0500 +05 m=+360.700778601
09/12/2022 19:25:54 | expiredJobsCron() - getting expired jobs 2022-12-09 19:25:54.4203395 +0500 +05 m=+390.704662901
09/12/2022 19:26:24 | expiredJobsCron() - getting expired jobs 2022-12-09 19:26:24.4305959 +0500 +05 m=+420.714919301
09/12/2022 19:26:54 | expiredJobsCron() - getting expired jobs 2022-12-09 19:26:54.4220067 +0500 +05 m=+450.706330101
09/12/2022 19:27:24 | expiredJobsCron() - getting expired jobs 2022-12-09 19:27:24.4147974 +0500 +05 m=+480.699120801
09/12/2022 19:27:54 | expiredJobsCron() - getting expired jobs 2022-12-09 19:27:54.4151481 +0500 +05 m=+510.699471501
09/12/2022 19:28:24 | expiredJobsCron() - getting expired jobs 2022-12-09 19:28:24.4141628 +0500 +05 m=+540.698486201
09/12/2022 19:28:54 | expiredJobsCron() - getting expired jobs 2022-12-09 19:28:54.4156769 +0500 +05 m=+570.700000301
09/12/2022 19:29:24 | expiredJobsCron() - getting expired jobs 2022-12-09 19:29:24.4092962 +0500 +05 m=+600.693619601
09/12/2022 19:29:54 | expiredJobsCron() - getting expired jobs 2022-12-09 19:29:54.4090453 +0500 +05 m=+630.693368701
09/12/2022 19:30:24 | expiredJobsCron() - getting expired jobs 2022-12-09 19:30:24.4186322 +0500 +05 m=+660.702955601
09/12/2022 19:30:54 | expiredJobsCron() - getting expired jobs 2022-12-09 19:30:54.4171909 +0500 +05 m=+690.701514301
09/12/2022 19:31:24 | expiredJobsCron() - getting expired jobs 2022-12-09 19:31:24.4176706 +0500 +05 m=+720.701994001
09/12/2022 19:31:54 | expiredJobsCron() - getting expired jobs 2022-12-09 19:31:54.409648 +0500 +05 m=+750.693971401
09/12/2022 19:32:24 | expiredJobsCron() - getting expired jobs 2022-12-09 19:32:24.4231347 +0500 +05 m=+780.707458101
09/12/2022 19:32:54 | expiredJobsCron() - getting expired jobs 2022-12-09 19:32:54.4197942 +0500 +05 m=+810.704117601
09/12/2022 19:33:24 | expiredJobsCron() - getting expired jobs 2022-12-09 19:33:24.41199 +0500 +05 m=+840.696313401
09/12/2022 19:33:54 | expiredJobsCron() - getting expired jobs 2022-12-09 19:33:54.4199819 +0500 +05 m=+870.704305301
09/12/2022 19:34:24 | expiredJobsCron() - getting expired jobs 2022-12-09 19:34:24.4116218 +0500 +05 m=+900.695945201
09/12/2022 19:34:54 | expiredJobsCron() - getting expired jobs 2022-12-09 19:34:54.4096063 +0500 +05 m=+930.693929701
09/12/2022 19:35:24 | expiredJobsCron() - getting expired jobs 2022-12-09 19:35:24.4209341 +0500 +05 m=+960.705257501
09/12/2022 19:35:54 | expiredJobsCron() - getting expired jobs 2022-12-09 19:35:54.4110955 +0500 +05 m=+990.695418901
09/12/2022 19:36:24 | expiredJobsCron() - getting expired jobs 2022-12-09 19:36:24.4213169 +0500 +05 m=+1020.705640301
09/12/2022 19:36:54 | expiredJobsCron() - getting expired jobs 2022-12-09 19:36:54.4135762 +0500 +05 m=+1050.697899601
09/12/2022 19:37:24 | expiredJobsCron() - getting expired jobs 2022-12-09 19:37:24.4122212 +0500 +05 m=+1080.696544601
09/12/2022 19:37:54 | expiredJobsCron() - getting expired jobs 2022-12-09 19:37:54.422307 +0500 +05 m=+1110.706630401
09/12/2022 19:38:24 | expiredJobsCron() - getting expired jobs 2022-12-09 19:38:24.4240369 +0500 +05 m=+1140.708360301
09/12/2022 19:38:54 | expiredJobsCron() - getting expired jobs 2022-12-09 19:38:54.4195469 +0500 +05 m=+1170.703870301
09/12/2022 19:39:24 | expiredJobsCron() - getting expired jobs 2022-12-09 19:39:24.4145067 +0500 +05 m=+1200.698830101
09/12/2022 19:39:54 | expiredJobsCron() - getting expired jobs 2022-12-09 19:39:54.4188632 +0500 +05 m=+1230.703186601
09/12/2022 19:40:24 | expiredJobsCron() - getting expired jobs 2022-12-09 19:40:24.4166016 +0500 +05 m=+1260.700925001
09/12/2022 19:40:54 | expiredJobsCron() - getting expired jobs 2022-12-09 19:40:54.4107876 +0500 +05 m=+1290.695111001
09/12/2022 19:41:24 | expiredJobsCron() - getting expired jobs 2022-12-09 19:41:24.419265 +0500 +05 m=+1320.703588401
09/12/2022 19:41:54 | expiredJobsCron() - getting expired jobs 2022-12-09 19:41:54.4226775 +0500 +05 m=+1350.707000901
09/12/2022 19:42:24 | expiredJobsCron() - getting expired jobs 2022-12-09 19:42:24.4101029 +0500 +05 m=+1380.694426301
09/12/2022 19:42:54 | expiredJobsCron() - getting expired jobs 2022-12-09 19:42:54.4193629 +0500 +05 m=+1410.703686301
09/12/2022 19:43:24 | expiredJobsCron() - getting expired jobs 2022-12-09 19:43:24.4168523 +0500 +05 m=+1440.701175701
09/12/2022 19:43:54 | expiredJobsCron() - getting expired jobs 2022-12-09 19:43:54.4116525 +0500 +05 m=+1470.695975901
09/12/2022 19:44:24 | expiredJobsCron() - getting expired jobs 2022-12-09 19:44:24.4134111 +0500 +05 m=+1500.697734501
09/12/2022 19:44:54 | expiredJobsCron() - getting expired jobs 2022-12-09 19:44:54.4165393 +0500 +05 m=+1530.700862701
09/12/2022 19:45:24 | expiredJobsCron() - getting expired jobs 2022-12-09 19:45:24.4085982 +0500 +05 m=+1560.692921601
09/12/2022 19:45:54 | expiredJobsCron() - getting expired jobs 2022-12-09 19:45:54.4207039 +0500 +05 m=+1590.705027301
09/12/2022 19:46:24 | expiredJobsCron() - getting expired jobs 2022-12-09 19:46:24.4167025 +0500 +05 m=+1620.701025901
09/12/2022 19:46:54 | expiredJobsCron() - getting expired jobs 2022-12-09 19:46:54.4123031 +0500 +05 m=+1650.696626501
09/12/2022 19:47:24 | expiredJobsCron() - getting expired jobs 2022-12-09 19:47:24.4092595 +0500 +05 m=+1680.693582901
09/12/2022 19:47:54 | expiredJobsCron() - getting expired jobs 2022-12-09 19:47:54.4420805 +0500 +05 m=+1710.726403901
09/12/2022 19:48:24 | expiredJobsCron() - getting expired jobs 2022-12-09 19:48:24.4218437 +0500 +05 m=+1740.706167101
09/12/2022 19:48:54 | expiredJobsCron() - getting expired jobs 2022-12-09 19:48:54.4236681 +0500 +05 m=+1770.707991501
09/12/2022 19:49:24 | expiredJobsCron() - getting expired jobs 2022-12-09 19:49:24.4182595 +0500 +05 m=+1800.702582901
09/12/2022 19:49:54 | expiredJobsCron() - getting expired jobs 2022-12-09 19:49:54.4225014 +0500 +05 m=+1830.706824801
09/12/2022 19:50:24 | expiredJobsCron() - getting expired jobs 2022-12-09 19:50:24.4154044 +0500 +05 m=+1860.699727801
09/12/2022 19:50:54 | expiredJobsCron() - getting expired jobs 2022-12-09 19:50:54.4231618 +0500 +05 m=+1890.707485201
09/12/2022 19:51:24 | expiredJobsCron() - getting expired jobs 2022-12-09 19:51:24.4124918 +0500 +05 m=+1920.696815201
09/12/2022 19:51:54 | expiredJobsCron() - getting expired jobs 2022-12-09 19:51:54.4161621 +0500 +05 m=+1950.700485501
09/12/2022 19:52:24 | expiredJobsCron() - getting expired jobs 2022-12-09 19:52:24.421439 +0500 +05 m=+1980.705762401
09/12/2022 19:52:54 | expiredJobsCron() - getting expired jobs 2022-12-09 19:52:54.4094376 +0500 +05 m=+2010.693761001
09/12/2022 19:53:24 | expiredJobsCron() - getting expired jobs 2022-12-09 19:53:24.4231026 +0500 +05 m=+2040.707426001
09/12/2022 19:53:54 | expiredJobsCron() - getting expired jobs 2022-12-09 19:53:54.4180661 +0500 +05 m=+2070.702389501
09/12/2022 19:54:24 | expiredJobsCron() - getting expired jobs 2022-12-09 19:54:24.4252425 +0500 +05 m=+2100.709565901
09/12/2022 19:54:54 | expiredJobsCron() - getting expired jobs 2022-12-09 19:54:54.4118953 +0500 +05 m=+2130.696218701
09/12/2022 19:55:24 | expiredJobsCron() - getting expired jobs 2022-12-09 19:55:24.4139203 +0500 +05 m=+2160.698243701
09/12/2022 19:55:54 | expiredJobsCron() - getting expired jobs 2022-12-09 19:55:54.4112108 +0500 +05 m=+2190.695534201
09/12/2022 19:56:24 | expiredJobsCron() - getting expired jobs 2022-12-09 19:56:24.4228084 +0500 +05 m=+2220.707131801
09/12/2022 19:56:54 | expiredJobsCron() - getting expired jobs 2022-12-09 19:56:54.4111371 +0500 +05 m=+2250.695460501
09/12/2022 19:57:24 | expiredJobsCron() - getting expired jobs 2022-12-09 19:57:24.4137052 +0500 +05 m=+2280.698028601
09/12/2022 19:57:54 | expiredJobsCron() - getting expired jobs 2022-12-09 19:57:54.4089067 +0500 +05 m=+2310.693230101
09/12/2022 19:58:24 | expiredJobsCron() - getting expired jobs 2022-12-09 19:58:24.4095818 +0500 +05 m=+2340.693905201
09/12/2022 19:58:54 | expiredJobsCron() - getting expired jobs 2022-12-09 19:58:54.4205066 +0500 +05 m=+2370.704830001
09/12/2022 19:59:24 | expiredJobsCron() - getting expired jobs 2022-12-09 19:59:24.4119724 +0500 +05 m=+2400.696295801
09/12/2022 19:59:54 | expiredJobsCron() - getting expired jobs 2022-12-09 19:59:54.4238979 +0500 +05 m=+2430.708221301
09/12/2022 20:00:24 | expiredJobsCron() - getting expired jobs 2022-12-09 20:00:24.4204819 +0500 +05 m=+2460.704805301
09/12/2022 20:00:54 | expiredJobsCron() - getting expired jobs 2022-12-09 20:00:54.4235304 +0500 +05 m=+2490.707853801
09/12/2022 20:01:24 | expiredJobsCron() - getting expired jobs 2022-12-09 20:01:24.4196397 +0500 +05 m=+2520.703963101
09/12/2022 20:01:54 | expiredJobsCron() - getting expired jobs 2022-12-09 20:01:54.4105281 +0500 +05 m=+2550.694851501
09/12/2022 20:02:24 | expiredJobsCron() - getting expired jobs 2022-12-09 20:02:24.4092278 +0500 +05 m=+2580.693551201
09/12/2022 20:02:54 | expiredJobsCron() - getting expired jobs 2022-12-09 20:02:54.4119856 +0500 +05 m=+2610.696309001
09/12/2022 20:03:24 | expiredJobsCron() - getting expired jobs 2022-12-09 20:03:24.416596 +0500 +05 m=+2640.700919401
09/12/2022 20:03:54 | expiredJobsCron() - getting expired jobs 2022-12-09 20:03:54.409004 +0500 +05 m=+2670.693327401
09/12/2022 20:04:24 | expiredJobsCron() - getting expired jobs 2022-12-09 20:04:24.4097573 +0500 +05 m=+2700.694080701
09/12/2022 20:04:54 | expiredJobsCron() - getting expired jobs 2022-12-09 20:04:54.4169125 +0500 +05 m=+2730.701235901
09/12/2022 20:05:24 | expiredJobsCron() - getting expired jobs 2022-12-09 20:05:24.4087306 +0500 +05 m=+2760.693054001
09/12/2022 20:05:54 | expiredJobsCron() - getting expired jobs 2022-12-09 20:05:54.4137601 +0500 +05 m=+2790.698083501
09/12/2022 20:06:24 | expiredJobsCron() - getting expired jobs 2022-12-09 20:06:24.4144298 +0500 +05 m=+2820.698753201
09/12/2022 20:06:54 | expiredJobsCron() - getting expired jobs 2022-12-09 20:06:54.4116046 +0500 +05 m=+2850.695928001
09/12/2022 20:07:24 | expiredJobsCron() - getting expired jobs 2022-12-09 20:07:24.4120072 +0500 +05 m=+2880.696330601
09/12/2022 20:07:54 | expiredJobsCron() - getting expired jobs 2022-12-09 20:07:54.4224397 +0500 +05 m=+2910.706763101
09/12/2022 20:08:24 | expiredJobsCron() - getting expired jobs 2022-12-09 20:08:24.4188175 +0500 +05 m=+2940.703140901
09/12/2022 20:08:54 | expiredJobsCron() - getting expired jobs 2022-12-09 20:08:54.418034 +0500 +05 m=+2970.702357401
09/12/2022 20:09:24 | expiredJobsCron() - getting expired jobs 2022-12-09 20:09:24.4197181 +0500 +05 m=+3000.704041501
09/12/2022 20:09:54 | expiredJobsCron() - getting expired jobs 2022-12-09 20:09:54.4169575 +0500 +05 m=+3030.701280901
09/12/2022 20:10:24 | expiredJobsCron() - getting expired jobs 2022-12-09 20:10:24.4088195 +0500 +05 m=+3060.693142901
09/12/2022 20:10:54 | expiredJobsCron() - getting expired jobs 2022-12-09 20:10:54.4195986 +0500 +05 m=+3090.703922001
09/12/2022 20:11:24 | expiredJobsCron() - getting expired jobs 2022-12-09 20:11:24.4111071 +0500 +05 m=+3120.695430501
09/12/2022 20:11:54 | expiredJobsCron() - getting expired jobs 2022-12-09 20:11:54.4230322 +0500 +05 m=+3150.707355601
09/12/2022 20:12:24 | expiredJobsCron() - getting expired jobs 2022-12-09 20:12:24.4148867 +0500 +05 m=+3180.699210101
09/12/2022 20:12:54 | expiredJobsCron() - getting expired jobs 2022-12-09 20:12:54.4108241 +0500 +05 m=+3210.695147501
09/12/2022 20:13:24 | expiredJobsCron() - getting expired jobs 2022-12-09 20:13:24.4091927 +0500 +05 m=+3240.693516101
09/12/2022 20:13:54 | expiredJobsCron() - getting expired jobs 2022-12-09 20:13:54.4227051 +0500 +05 m=+3270.707028501
09/12/2022 20:14:24 | expiredJobsCron() - getting expired jobs 2022-12-09 20:14:24.4162534 +0500 +05 m=+3300.700576801
09/12/2022 20:14:54 | expiredJobsCron() - getting expired jobs 2022-12-09 20:14:54.4126642 +0500 +05 m=+3330.696987601
09/12/2022 20:15:24 | expiredJobsCron() - getting expired jobs 2022-12-09 20:15:24.4149784 +0500 +05 m=+3360.699301801
09/12/2022 20:15:54 | expiredJobsCron() - getting expired jobs 2022-12-09 20:15:54.4208906 +0500 +05 m=+3390.705214001
09/12/2022 20:16:24 | expiredJobsCron() - getting expired jobs 2022-12-09 20:16:24.4091702 +0500 +05 m=+3420.693493601
09/12/2022 20:16:54 | expiredJobsCron() - getting expired jobs 2022-12-09 20:16:54.4229014 +0500 +05 m=+3450.707224801
09/12/2022 20:17:24 | expiredJobsCron() - getting expired jobs 2022-12-09 20:17:24.420596 +0500 +05 m=+3480.704919401
09/12/2022 20:17:54 | expiredJobsCron() - getting expired jobs 2022-12-09 20:17:54.4158694 +0500 +05 m=+3510.700192801
09/12/2022 20:18:24 | expiredJobsCron() - getting expired jobs 2022-12-09 20:18:24.4218171 +0500 +05 m=+3540.706140501
09/12/2022 20:18:54 | expiredJobsCron() - getting expired jobs 2022-12-09 20:18:54.4107866 +0500 +05 m=+3570.695110001
09/12/2022 20:19:24 | expiredJobsCron() - getting expired jobs 2022-12-09 20:19:24.4115174 +0500 +05 m=+3600.695840801
09/12/2022 20:19:54 | expiredJobsCron() - getting expired jobs 2022-12-09 20:19:54.4099591 +0500 +05 m=+3630.694282501
09/12/2022 20:20:24 | expiredJobsCron() - getting expired jobs 2022-12-09 20:20:24.4227709 +0500 +05 m=+3660.707094301
09/12/2022 20:20:54 | expiredJobsCron() - getting expired jobs 2022-12-09 20:20:54.4182991 +0500 +05 m=+3690.702622501
09/12/2022 20:21:24 | expiredJobsCron() - getting expired jobs 2022-12-09 20:21:24.4098447 +0500 +05 m=+3720.694168101
09/12/2022 20:21:54 | expiredJobsCron() - getting expired jobs 2022-12-09 20:21:54.4130029 +0500 +05 m=+3750.697326301
09/12/2022 20:22:24 | expiredJobsCron() - getting expired jobs 2022-12-09 20:22:24.4148791 +0500 +05 m=+3780.699202501
09/12/2022 20:22:54 | expiredJobsCron() - getting expired jobs 2022-12-09 20:22:54.4171313 +0500 +05 m=+3810.701454701
09/12/2022 20:23:24 | expiredJobsCron() - getting expired jobs 2022-12-09 20:23:24.4168425 +0500 +05 m=+3840.701165901
09/12/2022 20:23:54 | expiredJobsCron() - getting expired jobs 2022-12-09 20:23:54.4150002 +0500 +05 m=+3870.699323601
09/12/2022 20:24:24 | expiredJobsCron() - getting expired jobs 2022-12-09 20:24:24.4115182 +0500 +05 m=+3900.695841601
09/12/2022 20:24:54 | expiredJobsCron() - getting expired jobs 2022-12-09 20:24:54.4215541 +0500 +05 m=+3930.705877501
09/12/2022 20:25:24 | expiredJobsCron() - getting expired jobs 2022-12-09 20:25:24.4161496 +0500 +05 m=+3960.700473001
09/12/2022 20:25:54 | expiredJobsCron() - getting expired jobs 2022-12-09 20:25:54.4160494 +0500 +05 m=+3990.700372801
09/12/2022 20:26:24 | expiredJobsCron() - getting expired jobs 2022-12-09 20:26:24.4229019 +0500 +05 m=+4020.707225301
09/12/2022 20:26:54 | expiredJobsCron() - getting expired jobs 2022-12-09 20:26:54.4201642 +0500 +05 m=+4050.704487601
09/12/2022 20:27:24 | expiredJobsCron() - getting expired jobs 2022-12-09 20:27:24.4207746 +0500 +05 m=+4080.705098001
09/12/2022 20:27:54 | expiredJobsCron() - getting expired jobs 2022-12-09 20:27:54.4137787 +0500 +05 m=+4110.698102101
09/12/2022 20:28:24 | expiredJobsCron() - getting expired jobs 2022-12-09 20:28:24.4287367 +0500 +05 m=+4140.713060101
09/12/2022 20:28:54 | expiredJobsCron() - getting expired jobs 2022-12-09 20:28:54.4128592 +0500 +05 m=+4170.697182601
09/12/2022 20:35:50 | channelCron() - Started at: 2022-12-09 20:35:50.9421276 +0500 +05 m=+0.679531401
09/12/2022 20:35:50 | AddListener() - `discount_removed` listener added
09/12/2022 20:35:50 | AddListener() - `add_discount` listener added
09/12/2022 20:35:50 | AddListener() - `auction_finished` listener added
09/12/2022 20:35:50 | AddListener() - `auction_removed` listener added
09/12/2022 20:35:50 | AddListener() - `permission_started` listener added
09/12/2022 20:35:50 | AddListener() - `permission_ended` listener added
09/12/2022 20:36:20 | expiredJobsCron() - getting expired jobs 2022-12-09 20:36:20.9465638 +0500 +05 m=+30.683967601
09/12/2022 20:36:50 | expiredJobsCron() - getting expired jobs 2022-12-09 20:36:50.9546275 +0500 +05 m=+60.692031301
09/12/2022 20:37:15 | AddListener() - `discount_removed` listener added
09/12/2022 20:37:15 | AddListener() - `add_discount` listener added
09/12/2022 20:37:15 | AddListener() - `auction_finished` listener added
09/12/2022 20:37:15 | AddListener() - `auction_removed` listener added
09/12/2022 20:37:15 | AddListener() - `permission_started` listener added
09/12/2022 20:37:15 | AddListener() - `permission_ended` listener added
09/12/2022 20:37:15 | channelCron() - Started at: 2022-12-09 20:37:15.3789489 +0500 +05 m=+0.683389601
09/12/2022 20:37:45 | expiredJobsCron() - getting expired jobs 2022-12-09 20:37:45.3862354 +0500 +05 m=+30.690676101
09/12/2022 20:38:15 | expiredJobsCron() - getting expired jobs 2022-12-09 20:38:15.3904021 +0500 +05 m=+60.694842801
09/12/2022 20:38:45 | expiredJobsCron() - getting expired jobs 2022-12-09 20:38:45.385619 +0500 +05 m=+90.690059701
09/12/2022 20:39:15 | expiredJobsCron() - getting expired jobs 2022-12-09 20:39:15.3830324 +0500 +05 m=+120.687473101
09/12/2022 20:39:45 | expiredJobsCron() - getting expired jobs 2022-12-09 20:39:45.384566 +0500 +05 m=+150.689006701
09/12/2022 20:40:15 | expiredJobsCron() - getting expired jobs 2022-12-09 20:40:15.3798773 +0500 +05 m=+180.684318001
09/12/2022 20:40:45 | expiredJobsCron() - getting expired jobs 2022-12-09 20:40:45.3834458 +0500 +05 m=+210.687886501
09/12/2022 20:41:15 | expiredJobsCron() - getting expired jobs 2022-12-09 20:41:15.3857505 +0500 +05 m=+240.690191201
09/12/2022 20:41:45 | expiredJobsCron() - getting expired jobs 2022-12-09 20:41:45.3930943 +0500 +05 m=+270.697535001
09/12/2022 20:42:15 | expiredJobsCron() - getting expired jobs 2022-12-09 20:42:15.3814218 +0500 +05 m=+300.685862501
09/12/2022 20:42:45 | expiredJobsCron() - getting expired jobs 2022-12-09 20:42:45.3849083 +0500 +05 m=+330.689349001
09/12/2022 20:43:15 | expiredJobsCron() - getting expired jobs 2022-12-09 20:43:15.3919206 +0500 +05 m=+360.696361301
09/12/2022 20:43:45 | expiredJobsCron() - getting expired jobs 2022-12-09 20:43:45.3828138 +0500 +05 m=+390.687254501
09/12/2022 20:44:15 | expiredJobsCron() - getting expired jobs 2022-12-09 20:44:15.3820365 +0500 +05 m=+420.686477201
09/12/2022 20:44:45 | expiredJobsCron() - getting expired jobs 2022-12-09 20:44:45.3824013 +0500 +05 m=+450.686842001
09/12/2022 20:45:15 | expiredJobsCron() - getting expired jobs 2022-12-09 20:45:15.3837648 +0500 +05 m=+480.688205501
09/12/2022 20:45:45 | expiredJobsCron() - getting expired jobs 2022-12-09 20:45:45.3806182 +0500 +05 m=+510.685058901
09/12/2022 20:46:15 | expiredJobsCron() - getting expired jobs 2022-12-09 20:46:15.3887154 +0500 +05 m=+540.693156101
09/12/2022 20:46:45 | expiredJobsCron() - getting expired jobs 2022-12-09 20:46:45.3911732 +0500 +05 m=+570.695613901
09/12/2022 20:47:15 | expiredJobsCron() - getting expired jobs 2022-12-09 20:47:15.3876355 +0500 +05 m=+600.692076201
09/12/2022 20:47:45 | expiredJobsCron() - getting expired jobs 2022-12-09 20:47:45.3813993 +0500 +05 m=+630.685840001
09/12/2022 20:48:15 | expiredJobsCron() - getting expired jobs 2022-12-09 20:48:15.3832075 +0500 +05 m=+660.687648201
09/12/2022 20:48:45 | expiredJobsCron() - getting expired jobs 2022-12-09 20:48:45.3797821 +0500 +05 m=+690.684222801
09/12/2022 20:49:15 | expiredJobsCron() - getting expired jobs 2022-12-09 20:49:15.3848444 +0500 +05 m=+720.689285101
09/12/2022 20:49:45 | expiredJobsCron() - getting expired jobs 2022-12-09 20:49:45.3904693 +0500 +05 m=+750.694910001
